The system is: Darwin - 21.4.0 - arm64
Compiling the C compiler identification source file "CMakeCCompilerId.c" succeeded.
Compiler: /usr/bin/cc 
Build flags: ;-ffunction-sections;-fdata-sections;-fPIC;-arch;arm64
Id flags:  

The output was:
0


Compilation of the C compiler identification source "CMakeCCompilerId.c" produced "a.out"

The C compiler identification is AppleClang, found in "/Users/macbookair/Desktop/Projects/copycat/copycat/popup/popup/target/debug/build/fltk-sys-7f240e83d61d99b2/out/build/CMakeFiles/3.23.3/CompilerIdC/a.out"

Compiling the CXX compiler identification source file "CMakeCXXCompilerId.cpp" succeeded.
Compiler: /usr/bin/c++ 
Build flags: ;-ffunction-sections;-fdata-sections;-fPIC;-arch;arm64
Id flags:  

The output was:
0


Compilation of the CXX compiler identification source "CMakeCXXCompilerId.cpp" produced "a.out"

The CXX compiler identification is AppleClang, found in "/Users/macbookair/Desktop/Projects/copycat/copycat/popup/popup/target/debug/build/fltk-sys-7f240e83d61d99b2/out/build/CMakeFiles/3.23.3/CompilerIdCXX/a.out"

Detecting C compiler ABI info compiled with the following output:
Change Dir: /Users/macbookair/Desktop/Projects/copycat/copycat/popup/popup/target/debug/build/fltk-sys-7f240e83d61d99b2/out/build/CMakeFiles/CMakeTmp

Run Build Command(s):/usr/bin/make -f Makefile cmTC_96e51/fast && /Applications/Xcode.app/Contents/Developer/usr/bin/make  -f CMakeFiles/cmTC_96e51.dir/build.make CMakeFiles/cmTC_96e51.dir/build
Building C object CMakeFiles/cmTC_96e51.dir/CMakeCCompilerABI.c.o
/usr/bin/cc   -ffunction-sections -fdata-sections -fPIC -arch arm64  -arch arm64 -isysroot /Applications/Xcode.app/Contents/Developer/Platforms/MacOSX.platform/Developer/SDKs/MacOSX12.3.sdk   -v -Wl,-v -MD -MT CMakeFiles/cmTC_96e51.dir/CMakeCCompilerABI.c.o -MF CMakeFiles/cmTC_96e51.dir/CMakeCCompilerABI.c.o.d -o CMakeFiles/cmTC_96e51.dir/CMakeCCompilerABI.c.o -c /opt/homebrew/Cellar/cmake/3.23.3/share/cmake/Modules/CMakeCCompilerABI.c
Apple clang version 13.1.6 (clang-1316.0.21.2.5)
Target: arm64-apple-darwin21.4.0
Thread model: posix
InstalledDir: /Applications/Xcode.app/Contents/Developer/Toolchains/XcodeDefault.xctoolchain/usr/bin
clang: warning: -Wl,-v: 'linker' input unused [-Wunused-command-line-argument]
 "/Applications/Xcode.app/Contents/Developer/Toolchains/XcodeDefault.xctoolchain/usr/bin/clang" -cc1 -triple arm64-apple-macosx12.0.0 -Wundef-prefix=TARGET_OS_ -Wdeprecated-objc-isa-usage -Werror=deprecated-objc-isa-usage -Werror=implicit-function-declaration -emit-obj -mrelax-all --mrelax-relocations -disable-free -disable-llvm-verifier -discard-value-names -main-file-name CMakeCCompilerABI.c -mrelocation-model pic -pic-level 2 -mframe-pointer=non-leaf -fno-strict-return -fno-rounding-math -munwind-tables -target-sdk-version=12.3 -fvisibility-inlines-hidden-static-local-var -target-cpu apple-m1 -target-feature +v8.5a -target-feature +fp-armv8 -target-feature +neon -target-feature +crc -target-feature +crypto -target-feature +dotprod -target-feature +fp16fml -target-feature +ras -target-feature +lse -target-feature +rdm -target-feature +rcpc -target-feature +zcm -target-feature +zcz -target-feature +fullfp16 -target-feature +sm4 -target-feature +sha3 -target-feature +sha2 -target-feature +aes -target-abi darwinpcs -fallow-half-arguments-and-returns -debugger-tuning=lldb -target-linker-version 763 -v -ffunction-sections -fdata-sections -resource-dir /Applications/Xcode.app/Contents/Developer/Toolchains/XcodeDefault.xctoolchain/usr/lib/clang/13.1.6 -dependency-file CMakeFiles/cmTC_96e51.dir/CMakeCCompilerABI.c.o.d -skip-unused-modulemap-deps -MT CMakeFiles/cmTC_96e51.dir/CMakeCCompilerABI.c.o -sys-header-deps -isysroot /Applications/Xcode.app/Contents/Developer/Platforms/MacOSX.platform/Developer/SDKs/MacOSX12.3.sdk -internal-isystem /Applications/Xcode.app/Contents/Developer/Platforms/MacOSX.platform/Developer/SDKs/MacOSX12.3.sdk/usr/local/include -internal-isystem /Applications/Xcode.app/Contents/Developer/Toolchains/XcodeDefault.xctoolchain/usr/lib/clang/13.1.6/include -internal-externc-isystem /Applications/Xcode.app/Contents/Developer/Platforms/MacOSX.platform/Developer/SDKs/MacOSX12.3.sdk/usr/include -internal-externc-isystem /Applications/Xcode.app/Contents/Developer/Toolchains/XcodeDefault.xctoolchain/usr/include -Wno-reorder-init-list -Wno-implicit-int-float-conversion -Wno-c99-designator -Wno-final-dtor-non-final-class -Wno-extra-semi-stmt -Wno-misleading-indentation -Wno-quoted-include-in-framework-header -Wno-implicit-fallthrough -Wno-enum-enum-conversion -Wno-enum-float-conversion -Wno-elaborated-enum-base -Wno-reserved-identifier -Wno-gnu-folding-constant -Wno-objc-load-method -fdebug-compilation-dir=/Users/macbookair/Desktop/Projects/copycat/copycat/popup/popup/target/debug/build/fltk-sys-7f240e83d61d99b2/out/build/CMakeFiles/CMakeTmp -ferror-limit 19 -stack-protector 1 -fstack-check -mdarwin-stkchk-strong-link -fblocks -fencode-extended-block-signature -fregister-global-dtors-with-atexit -fgnuc-version=4.2.1 -fmax-type-align=16 -fcommon -clang-vendor-feature=+messageToSelfInClassMethodIdReturnType -clang-vendor-feature=+disableInferNewAvailabilityFromInit -clang-vendor-feature=+disableNonDependentMemberExprInCurrentInstantiation -fno-odr-hash-protocols -clang-vendor-feature=+enableAggressiveVLAFolding -clang-vendor-feature=+revert09abecef7bbf -clang-vendor-feature=+thisNoAlignAttr -clang-vendor-feature=+thisNoNullAttr -mllvm -disable-aligned-alloc-awareness=1 -D__GCC_HAVE_DWARF2_CFI_ASM=1 -o CMakeFiles/cmTC_96e51.dir/CMakeCCompilerABI.c.o -x c /opt/homebrew/Cellar/cmake/3.23.3/share/cmake/Modules/CMakeCCompilerABI.c
clang -cc1 version 13.1.6 (clang-1316.0.21.2.5) default target arm64-apple-darwin21.4.0
ignoring nonexistent directory "/Applications/Xcode.app/Contents/Developer/Platforms/MacOSX.platform/Developer/SDKs/MacOSX12.3.sdk/usr/local/include"
ignoring nonexistent directory "/Applications/Xcode.app/Contents/Developer/Platforms/MacOSX.platform/Developer/SDKs/MacOSX12.3.sdk/Library/Frameworks"
#include "..." search starts here:
#include <...> search starts here:
 /Applications/Xcode.app/Contents/Developer/Toolchains/XcodeDefault.xctoolchain/usr/lib/clang/13.1.6/include
 /Applications/Xcode.app/Contents/Developer/Platforms/MacOSX.platform/Developer/SDKs/MacOSX12.3.sdk/usr/include
 /Applications/Xcode.app/Contents/Developer/Toolchains/XcodeDefault.xctoolchain/usr/include
 /Applications/Xcode.app/Contents/Developer/Platforms/MacOSX.platform/Developer/SDKs/MacOSX12.3.sdk/System/Library/Frameworks (framework directory)
End of search list.
Linking C executable cmTC_96e51
/opt/homebrew/Cellar/cmake/3.23.3/bin/cmake -E cmake_link_script CMakeFiles/cmTC_96e51.dir/link.txt --verbose=1
/usr/bin/cc  -ffunction-sections -fdata-sections -fPIC -arch arm64  -arch arm64 -isysroot /Applications/Xcode.app/Contents/Developer/Platforms/MacOSX.platform/Developer/SDKs/MacOSX12.3.sdk -Wl,-search_paths_first -Wl,-headerpad_max_install_names  -v -Wl,-v CMakeFiles/cmTC_96e51.dir/CMakeCCompilerABI.c.o -o cmTC_96e51 
Apple clang version 13.1.6 (clang-1316.0.21.2.5)
Target: arm64-apple-darwin21.4.0
Thread model: posix
InstalledDir: /Applications/Xcode.app/Contents/Developer/Toolchains/XcodeDefault.xctoolchain/usr/bin
 "/Applications/Xcode.app/Contents/Developer/Toolchains/XcodeDefault.xctoolchain/usr/bin/ld" -demangle -lto_library /Applications/Xcode.app/Contents/Developer/Toolchains/XcodeDefault.xctoolchain/usr/lib/libLTO.dylib -dynamic -arch arm64 -platform_version macos 12.0.0 12.3 -syslibroot /Applications/Xcode.app/Contents/Developer/Platforms/MacOSX.platform/Developer/SDKs/MacOSX12.3.sdk -o cmTC_96e51 -search_paths_first -headerpad_max_install_names -v CMakeFiles/cmTC_96e51.dir/CMakeCCompilerABI.c.o -lSystem /Applications/Xcode.app/Contents/Developer/Toolchains/XcodeDefault.xctoolchain/usr/lib/clang/13.1.6/lib/darwin/libclang_rt.osx.a
@(#)PROGRAM:ld  PROJECT:ld64-764
BUILD 11:29:07 May 17 2022
configured to support archs: armv6 armv7 armv7s arm64 arm64e arm64_32 i386 x86_64 x86_64h armv6m armv7k armv7m armv7em
Library search paths:
	/Applications/Xcode.app/Contents/Developer/Platforms/MacOSX.platform/Developer/SDKs/MacOSX12.3.sdk/usr/lib
Framework search paths:
	/Applications/Xcode.app/Contents/Developer/Platforms/MacOSX.platform/Developer/SDKs/MacOSX12.3.sdk/System/Library/Frameworks/



Parsed C implicit include dir info from above output: rv=done
  found start of include info
  found start of implicit include info
    add: [/Applications/Xcode.app/Contents/Developer/Toolchains/XcodeDefault.xctoolchain/usr/lib/clang/13.1.6/include]
    add: [/Applications/Xcode.app/Contents/Developer/Platforms/MacOSX.platform/Developer/SDKs/MacOSX12.3.sdk/usr/include]
    add: [/Applications/Xcode.app/Contents/Developer/Toolchains/XcodeDefault.xctoolchain/usr/include]
  end of search list found
  collapse include dir [/Applications/Xcode.app/Contents/Developer/Toolchains/XcodeDefault.xctoolchain/usr/lib/clang/13.1.6/include] ==> [/Applications/Xcode.app/Contents/Developer/Toolchains/XcodeDefault.xctoolchain/usr/lib/clang/13.1.6/include]
  collapse include dir [/Applications/Xcode.app/Contents/Developer/Platforms/MacOSX.platform/Developer/SDKs/MacOSX12.3.sdk/usr/include] ==> [/Applications/Xcode.app/Contents/Developer/Platforms/MacOSX.platform/Developer/SDKs/MacOSX12.3.sdk/usr/include]
  collapse include dir [/Applications/Xcode.app/Contents/Developer/Toolchains/XcodeDefault.xctoolchain/usr/include] ==> [/Applications/Xcode.app/Contents/Developer/Toolchains/XcodeDefault.xctoolchain/usr/include]
  implicit include dirs: [/Applications/Xcode.app/Contents/Developer/Toolchains/XcodeDefault.xctoolchain/usr/lib/clang/13.1.6/include;/Applications/Xcode.app/Contents/Developer/Platforms/MacOSX.platform/Developer/SDKs/MacOSX12.3.sdk/usr/include;/Applications/Xcode.app/Contents/Developer/Toolchains/XcodeDefault.xctoolchain/usr/include]


Parsed C implicit link information from above output:
  link line regex: [^( *|.*[/\])(ld|CMAKE_LINK_STARTFILE-NOTFOUND|([^/\]+-)?ld|collect2)[^/\]*( |$)]
  ignore line: [Change Dir: /Users/macbookair/Desktop/Projects/copycat/copycat/popup/popup/target/debug/build/fltk-sys-7f240e83d61d99b2/out/build/CMakeFiles/CMakeTmp]
  ignore line: []
  ignore line: [Run Build Command(s):/usr/bin/make -f Makefile cmTC_96e51/fast && /Applications/Xcode.app/Contents/Developer/usr/bin/make  -f CMakeFiles/cmTC_96e51.dir/build.make CMakeFiles/cmTC_96e51.dir/build]
  ignore line: [Building C object CMakeFiles/cmTC_96e51.dir/CMakeCCompilerABI.c.o]
  ignore line: [/usr/bin/cc   -ffunction-sections -fdata-sections -fPIC -arch arm64  -arch arm64 -isysroot /Applications/Xcode.app/Contents/Developer/Platforms/MacOSX.platform/Developer/SDKs/MacOSX12.3.sdk   -v -Wl -v -MD -MT CMakeFiles/cmTC_96e51.dir/CMakeCCompilerABI.c.o -MF CMakeFiles/cmTC_96e51.dir/CMakeCCompilerABI.c.o.d -o CMakeFiles/cmTC_96e51.dir/CMakeCCompilerABI.c.o -c /opt/homebrew/Cellar/cmake/3.23.3/share/cmake/Modules/CMakeCCompilerABI.c]
  ignore line: [Apple clang version 13.1.6 (clang-1316.0.21.2.5)]
  ignore line: [Target: arm64-apple-darwin21.4.0]
  ignore line: [Thread model: posix]
  ignore line: [InstalledDir: /Applications/Xcode.app/Contents/Developer/Toolchains/XcodeDefault.xctoolchain/usr/bin]
  ignore line: [clang: warning: -Wl -v: 'linker' input unused [-Wunused-command-line-argument]]
  ignore line: [ "/Applications/Xcode.app/Contents/Developer/Toolchains/XcodeDefault.xctoolchain/usr/bin/clang" -cc1 -triple arm64-apple-macosx12.0.0 -Wundef-prefix=TARGET_OS_ -Wdeprecated-objc-isa-usage -Werror=deprecated-objc-isa-usage -Werror=implicit-function-declaration -emit-obj -mrelax-all --mrelax-relocations -disable-free -disable-llvm-verifier -discard-value-names -main-file-name CMakeCCompilerABI.c -mrelocation-model pic -pic-level 2 -mframe-pointer=non-leaf -fno-strict-return -fno-rounding-math -munwind-tables -target-sdk-version=12.3 -fvisibility-inlines-hidden-static-local-var -target-cpu apple-m1 -target-feature +v8.5a -target-feature +fp-armv8 -target-feature +neon -target-feature +crc -target-feature +crypto -target-feature +dotprod -target-feature +fp16fml -target-feature +ras -target-feature +lse -target-feature +rdm -target-feature +rcpc -target-feature +zcm -target-feature +zcz -target-feature +fullfp16 -target-feature +sm4 -target-feature +sha3 -target-feature +sha2 -target-feature +aes -target-abi darwinpcs -fallow-half-arguments-and-returns -debugger-tuning=lldb -target-linker-version 763 -v -ffunction-sections -fdata-sections -resource-dir /Applications/Xcode.app/Contents/Developer/Toolchains/XcodeDefault.xctoolchain/usr/lib/clang/13.1.6 -dependency-file CMakeFiles/cmTC_96e51.dir/CMakeCCompilerABI.c.o.d -skip-unused-modulemap-deps -MT CMakeFiles/cmTC_96e51.dir/CMakeCCompilerABI.c.o -sys-header-deps -isysroot /Applications/Xcode.app/Contents/Developer/Platforms/MacOSX.platform/Developer/SDKs/MacOSX12.3.sdk -internal-isystem /Applications/Xcode.app/Contents/Developer/Platforms/MacOSX.platform/Developer/SDKs/MacOSX12.3.sdk/usr/local/include -internal-isystem /Applications/Xcode.app/Contents/Developer/Toolchains/XcodeDefault.xctoolchain/usr/lib/clang/13.1.6/include -internal-externc-isystem /Applications/Xcode.app/Contents/Developer/Platforms/MacOSX.platform/Developer/SDKs/MacOSX12.3.sdk/usr/include -internal-externc-isystem /Applications/Xcode.app/Contents/Developer/Toolchains/XcodeDefault.xctoolchain/usr/include -Wno-reorder-init-list -Wno-implicit-int-float-conversion -Wno-c99-designator -Wno-final-dtor-non-final-class -Wno-extra-semi-stmt -Wno-misleading-indentation -Wno-quoted-include-in-framework-header -Wno-implicit-fallthrough -Wno-enum-enum-conversion -Wno-enum-float-conversion -Wno-elaborated-enum-base -Wno-reserved-identifier -Wno-gnu-folding-constant -Wno-objc-load-method -fdebug-compilation-dir=/Users/macbookair/Desktop/Projects/copycat/copycat/popup/popup/target/debug/build/fltk-sys-7f240e83d61d99b2/out/build/CMakeFiles/CMakeTmp -ferror-limit 19 -stack-protector 1 -fstack-check -mdarwin-stkchk-strong-link -fblocks -fencode-extended-block-signature -fregister-global-dtors-with-atexit -fgnuc-version=4.2.1 -fmax-type-align=16 -fcommon -clang-vendor-feature=+messageToSelfInClassMethodIdReturnType -clang-vendor-feature=+disableInferNewAvailabilityFromInit -clang-vendor-feature=+disableNonDependentMemberExprInCurrentInstantiation -fno-odr-hash-protocols -clang-vendor-feature=+enableAggressiveVLAFolding -clang-vendor-feature=+revert09abecef7bbf -clang-vendor-feature=+thisNoAlignAttr -clang-vendor-feature=+thisNoNullAttr -mllvm -disable-aligned-alloc-awareness=1 -D__GCC_HAVE_DWARF2_CFI_ASM=1 -o CMakeFiles/cmTC_96e51.dir/CMakeCCompilerABI.c.o -x c /opt/homebrew/Cellar/cmake/3.23.3/share/cmake/Modules/CMakeCCompilerABI.c]
  ignore line: [clang -cc1 version 13.1.6 (clang-1316.0.21.2.5) default target arm64-apple-darwin21.4.0]
  ignore line: [ignoring nonexistent directory "/Applications/Xcode.app/Contents/Developer/Platforms/MacOSX.platform/Developer/SDKs/MacOSX12.3.sdk/usr/local/include"]
  ignore line: [ignoring nonexistent directory "/Applications/Xcode.app/Contents/Developer/Platforms/MacOSX.platform/Developer/SDKs/MacOSX12.3.sdk/Library/Frameworks"]
  ignore line: [#include "..." search starts here:]
  ignore line: [#include <...> search starts here:]
  ignore line: [ /Applications/Xcode.app/Contents/Developer/Toolchains/XcodeDefault.xctoolchain/usr/lib/clang/13.1.6/include]
  ignore line: [ /Applications/Xcode.app/Contents/Developer/Platforms/MacOSX.platform/Developer/SDKs/MacOSX12.3.sdk/usr/include]
  ignore line: [ /Applications/Xcode.app/Contents/Developer/Toolchains/XcodeDefault.xctoolchain/usr/include]
  ignore line: [ /Applications/Xcode.app/Contents/Developer/Platforms/MacOSX.platform/Developer/SDKs/MacOSX12.3.sdk/System/Library/Frameworks (framework directory)]
  ignore line: [End of search list.]
  ignore line: [Linking C executable cmTC_96e51]
  ignore line: [/opt/homebrew/Cellar/cmake/3.23.3/bin/cmake -E cmake_link_script CMakeFiles/cmTC_96e51.dir/link.txt --verbose=1]
  ignore line: [/usr/bin/cc  -ffunction-sections -fdata-sections -fPIC -arch arm64  -arch arm64 -isysroot /Applications/Xcode.app/Contents/Developer/Platforms/MacOSX.platform/Developer/SDKs/MacOSX12.3.sdk -Wl -search_paths_first -Wl -headerpad_max_install_names  -v -Wl -v CMakeFiles/cmTC_96e51.dir/CMakeCCompilerABI.c.o -o cmTC_96e51 ]
  ignore line: [Apple clang version 13.1.6 (clang-1316.0.21.2.5)]
  ignore line: [Target: arm64-apple-darwin21.4.0]
  ignore line: [Thread model: posix]
  ignore line: [InstalledDir: /Applications/Xcode.app/Contents/Developer/Toolchains/XcodeDefault.xctoolchain/usr/bin]
  link line: [ "/Applications/Xcode.app/Contents/Developer/Toolchains/XcodeDefault.xctoolchain/usr/bin/ld" -demangle -lto_library /Applications/Xcode.app/Contents/Developer/Toolchains/XcodeDefault.xctoolchain/usr/lib/libLTO.dylib -dynamic -arch arm64 -platform_version macos 12.0.0 12.3 -syslibroot /Applications/Xcode.app/Contents/Developer/Platforms/MacOSX.platform/Developer/SDKs/MacOSX12.3.sdk -o cmTC_96e51 -search_paths_first -headerpad_max_install_names -v CMakeFiles/cmTC_96e51.dir/CMakeCCompilerABI.c.o -lSystem /Applications/Xcode.app/Contents/Developer/Toolchains/XcodeDefault.xctoolchain/usr/lib/clang/13.1.6/lib/darwin/libclang_rt.osx.a]
    arg [/Applications/Xcode.app/Contents/Developer/Toolchains/XcodeDefault.xctoolchain/usr/bin/ld] ==> ignore
    arg [-demangle] ==> ignore
    arg [-lto_library] ==> ignore, skip following value
    arg [/Applications/Xcode.app/Contents/Developer/Toolchains/XcodeDefault.xctoolchain/usr/lib/libLTO.dylib] ==> skip value of -lto_library
    arg [-dynamic] ==> ignore
    arg [-arch] ==> ignore
    arg [arm64] ==> ignore
    arg [-platform_version] ==> ignore
    arg [macos] ==> ignore
    arg [12.0.0] ==> ignore
    arg [12.3] ==> ignore
    arg [-syslibroot] ==> ignore
    arg [/Applications/Xcode.app/Contents/Developer/Platforms/MacOSX.platform/Developer/SDKs/MacOSX12.3.sdk] ==> ignore
    arg [-o] ==> ignore
    arg [cmTC_96e51] ==> ignore
    arg [-search_paths_first] ==> ignore
    arg [-headerpad_max_install_names] ==> ignore
    arg [-v] ==> ignore
    arg [CMakeFiles/cmTC_96e51.dir/CMakeCCompilerABI.c.o] ==> ignore
    arg [-lSystem] ==> lib [System]
    arg [/Applications/Xcode.app/Contents/Developer/Toolchains/XcodeDefault.xctoolchain/usr/lib/clang/13.1.6/lib/darwin/libclang_rt.osx.a] ==> lib [/Applications/Xcode.app/Contents/Developer/Toolchains/XcodeDefault.xctoolchain/usr/lib/clang/13.1.6/lib/darwin/libclang_rt.osx.a]
  Library search paths: [;/Applications/Xcode.app/Contents/Developer/Platforms/MacOSX.platform/Developer/SDKs/MacOSX12.3.sdk/usr/lib]
  Framework search paths: [;/Applications/Xcode.app/Contents/Developer/Platforms/MacOSX.platform/Developer/SDKs/MacOSX12.3.sdk/System/Library/Frameworks/]
  remove lib [System]
  remove lib [/Applications/Xcode.app/Contents/Developer/Toolchains/XcodeDefault.xctoolchain/usr/lib/clang/13.1.6/lib/darwin/libclang_rt.osx.a]
  collapse library dir [/Applications/Xcode.app/Contents/Developer/Platforms/MacOSX.platform/Developer/SDKs/MacOSX12.3.sdk/usr/lib] ==> [/Applications/Xcode.app/Contents/Developer/Platforms/MacOSX.platform/Developer/SDKs/MacOSX12.3.sdk/usr/lib]
  collapse framework dir [/Applications/Xcode.app/Contents/Developer/Platforms/MacOSX.platform/Developer/SDKs/MacOSX12.3.sdk/System/Library/Frameworks/] ==> [/Applications/Xcode.app/Contents/Developer/Platforms/MacOSX.platform/Developer/SDKs/MacOSX12.3.sdk/System/Library/Frameworks]
  implicit libs: []
  implicit objs: []
  implicit dirs: [/Applications/Xcode.app/Contents/Developer/Platforms/MacOSX.platform/Developer/SDKs/MacOSX12.3.sdk/usr/lib]
  implicit fwks: [/Applications/Xcode.app/Contents/Developer/Platforms/MacOSX.platform/Developer/SDKs/MacOSX12.3.sdk/System/Library/Frameworks]


Detecting CXX compiler ABI info compiled with the following output:
Change Dir: /Users/macbookair/Desktop/Projects/copycat/copycat/popup/popup/target/debug/build/fltk-sys-7f240e83d61d99b2/out/build/CMakeFiles/CMakeTmp

Run Build Command(s):/usr/bin/make -f Makefile cmTC_551b8/fast && /Applications/Xcode.app/Contents/Developer/usr/bin/make  -f CMakeFiles/cmTC_551b8.dir/build.make CMakeFiles/cmTC_551b8.dir/build
Building CXX object CMakeFiles/cmTC_551b8.dir/CMakeCXXCompilerABI.cpp.o
/usr/bin/c++   -ffunction-sections -fdata-sections -fPIC -arch arm64  -arch arm64 -isysroot /Applications/Xcode.app/Contents/Developer/Platforms/MacOSX.platform/Developer/SDKs/MacOSX12.3.sdk   -v -Wl,-v -MD -MT CMakeFiles/cmTC_551b8.dir/CMakeCXXCompilerABI.cpp.o -MF CMakeFiles/cmTC_551b8.dir/CMakeCXXCompilerABI.cpp.o.d -o CMakeFiles/cmTC_551b8.dir/CMakeCXXCompilerABI.cpp.o -c /opt/homebrew/Cellar/cmake/3.23.3/share/cmake/Modules/CMakeCXXCompilerABI.cpp
Apple clang version 13.1.6 (clang-1316.0.21.2.5)
Target: arm64-apple-darwin21.4.0
Thread model: posix
InstalledDir: /Applications/Xcode.app/Contents/Developer/Toolchains/XcodeDefault.xctoolchain/usr/bin
clang: warning: -Wl,-v: 'linker' input unused [-Wunused-command-line-argument]
 "/Applications/Xcode.app/Contents/Developer/Toolchains/XcodeDefault.xctoolchain/usr/bin/clang" -cc1 -triple arm64-apple-macosx12.0.0 -Wundef-prefix=TARGET_OS_ -Wdeprecated-objc-isa-usage -Werror=deprecated-objc-isa-usage -Werror=implicit-function-declaration -emit-obj -mrelax-all --mrelax-relocations -disable-free -disable-llvm-verifier -discard-value-names -main-file-name CMakeCXXCompilerABI.cpp -mrelocation-model pic -pic-level 2 -mframe-pointer=non-leaf -fno-strict-return -fno-rounding-math -munwind-tables -target-sdk-version=12.3 -fvisibility-inlines-hidden-static-local-var -target-cpu apple-m1 -target-feature +v8.5a -target-feature +fp-armv8 -target-feature +neon -target-feature +crc -target-feature +crypto -target-feature +dotprod -target-feature +fp16fml -target-feature +ras -target-feature +lse -target-feature +rdm -target-feature +rcpc -target-feature +zcm -target-feature +zcz -target-feature +fullfp16 -target-feature +sm4 -target-feature +sha3 -target-feature +sha2 -target-feature +aes -target-abi darwinpcs -fallow-half-arguments-and-returns -debugger-tuning=lldb -target-linker-version 763 -v -ffunction-sections -fdata-sections -resource-dir /Applications/Xcode.app/Contents/Developer/Toolchains/XcodeDefault.xctoolchain/usr/lib/clang/13.1.6 -dependency-file CMakeFiles/cmTC_551b8.dir/CMakeCXXCompilerABI.cpp.o.d -skip-unused-modulemap-deps -MT CMakeFiles/cmTC_551b8.dir/CMakeCXXCompilerABI.cpp.o -sys-header-deps -isysroot /Applications/Xcode.app/Contents/Developer/Platforms/MacOSX.platform/Developer/SDKs/MacOSX12.3.sdk -stdlib=libc++ -internal-isystem /Applications/Xcode.app/Contents/Developer/Platforms/MacOSX.platform/Developer/SDKs/MacOSX12.3.sdk/usr/include/c++/v1 -internal-isystem /Applications/Xcode.app/Contents/Developer/Platforms/MacOSX.platform/Developer/SDKs/MacOSX12.3.sdk/usr/local/include -internal-isystem /Applications/Xcode.app/Contents/Developer/Toolchains/XcodeDefault.xctoolchain/usr/lib/clang/13.1.6/include -internal-externc-isystem /Applications/Xcode.app/Contents/Developer/Platforms/MacOSX.platform/Developer/SDKs/MacOSX12.3.sdk/usr/include -internal-externc-isystem /Applications/Xcode.app/Contents/Developer/Toolchains/XcodeDefault.xctoolchain/usr/include -Wno-reorder-init-list -Wno-implicit-int-float-conversion -Wno-c99-designator -Wno-final-dtor-non-final-class -Wno-extra-semi-stmt -Wno-misleading-indentation -Wno-quoted-include-in-framework-header -Wno-implicit-fallthrough -Wno-enum-enum-conversion -Wno-enum-float-conversion -Wno-elaborated-enum-base -Wno-reserved-identifier -Wno-gnu-folding-constant -Wno-objc-load-method -fdeprecated-macro -fdebug-compilation-dir=/Users/macbookair/Desktop/Projects/copycat/copycat/popup/popup/target/debug/build/fltk-sys-7f240e83d61d99b2/out/build/CMakeFiles/CMakeTmp -ferror-limit 19 -stack-protector 1 -fstack-check -mdarwin-stkchk-strong-link -fblocks -fencode-extended-block-signature -fregister-global-dtors-with-atexit -fgnuc-version=4.2.1 -fno-cxx-modules -fcxx-exceptions -fexceptions -fmax-type-align=16 -fcommon -clang-vendor-feature=+messageToSelfInClassMethodIdReturnType -clang-vendor-feature=+disableInferNewAvailabilityFromInit -clang-vendor-feature=+disableNonDependentMemberExprInCurrentInstantiation -fno-odr-hash-protocols -clang-vendor-feature=+enableAggressiveVLAFolding -clang-vendor-feature=+revert09abecef7bbf -clang-vendor-feature=+thisNoAlignAttr -clang-vendor-feature=+thisNoNullAttr -mllvm -disable-aligned-alloc-awareness=1 -D__GCC_HAVE_DWARF2_CFI_ASM=1 -o CMakeFiles/cmTC_551b8.dir/CMakeCXXCompilerABI.cpp.o -x c++ /opt/homebrew/Cellar/cmake/3.23.3/share/cmake/Modules/CMakeCXXCompilerABI.cpp
clang -cc1 version 13.1.6 (clang-1316.0.21.2.5) default target arm64-apple-darwin21.4.0
ignoring nonexistent directory "/Applications/Xcode.app/Contents/Developer/Platforms/MacOSX.platform/Developer/SDKs/MacOSX12.3.sdk/usr/local/include"
ignoring nonexistent directory "/Applications/Xcode.app/Contents/Developer/Platforms/MacOSX.platform/Developer/SDKs/MacOSX12.3.sdk/Library/Frameworks"
#include "..." search starts here:
#include <...> search starts here:
 /Applications/Xcode.app/Contents/Developer/Platforms/MacOSX.platform/Developer/SDKs/MacOSX12.3.sdk/usr/include/c++/v1
 /Applications/Xcode.app/Contents/Developer/Toolchains/XcodeDefault.xctoolchain/usr/lib/clang/13.1.6/include
 /Applications/Xcode.app/Contents/Developer/Platforms/MacOSX.platform/Developer/SDKs/MacOSX12.3.sdk/usr/include
 /Applications/Xcode.app/Contents/Developer/Toolchains/XcodeDefault.xctoolchain/usr/include
 /Applications/Xcode.app/Contents/Developer/Platforms/MacOSX.platform/Developer/SDKs/MacOSX12.3.sdk/System/Library/Frameworks (framework directory)
End of search list.
Linking CXX executable cmTC_551b8
/opt/homebrew/Cellar/cmake/3.23.3/bin/cmake -E cmake_link_script CMakeFiles/cmTC_551b8.dir/link.txt --verbose=1
/usr/bin/c++  -ffunction-sections -fdata-sections -fPIC -arch arm64  -arch arm64 -isysroot /Applications/Xcode.app/Contents/Developer/Platforms/MacOSX.platform/Developer/SDKs/MacOSX12.3.sdk -Wl,-search_paths_first -Wl,-headerpad_max_install_names  -v -Wl,-v CMakeFiles/cmTC_551b8.dir/CMakeCXXCompilerABI.cpp.o -o cmTC_551b8 
Apple clang version 13.1.6 (clang-1316.0.21.2.5)
Target: arm64-apple-darwin21.4.0
Thread model: posix
InstalledDir: /Applications/Xcode.app/Contents/Developer/Toolchains/XcodeDefault.xctoolchain/usr/bin
 "/Applications/Xcode.app/Contents/Developer/Toolchains/XcodeDefault.xctoolchain/usr/bin/ld" -demangle -lto_library /Applications/Xcode.app/Contents/Developer/Toolchains/XcodeDefault.xctoolchain/usr/lib/libLTO.dylib -dynamic -arch arm64 -platform_version macos 12.0.0 12.3 -syslibroot /Applications/Xcode.app/Contents/Developer/Platforms/MacOSX.platform/Developer/SDKs/MacOSX12.3.sdk -o cmTC_551b8 -search_paths_first -headerpad_max_install_names -v CMakeFiles/cmTC_551b8.dir/CMakeCXXCompilerABI.cpp.o -lc++ -lSystem /Applications/Xcode.app/Contents/Developer/Toolchains/XcodeDefault.xctoolchain/usr/lib/clang/13.1.6/lib/darwin/libclang_rt.osx.a
@(#)PROGRAM:ld  PROJECT:ld64-764
BUILD 11:29:07 May 17 2022
configured to support archs: armv6 armv7 armv7s arm64 arm64e arm64_32 i386 x86_64 x86_64h armv6m armv7k armv7m armv7em
Library search paths:
	/Applications/Xcode.app/Contents/Developer/Platforms/MacOSX.platform/Developer/SDKs/MacOSX12.3.sdk/usr/lib
Framework search paths:
	/Applications/Xcode.app/Contents/Developer/Platforms/MacOSX.platform/Developer/SDKs/MacOSX12.3.sdk/System/Library/Frameworks/



Parsed CXX implicit include dir info from above output: rv=done
  found start of include info
  found start of implicit include info
    add: [/Applications/Xcode.app/Contents/Developer/Platforms/MacOSX.platform/Developer/SDKs/MacOSX12.3.sdk/usr/include/c++/v1]
    add: [/Applications/Xcode.app/Contents/Developer/Toolchains/XcodeDefault.xctoolchain/usr/lib/clang/13.1.6/include]
    add: [/Applications/Xcode.app/Contents/Developer/Platforms/MacOSX.platform/Developer/SDKs/MacOSX12.3.sdk/usr/include]
    add: [/Applications/Xcode.app/Contents/Developer/Toolchains/XcodeDefault.xctoolchain/usr/include]
  end of search list found
  collapse include dir [/Applications/Xcode.app/Contents/Developer/Platforms/MacOSX.platform/Developer/SDKs/MacOSX12.3.sdk/usr/include/c++/v1] ==> [/Applications/Xcode.app/Contents/Developer/Platforms/MacOSX.platform/Developer/SDKs/MacOSX12.3.sdk/usr/include/c++/v1]
  collapse include dir [/Applications/Xcode.app/Contents/Developer/Toolchains/XcodeDefault.xctoolchain/usr/lib/clang/13.1.6/include] ==> [/Applications/Xcode.app/Contents/Developer/Toolchains/XcodeDefault.xctoolchain/usr/lib/clang/13.1.6/include]
  collapse include dir [/Applications/Xcode.app/Contents/Developer/Platforms/MacOSX.platform/Developer/SDKs/MacOSX12.3.sdk/usr/include] ==> [/Applications/Xcode.app/Contents/Developer/Platforms/MacOSX.platform/Developer/SDKs/MacOSX12.3.sdk/usr/include]
  collapse include dir [/Applications/Xcode.app/Contents/Developer/Toolchains/XcodeDefault.xctoolchain/usr/include] ==> [/Applications/Xcode.app/Contents/Developer/Toolchains/XcodeDefault.xctoolchain/usr/include]
  implicit include dirs: [/Applications/Xcode.app/Contents/Developer/Platforms/MacOSX.platform/Developer/SDKs/MacOSX12.3.sdk/usr/include/c++/v1;/Applications/Xcode.app/Contents/Developer/Toolchains/XcodeDefault.xctoolchain/usr/lib/clang/13.1.6/include;/Applications/Xcode.app/Contents/Developer/Platforms/MacOSX.platform/Developer/SDKs/MacOSX12.3.sdk/usr/include;/Applications/Xcode.app/Contents/Developer/Toolchains/XcodeDefault.xctoolchain/usr/include]


Parsed CXX implicit link information from above output:
  link line regex: [^( *|.*[/\])(ld|CMAKE_LINK_STARTFILE-NOTFOUND|([^/\]+-)?ld|collect2)[^/\]*( |$)]
  ignore line: [Change Dir: /Users/macbookair/Desktop/Projects/copycat/copycat/popup/popup/target/debug/build/fltk-sys-7f240e83d61d99b2/out/build/CMakeFiles/CMakeTmp]
  ignore line: []
  ignore line: [Run Build Command(s):/usr/bin/make -f Makefile cmTC_551b8/fast && /Applications/Xcode.app/Contents/Developer/usr/bin/make  -f CMakeFiles/cmTC_551b8.dir/build.make CMakeFiles/cmTC_551b8.dir/build]
  ignore line: [Building CXX object CMakeFiles/cmTC_551b8.dir/CMakeCXXCompilerABI.cpp.o]
  ignore line: [/usr/bin/c++   -ffunction-sections -fdata-sections -fPIC -arch arm64  -arch arm64 -isysroot /Applications/Xcode.app/Contents/Developer/Platforms/MacOSX.platform/Developer/SDKs/MacOSX12.3.sdk   -v -Wl -v -MD -MT CMakeFiles/cmTC_551b8.dir/CMakeCXXCompilerABI.cpp.o -MF CMakeFiles/cmTC_551b8.dir/CMakeCXXCompilerABI.cpp.o.d -o CMakeFiles/cmTC_551b8.dir/CMakeCXXCompilerABI.cpp.o -c /opt/homebrew/Cellar/cmake/3.23.3/share/cmake/Modules/CMakeCXXCompilerABI.cpp]
  ignore line: [Apple clang version 13.1.6 (clang-1316.0.21.2.5)]
  ignore line: [Target: arm64-apple-darwin21.4.0]
  ignore line: [Thread model: posix]
  ignore line: [InstalledDir: /Applications/Xcode.app/Contents/Developer/Toolchains/XcodeDefault.xctoolchain/usr/bin]
  ignore line: [clang: warning: -Wl -v: 'linker' input unused [-Wunused-command-line-argument]]
  ignore line: [ "/Applications/Xcode.app/Contents/Developer/Toolchains/XcodeDefault.xctoolchain/usr/bin/clang" -cc1 -triple arm64-apple-macosx12.0.0 -Wundef-prefix=TARGET_OS_ -Wdeprecated-objc-isa-usage -Werror=deprecated-objc-isa-usage -Werror=implicit-function-declaration -emit-obj -mrelax-all --mrelax-relocations -disable-free -disable-llvm-verifier -discard-value-names -main-file-name CMakeCXXCompilerABI.cpp -mrelocation-model pic -pic-level 2 -mframe-pointer=non-leaf -fno-strict-return -fno-rounding-math -munwind-tables -target-sdk-version=12.3 -fvisibility-inlines-hidden-static-local-var -target-cpu apple-m1 -target-feature +v8.5a -target-feature +fp-armv8 -target-feature +neon -target-feature +crc -target-feature +crypto -target-feature +dotprod -target-feature +fp16fml -target-feature +ras -target-feature +lse -target-feature +rdm -target-feature +rcpc -target-feature +zcm -target-feature +zcz -target-feature +fullfp16 -target-feature +sm4 -target-feature +sha3 -target-feature +sha2 -target-feature +aes -target-abi darwinpcs -fallow-half-arguments-and-returns -debugger-tuning=lldb -target-linker-version 763 -v -ffunction-sections -fdata-sections -resource-dir /Applications/Xcode.app/Contents/Developer/Toolchains/XcodeDefault.xctoolchain/usr/lib/clang/13.1.6 -dependency-file CMakeFiles/cmTC_551b8.dir/CMakeCXXCompilerABI.cpp.o.d -skip-unused-modulemap-deps -MT CMakeFiles/cmTC_551b8.dir/CMakeCXXCompilerABI.cpp.o -sys-header-deps -isysroot /Applications/Xcode.app/Contents/Developer/Platforms/MacOSX.platform/Developer/SDKs/MacOSX12.3.sdk -stdlib=libc++ -internal-isystem /Applications/Xcode.app/Contents/Developer/Platforms/MacOSX.platform/Developer/SDKs/MacOSX12.3.sdk/usr/include/c++/v1 -internal-isystem /Applications/Xcode.app/Contents/Developer/Platforms/MacOSX.platform/Developer/SDKs/MacOSX12.3.sdk/usr/local/include -internal-isystem /Applications/Xcode.app/Contents/Developer/Toolchains/XcodeDefault.xctoolchain/usr/lib/clang/13.1.6/include -internal-externc-isystem /Applications/Xcode.app/Contents/Developer/Platforms/MacOSX.platform/Developer/SDKs/MacOSX12.3.sdk/usr/include -internal-externc-isystem /Applications/Xcode.app/Contents/Developer/Toolchains/XcodeDefault.xctoolchain/usr/include -Wno-reorder-init-list -Wno-implicit-int-float-conversion -Wno-c99-designator -Wno-final-dtor-non-final-class -Wno-extra-semi-stmt -Wno-misleading-indentation -Wno-quoted-include-in-framework-header -Wno-implicit-fallthrough -Wno-enum-enum-conversion -Wno-enum-float-conversion -Wno-elaborated-enum-base -Wno-reserved-identifier -Wno-gnu-folding-constant -Wno-objc-load-method -fdeprecated-macro -fdebug-compilation-dir=/Users/macbookair/Desktop/Projects/copycat/copycat/popup/popup/target/debug/build/fltk-sys-7f240e83d61d99b2/out/build/CMakeFiles/CMakeTmp -ferror-limit 19 -stack-protector 1 -fstack-check -mdarwin-stkchk-strong-link -fblocks -fencode-extended-block-signature -fregister-global-dtors-with-atexit -fgnuc-version=4.2.1 -fno-cxx-modules -fcxx-exceptions -fexceptions -fmax-type-align=16 -fcommon -clang-vendor-feature=+messageToSelfInClassMethodIdReturnType -clang-vendor-feature=+disableInferNewAvailabilityFromInit -clang-vendor-feature=+disableNonDependentMemberExprInCurrentInstantiation -fno-odr-hash-protocols -clang-vendor-feature=+enableAggressiveVLAFolding -clang-vendor-feature=+revert09abecef7bbf -clang-vendor-feature=+thisNoAlignAttr -clang-vendor-feature=+thisNoNullAttr -mllvm -disable-aligned-alloc-awareness=1 -D__GCC_HAVE_DWARF2_CFI_ASM=1 -o CMakeFiles/cmTC_551b8.dir/CMakeCXXCompilerABI.cpp.o -x c++ /opt/homebrew/Cellar/cmake/3.23.3/share/cmake/Modules/CMakeCXXCompilerABI.cpp]
  ignore line: [clang -cc1 version 13.1.6 (clang-1316.0.21.2.5) default target arm64-apple-darwin21.4.0]
  ignore line: [ignoring nonexistent directory "/Applications/Xcode.app/Contents/Developer/Platforms/MacOSX.platform/Developer/SDKs/MacOSX12.3.sdk/usr/local/include"]
  ignore line: [ignoring nonexistent directory "/Applications/Xcode.app/Contents/Developer/Platforms/MacOSX.platform/Developer/SDKs/MacOSX12.3.sdk/Library/Frameworks"]
  ignore line: [#include "..." search starts here:]
  ignore line: [#include <...> search starts here:]
  ignore line: [ /Applications/Xcode.app/Contents/Developer/Platforms/MacOSX.platform/Developer/SDKs/MacOSX12.3.sdk/usr/include/c++/v1]
  ignore line: [ /Applications/Xcode.app/Contents/Developer/Toolchains/XcodeDefault.xctoolchain/usr/lib/clang/13.1.6/include]
  ignore line: [ /Applications/Xcode.app/Contents/Developer/Platforms/MacOSX.platform/Developer/SDKs/MacOSX12.3.sdk/usr/include]
  ignore line: [ /Applications/Xcode.app/Contents/Developer/Toolchains/XcodeDefault.xctoolchain/usr/include]
  ignore line: [ /Applications/Xcode.app/Contents/Developer/Platforms/MacOSX.platform/Developer/SDKs/MacOSX12.3.sdk/System/Library/Frameworks (framework directory)]
  ignore line: [End of search list.]
  ignore line: [Linking CXX executable cmTC_551b8]
  ignore line: [/opt/homebrew/Cellar/cmake/3.23.3/bin/cmake -E cmake_link_script CMakeFiles/cmTC_551b8.dir/link.txt --verbose=1]
  ignore line: [/usr/bin/c++  -ffunction-sections -fdata-sections -fPIC -arch arm64  -arch arm64 -isysroot /Applications/Xcode.app/Contents/Developer/Platforms/MacOSX.platform/Developer/SDKs/MacOSX12.3.sdk -Wl -search_paths_first -Wl -headerpad_max_install_names  -v -Wl -v CMakeFiles/cmTC_551b8.dir/CMakeCXXCompilerABI.cpp.o -o cmTC_551b8 ]
  ignore line: [Apple clang version 13.1.6 (clang-1316.0.21.2.5)]
  ignore line: [Target: arm64-apple-darwin21.4.0]
  ignore line: [Thread model: posix]
  ignore line: [InstalledDir: /Applications/Xcode.app/Contents/Developer/Toolchains/XcodeDefault.xctoolchain/usr/bin]
  link line: [ "/Applications/Xcode.app/Contents/Developer/Toolchains/XcodeDefault.xctoolchain/usr/bin/ld" -demangle -lto_library /Applications/Xcode.app/Contents/Developer/Toolchains/XcodeDefault.xctoolchain/usr/lib/libLTO.dylib -dynamic -arch arm64 -platform_version macos 12.0.0 12.3 -syslibroot /Applications/Xcode.app/Contents/Developer/Platforms/MacOSX.platform/Developer/SDKs/MacOSX12.3.sdk -o cmTC_551b8 -search_paths_first -headerpad_max_install_names -v CMakeFiles/cmTC_551b8.dir/CMakeCXXCompilerABI.cpp.o -lc++ -lSystem /Applications/Xcode.app/Contents/Developer/Toolchains/XcodeDefault.xctoolchain/usr/lib/clang/13.1.6/lib/darwin/libclang_rt.osx.a]
    arg [/Applications/Xcode.app/Contents/Developer/Toolchains/XcodeDefault.xctoolchain/usr/bin/ld] ==> ignore
    arg [-demangle] ==> ignore
    arg [-lto_library] ==> ignore, skip following value
    arg [/Applications/Xcode.app/Contents/Developer/Toolchains/XcodeDefault.xctoolchain/usr/lib/libLTO.dylib] ==> skip value of -lto_library
    arg [-dynamic] ==> ignore
    arg [-arch] ==> ignore
    arg [arm64] ==> ignore
    arg [-platform_version] ==> ignore
    arg [macos] ==> ignore
    arg [12.0.0] ==> ignore
    arg [12.3] ==> ignore
    arg [-syslibroot] ==> ignore
    arg [/Applications/Xcode.app/Contents/Developer/Platforms/MacOSX.platform/Developer/SDKs/MacOSX12.3.sdk] ==> ignore
    arg [-o] ==> ignore
    arg [cmTC_551b8] ==> ignore
    arg [-search_paths_first] ==> ignore
    arg [-headerpad_max_install_names] ==> ignore
    arg [-v] ==> ignore
    arg [CMakeFiles/cmTC_551b8.dir/CMakeCXXCompilerABI.cpp.o] ==> ignore
    arg [-lc++] ==> lib [c++]
    arg [-lSystem] ==> lib [System]
    arg [/Applications/Xcode.app/Contents/Developer/Toolchains/XcodeDefault.xctoolchain/usr/lib/clang/13.1.6/lib/darwin/libclang_rt.osx.a] ==> lib [/Applications/Xcode.app/Contents/Developer/Toolchains/XcodeDefault.xctoolchain/usr/lib/clang/13.1.6/lib/darwin/libclang_rt.osx.a]
  Library search paths: [;/Applications/Xcode.app/Contents/Developer/Platforms/MacOSX.platform/Developer/SDKs/MacOSX12.3.sdk/usr/lib]
  Framework search paths: [;/Applications/Xcode.app/Contents/Developer/Platforms/MacOSX.platform/Developer/SDKs/MacOSX12.3.sdk/System/Library/Frameworks/]
  remove lib [System]
  remove lib [/Applications/Xcode.app/Contents/Developer/Toolchains/XcodeDefault.xctoolchain/usr/lib/clang/13.1.6/lib/darwin/libclang_rt.osx.a]
  collapse library dir [/Applications/Xcode.app/Contents/Developer/Platforms/MacOSX.platform/Developer/SDKs/MacOSX12.3.sdk/usr/lib] ==> [/Applications/Xcode.app/Contents/Developer/Platforms/MacOSX.platform/Developer/SDKs/MacOSX12.3.sdk/usr/lib]
  collapse framework dir [/Applications/Xcode.app/Contents/Developer/Platforms/MacOSX.platform/Developer/SDKs/MacOSX12.3.sdk/System/Library/Frameworks/] ==> [/Applications/Xcode.app/Contents/Developer/Platforms/MacOSX.platform/Developer/SDKs/MacOSX12.3.sdk/System/Library/Frameworks]
  implicit libs: [c++]
  implicit objs: []
  implicit dirs: [/Applications/Xcode.app/Contents/Developer/Platforms/MacOSX.platform/Developer/SDKs/MacOSX12.3.sdk/usr/lib]
  implicit fwks: [/Applications/Xcode.app/Contents/Developer/Platforms/MacOSX.platform/Developer/SDKs/MacOSX12.3.sdk/System/Library/Frameworks]


Determining if the include file sys/types.h exists passed with the following output:
Change Dir: /Users/macbookair/Desktop/Projects/copycat/copycat/popup/popup/target/debug/build/fltk-sys-7f240e83d61d99b2/out/build/CMakeFiles/CMakeTmp

Run Build Command(s):/usr/bin/make -f Makefile cmTC_3eea3/fast && /Applications/Xcode.app/Contents/Developer/usr/bin/make  -f CMakeFiles/cmTC_3eea3.dir/build.make CMakeFiles/cmTC_3eea3.dir/build
Building C object CMakeFiles/cmTC_3eea3.dir/CheckIncludeFile.c.o
/usr/bin/cc   -ffunction-sections -fdata-sections -fPIC -arch arm64  -arch arm64 -isysroot /Applications/Xcode.app/Contents/Developer/Platforms/MacOSX.platform/Developer/SDKs/MacOSX12.3.sdk -MD -MT CMakeFiles/cmTC_3eea3.dir/CheckIncludeFile.c.o -MF CMakeFiles/cmTC_3eea3.dir/CheckIncludeFile.c.o.d -o CMakeFiles/cmTC_3eea3.dir/CheckIncludeFile.c.o -c /Users/macbookair/Desktop/Projects/copycat/copycat/popup/popup/target/debug/build/fltk-sys-7f240e83d61d99b2/out/build/CMakeFiles/CMakeTmp/CheckIncludeFile.c
Linking C executable cmTC_3eea3
/opt/homebrew/Cellar/cmake/3.23.3/bin/cmake -E cmake_link_script CMakeFiles/cmTC_3eea3.dir/link.txt --verbose=1
/usr/bin/cc  -ffunction-sections -fdata-sections -fPIC -arch arm64  -arch arm64 -isysroot /Applications/Xcode.app/Contents/Developer/Platforms/MacOSX.platform/Developer/SDKs/MacOSX12.3.sdk -Wl,-search_paths_first -Wl,-headerpad_max_install_names  -framework Cocoa  CMakeFiles/cmTC_3eea3.dir/CheckIncludeFile.c.o -o cmTC_3eea3 



Determining if the include file stdint.h exists passed with the following output:
Change Dir: /Users/macbookair/Desktop/Projects/copycat/copycat/popup/popup/target/debug/build/fltk-sys-7f240e83d61d99b2/out/build/CMakeFiles/CMakeTmp

Run Build Command(s):/usr/bin/make -f Makefile cmTC_31fbb/fast && /Applications/Xcode.app/Contents/Developer/usr/bin/make  -f CMakeFiles/cmTC_31fbb.dir/build.make CMakeFiles/cmTC_31fbb.dir/build
Building C object CMakeFiles/cmTC_31fbb.dir/CheckIncludeFile.c.o
/usr/bin/cc   -ffunction-sections -fdata-sections -fPIC -arch arm64  -arch arm64 -isysroot /Applications/Xcode.app/Contents/Developer/Platforms/MacOSX.platform/Developer/SDKs/MacOSX12.3.sdk -MD -MT CMakeFiles/cmTC_31fbb.dir/CheckIncludeFile.c.o -MF CMakeFiles/cmTC_31fbb.dir/CheckIncludeFile.c.o.d -o CMakeFiles/cmTC_31fbb.dir/CheckIncludeFile.c.o -c /Users/macbookair/Desktop/Projects/copycat/copycat/popup/popup/target/debug/build/fltk-sys-7f240e83d61d99b2/out/build/CMakeFiles/CMakeTmp/CheckIncludeFile.c
Linking C executable cmTC_31fbb
/opt/homebrew/Cellar/cmake/3.23.3/bin/cmake -E cmake_link_script CMakeFiles/cmTC_31fbb.dir/link.txt --verbose=1
/usr/bin/cc  -ffunction-sections -fdata-sections -fPIC -arch arm64  -arch arm64 -isysroot /Applications/Xcode.app/Contents/Developer/Platforms/MacOSX.platform/Developer/SDKs/MacOSX12.3.sdk -Wl,-search_paths_first -Wl,-headerpad_max_install_names  -framework Cocoa  CMakeFiles/cmTC_31fbb.dir/CheckIncludeFile.c.o -o cmTC_31fbb 



Determining if the include file stddef.h exists passed with the following output:
Change Dir: /Users/macbookair/Desktop/Projects/copycat/copycat/popup/popup/target/debug/build/fltk-sys-7f240e83d61d99b2/out/build/CMakeFiles/CMakeTmp

Run Build Command(s):/usr/bin/make -f Makefile cmTC_1b042/fast && /Applications/Xcode.app/Contents/Developer/usr/bin/make  -f CMakeFiles/cmTC_1b042.dir/build.make CMakeFiles/cmTC_1b042.dir/build
Building C object CMakeFiles/cmTC_1b042.dir/CheckIncludeFile.c.o
/usr/bin/cc   -ffunction-sections -fdata-sections -fPIC -arch arm64  -arch arm64 -isysroot /Applications/Xcode.app/Contents/Developer/Platforms/MacOSX.platform/Developer/SDKs/MacOSX12.3.sdk -MD -MT CMakeFiles/cmTC_1b042.dir/CheckIncludeFile.c.o -MF CMakeFiles/cmTC_1b042.dir/CheckIncludeFile.c.o.d -o CMakeFiles/cmTC_1b042.dir/CheckIncludeFile.c.o -c /Users/macbookair/Desktop/Projects/copycat/copycat/popup/popup/target/debug/build/fltk-sys-7f240e83d61d99b2/out/build/CMakeFiles/CMakeTmp/CheckIncludeFile.c
Linking C executable cmTC_1b042
/opt/homebrew/Cellar/cmake/3.23.3/bin/cmake -E cmake_link_script CMakeFiles/cmTC_1b042.dir/link.txt --verbose=1
/usr/bin/cc  -ffunction-sections -fdata-sections -fPIC -arch arm64  -arch arm64 -isysroot /Applications/Xcode.app/Contents/Developer/Platforms/MacOSX.platform/Developer/SDKs/MacOSX12.3.sdk -Wl,-search_paths_first -Wl,-headerpad_max_install_names  -framework Cocoa  CMakeFiles/cmTC_1b042.dir/CheckIncludeFile.c.o -o cmTC_1b042 



Determining size of short passed with the following output:
Change Dir: /Users/macbookair/Desktop/Projects/copycat/copycat/popup/popup/target/debug/build/fltk-sys-7f240e83d61d99b2/out/build/CMakeFiles/CMakeTmp

Run Build Command(s):/usr/bin/make -f Makefile cmTC_89b8c/fast && /Applications/Xcode.app/Contents/Developer/usr/bin/make  -f CMakeFiles/cmTC_89b8c.dir/build.make CMakeFiles/cmTC_89b8c.dir/build
Building C object CMakeFiles/cmTC_89b8c.dir/SIZEOF_SHORT.c.o
/usr/bin/cc   -ffunction-sections -fdata-sections -fPIC -arch arm64  -arch arm64 -isysroot /Applications/Xcode.app/Contents/Developer/Platforms/MacOSX.platform/Developer/SDKs/MacOSX12.3.sdk -MD -MT CMakeFiles/cmTC_89b8c.dir/SIZEOF_SHORT.c.o -MF CMakeFiles/cmTC_89b8c.dir/SIZEOF_SHORT.c.o.d -o CMakeFiles/cmTC_89b8c.dir/SIZEOF_SHORT.c.o -c /Users/macbookair/Desktop/Projects/copycat/copycat/popup/popup/target/debug/build/fltk-sys-7f240e83d61d99b2/out/build/CMakeFiles/CheckTypeSize/SIZEOF_SHORT.c
Linking C executable cmTC_89b8c
/opt/homebrew/Cellar/cmake/3.23.3/bin/cmake -E cmake_link_script CMakeFiles/cmTC_89b8c.dir/link.txt --verbose=1
/usr/bin/cc  -ffunction-sections -fdata-sections -fPIC -arch arm64  -arch arm64 -isysroot /Applications/Xcode.app/Contents/Developer/Platforms/MacOSX.platform/Developer/SDKs/MacOSX12.3.sdk -Wl,-search_paths_first -Wl,-headerpad_max_install_names  -framework Cocoa  CMakeFiles/cmTC_89b8c.dir/SIZEOF_SHORT.c.o -o cmTC_89b8c 



Determining size of int passed with the following output:
Change Dir: /Users/macbookair/Desktop/Projects/copycat/copycat/popup/popup/target/debug/build/fltk-sys-7f240e83d61d99b2/out/build/CMakeFiles/CMakeTmp

Run Build Command(s):/usr/bin/make -f Makefile cmTC_61a69/fast && /Applications/Xcode.app/Contents/Developer/usr/bin/make  -f CMakeFiles/cmTC_61a69.dir/build.make CMakeFiles/cmTC_61a69.dir/build
Building C object CMakeFiles/cmTC_61a69.dir/SIZEOF_INT.c.o
/usr/bin/cc   -ffunction-sections -fdata-sections -fPIC -arch arm64  -arch arm64 -isysroot /Applications/Xcode.app/Contents/Developer/Platforms/MacOSX.platform/Developer/SDKs/MacOSX12.3.sdk -MD -MT CMakeFiles/cmTC_61a69.dir/SIZEOF_INT.c.o -MF CMakeFiles/cmTC_61a69.dir/SIZEOF_INT.c.o.d -o CMakeFiles/cmTC_61a69.dir/SIZEOF_INT.c.o -c /Users/macbookair/Desktop/Projects/copycat/copycat/popup/popup/target/debug/build/fltk-sys-7f240e83d61d99b2/out/build/CMakeFiles/CheckTypeSize/SIZEOF_INT.c
Linking C executable cmTC_61a69
/opt/homebrew/Cellar/cmake/3.23.3/bin/cmake -E cmake_link_script CMakeFiles/cmTC_61a69.dir/link.txt --verbose=1
/usr/bin/cc  -ffunction-sections -fdata-sections -fPIC -arch arm64  -arch arm64 -isysroot /Applications/Xcode.app/Contents/Developer/Platforms/MacOSX.platform/Developer/SDKs/MacOSX12.3.sdk -Wl,-search_paths_first -Wl,-headerpad_max_install_names  -framework Cocoa  CMakeFiles/cmTC_61a69.dir/SIZEOF_INT.c.o -o cmTC_61a69 



Determining size of long passed with the following output:
Change Dir: /Users/macbookair/Desktop/Projects/copycat/copycat/popup/popup/target/debug/build/fltk-sys-7f240e83d61d99b2/out/build/CMakeFiles/CMakeTmp

Run Build Command(s):/usr/bin/make -f Makefile cmTC_9360b/fast && /Applications/Xcode.app/Contents/Developer/usr/bin/make  -f CMakeFiles/cmTC_9360b.dir/build.make CMakeFiles/cmTC_9360b.dir/build
Building C object CMakeFiles/cmTC_9360b.dir/SIZEOF_LONG.c.o
/usr/bin/cc   -ffunction-sections -fdata-sections -fPIC -arch arm64  -arch arm64 -isysroot /Applications/Xcode.app/Contents/Developer/Platforms/MacOSX.platform/Developer/SDKs/MacOSX12.3.sdk -MD -MT CMakeFiles/cmTC_9360b.dir/SIZEOF_LONG.c.o -MF CMakeFiles/cmTC_9360b.dir/SIZEOF_LONG.c.o.d -o CMakeFiles/cmTC_9360b.dir/SIZEOF_LONG.c.o -c /Users/macbookair/Desktop/Projects/copycat/copycat/popup/popup/target/debug/build/fltk-sys-7f240e83d61d99b2/out/build/CMakeFiles/CheckTypeSize/SIZEOF_LONG.c
Linking C executable cmTC_9360b
/opt/homebrew/Cellar/cmake/3.23.3/bin/cmake -E cmake_link_script CMakeFiles/cmTC_9360b.dir/link.txt --verbose=1
/usr/bin/cc  -ffunction-sections -fdata-sections -fPIC -arch arm64  -arch arm64 -isysroot /Applications/Xcode.app/Contents/Developer/Platforms/MacOSX.platform/Developer/SDKs/MacOSX12.3.sdk -Wl,-search_paths_first -Wl,-headerpad_max_install_names  -framework Cocoa  CMakeFiles/cmTC_9360b.dir/SIZEOF_LONG.c.o -o cmTC_9360b 



Determining size of long long passed with the following output:
Change Dir: /Users/macbookair/Desktop/Projects/copycat/copycat/popup/popup/target/debug/build/fltk-sys-7f240e83d61d99b2/out/build/CMakeFiles/CMakeTmp

Run Build Command(s):/usr/bin/make -f Makefile cmTC_b3f87/fast && /Applications/Xcode.app/Contents/Developer/usr/bin/make  -f CMakeFiles/cmTC_b3f87.dir/build.make CMakeFiles/cmTC_b3f87.dir/build
Building C object CMakeFiles/cmTC_b3f87.dir/HAVE_LONG_LONG.c.o
/usr/bin/cc   -ffunction-sections -fdata-sections -fPIC -arch arm64  -arch arm64 -isysroot /Applications/Xcode.app/Contents/Developer/Platforms/MacOSX.platform/Developer/SDKs/MacOSX12.3.sdk -MD -MT CMakeFiles/cmTC_b3f87.dir/HAVE_LONG_LONG.c.o -MF CMakeFiles/cmTC_b3f87.dir/HAVE_LONG_LONG.c.o.d -o CMakeFiles/cmTC_b3f87.dir/HAVE_LONG_LONG.c.o -c /Users/macbookair/Desktop/Projects/copycat/copycat/popup/popup/target/debug/build/fltk-sys-7f240e83d61d99b2/out/build/CMakeFiles/CheckTypeSize/HAVE_LONG_LONG.c
Linking C executable cmTC_b3f87
/opt/homebrew/Cellar/cmake/3.23.3/bin/cmake -E cmake_link_script CMakeFiles/cmTC_b3f87.dir/link.txt --verbose=1
/usr/bin/cc  -ffunction-sections -fdata-sections -fPIC -arch arm64  -arch arm64 -isysroot /Applications/Xcode.app/Contents/Developer/Platforms/MacOSX.platform/Developer/SDKs/MacOSX12.3.sdk -Wl,-search_paths_first -Wl,-headerpad_max_install_names  -framework Cocoa  CMakeFiles/cmTC_b3f87.dir/HAVE_LONG_LONG.c.o -o cmTC_b3f87 



Determining if files dlfcn.h exist passed with the following output:
Change Dir: /Users/macbookair/Desktop/Projects/copycat/copycat/popup/popup/target/debug/build/fltk-sys-7f240e83d61d99b2/out/build/CMakeFiles/CMakeTmp

Run Build Command(s):/usr/bin/make -f Makefile cmTC_8dfe4/fast && /Applications/Xcode.app/Contents/Developer/usr/bin/make  -f CMakeFiles/cmTC_8dfe4.dir/build.make CMakeFiles/cmTC_8dfe4.dir/build
Building C object CMakeFiles/cmTC_8dfe4.dir/HAVE_DLFCN_H.c.o
/usr/bin/cc   -ffunction-sections -fdata-sections -fPIC -arch arm64  -arch arm64 -isysroot /Applications/Xcode.app/Contents/Developer/Platforms/MacOSX.platform/Developer/SDKs/MacOSX12.3.sdk -MD -MT CMakeFiles/cmTC_8dfe4.dir/HAVE_DLFCN_H.c.o -MF CMakeFiles/cmTC_8dfe4.dir/HAVE_DLFCN_H.c.o.d -o CMakeFiles/cmTC_8dfe4.dir/HAVE_DLFCN_H.c.o -c /Users/macbookair/Desktop/Projects/copycat/copycat/popup/popup/target/debug/build/fltk-sys-7f240e83d61d99b2/out/build/CMakeFiles/CheckIncludeFiles/HAVE_DLFCN_H.c
Linking C executable cmTC_8dfe4
/opt/homebrew/Cellar/cmake/3.23.3/bin/cmake -E cmake_link_script CMakeFiles/cmTC_8dfe4.dir/link.txt --verbose=1
/usr/bin/cc  -ffunction-sections -fdata-sections -fPIC -arch arm64  -arch arm64 -isysroot /Applications/Xcode.app/Contents/Developer/Platforms/MacOSX.platform/Developer/SDKs/MacOSX12.3.sdk -Wl,-search_paths_first -Wl,-headerpad_max_install_names  -framework Cocoa  CMakeFiles/cmTC_8dfe4.dir/HAVE_DLFCN_H.c.o -o cmTC_8dfe4 



Determining if files locale.h exist passed with the following output:
Change Dir: /Users/macbookair/Desktop/Projects/copycat/copycat/popup/popup/target/debug/build/fltk-sys-7f240e83d61d99b2/out/build/CMakeFiles/CMakeTmp

Run Build Command(s):/usr/bin/make -f Makefile cmTC_9f8e5/fast && /Applications/Xcode.app/Contents/Developer/usr/bin/make  -f CMakeFiles/cmTC_9f8e5.dir/build.make CMakeFiles/cmTC_9f8e5.dir/build
Building C object CMakeFiles/cmTC_9f8e5.dir/HAVE_LOCALE_H.c.o
/usr/bin/cc   -ffunction-sections -fdata-sections -fPIC -arch arm64  -arch arm64 -isysroot /Applications/Xcode.app/Contents/Developer/Platforms/MacOSX.platform/Developer/SDKs/MacOSX12.3.sdk -MD -MT CMakeFiles/cmTC_9f8e5.dir/HAVE_LOCALE_H.c.o -MF CMakeFiles/cmTC_9f8e5.dir/HAVE_LOCALE_H.c.o.d -o CMakeFiles/cmTC_9f8e5.dir/HAVE_LOCALE_H.c.o -c /Users/macbookair/Desktop/Projects/copycat/copycat/popup/popup/target/debug/build/fltk-sys-7f240e83d61d99b2/out/build/CMakeFiles/CheckIncludeFiles/HAVE_LOCALE_H.c
Linking C executable cmTC_9f8e5
/opt/homebrew/Cellar/cmake/3.23.3/bin/cmake -E cmake_link_script CMakeFiles/cmTC_9f8e5.dir/link.txt --verbose=1
/usr/bin/cc  -ffunction-sections -fdata-sections -fPIC -arch arm64  -arch arm64 -isysroot /Applications/Xcode.app/Contents/Developer/Platforms/MacOSX.platform/Developer/SDKs/MacOSX12.3.sdk -Wl,-search_paths_first -Wl,-headerpad_max_install_names  -framework Cocoa  CMakeFiles/cmTC_9f8e5.dir/HAVE_LOCALE_H.c.o -o cmTC_9f8e5 



Determining if files OpenGL/glu.h exist passed with the following output:
Change Dir: /Users/macbookair/Desktop/Projects/copycat/copycat/popup/popup/target/debug/build/fltk-sys-7f240e83d61d99b2/out/build/CMakeFiles/CMakeTmp

Run Build Command(s):/usr/bin/make -f Makefile cmTC_f0986/fast && /Applications/Xcode.app/Contents/Developer/usr/bin/make  -f CMakeFiles/cmTC_f0986.dir/build.make CMakeFiles/cmTC_f0986.dir/build
Building C object CMakeFiles/cmTC_f0986.dir/HAVE_OPENGL_GLU_H.c.o
/usr/bin/cc   -ffunction-sections -fdata-sections -fPIC -arch arm64  -arch arm64 -isysroot /Applications/Xcode.app/Contents/Developer/Platforms/MacOSX.platform/Developer/SDKs/MacOSX12.3.sdk -MD -MT CMakeFiles/cmTC_f0986.dir/HAVE_OPENGL_GLU_H.c.o -MF CMakeFiles/cmTC_f0986.dir/HAVE_OPENGL_GLU_H.c.o.d -o CMakeFiles/cmTC_f0986.dir/HAVE_OPENGL_GLU_H.c.o -c /Users/macbookair/Desktop/Projects/copycat/copycat/popup/popup/target/debug/build/fltk-sys-7f240e83d61d99b2/out/build/CMakeFiles/CheckIncludeFiles/HAVE_OPENGL_GLU_H.c
Linking C executable cmTC_f0986
/opt/homebrew/Cellar/cmake/3.23.3/bin/cmake -E cmake_link_script CMakeFiles/cmTC_f0986.dir/link.txt --verbose=1
/usr/bin/cc  -ffunction-sections -fdata-sections -fPIC -arch arm64  -arch arm64 -isysroot /Applications/Xcode.app/Contents/Developer/Platforms/MacOSX.platform/Developer/SDKs/MacOSX12.3.sdk -Wl,-search_paths_first -Wl,-headerpad_max_install_names  -framework Cocoa  CMakeFiles/cmTC_f0986.dir/HAVE_OPENGL_GLU_H.c.o -o cmTC_f0986 



Determining if files stdio.h exist passed with the following output:
Change Dir: /Users/macbookair/Desktop/Projects/copycat/copycat/popup/popup/target/debug/build/fltk-sys-7f240e83d61d99b2/out/build/CMakeFiles/CMakeTmp

Run Build Command(s):/usr/bin/make -f Makefile cmTC_972e9/fast && /Applications/Xcode.app/Contents/Developer/usr/bin/make  -f CMakeFiles/cmTC_972e9.dir/build.make CMakeFiles/cmTC_972e9.dir/build
Building C object CMakeFiles/cmTC_972e9.dir/HAVE_STDIO_H.c.o
/usr/bin/cc   -ffunction-sections -fdata-sections -fPIC -arch arm64  -arch arm64 -isysroot /Applications/Xcode.app/Contents/Developer/Platforms/MacOSX.platform/Developer/SDKs/MacOSX12.3.sdk -MD -MT CMakeFiles/cmTC_972e9.dir/HAVE_STDIO_H.c.o -MF CMakeFiles/cmTC_972e9.dir/HAVE_STDIO_H.c.o.d -o CMakeFiles/cmTC_972e9.dir/HAVE_STDIO_H.c.o -c /Users/macbookair/Desktop/Projects/copycat/copycat/popup/popup/target/debug/build/fltk-sys-7f240e83d61d99b2/out/build/CMakeFiles/CheckIncludeFiles/HAVE_STDIO_H.c
Linking C executable cmTC_972e9
/opt/homebrew/Cellar/cmake/3.23.3/bin/cmake -E cmake_link_script CMakeFiles/cmTC_972e9.dir/link.txt --verbose=1
/usr/bin/cc  -ffunction-sections -fdata-sections -fPIC -arch arm64  -arch arm64 -isysroot /Applications/Xcode.app/Contents/Developer/Platforms/MacOSX.platform/Developer/SDKs/MacOSX12.3.sdk -Wl,-search_paths_first -Wl,-headerpad_max_install_names  -framework Cocoa  CMakeFiles/cmTC_972e9.dir/HAVE_STDIO_H.c.o -o cmTC_972e9 



Determining if files strings.h exist passed with the following output:
Change Dir: /Users/macbookair/Desktop/Projects/copycat/copycat/popup/popup/target/debug/build/fltk-sys-7f240e83d61d99b2/out/build/CMakeFiles/CMakeTmp

Run Build Command(s):/usr/bin/make -f Makefile cmTC_bfb0e/fast && /Applications/Xcode.app/Contents/Developer/usr/bin/make  -f CMakeFiles/cmTC_bfb0e.dir/build.make CMakeFiles/cmTC_bfb0e.dir/build
Building C object CMakeFiles/cmTC_bfb0e.dir/HAVE_STRINGS_H.c.o
/usr/bin/cc   -ffunction-sections -fdata-sections -fPIC -arch arm64  -arch arm64 -isysroot /Applications/Xcode.app/Contents/Developer/Platforms/MacOSX.platform/Developer/SDKs/MacOSX12.3.sdk -MD -MT CMakeFiles/cmTC_bfb0e.dir/HAVE_STRINGS_H.c.o -MF CMakeFiles/cmTC_bfb0e.dir/HAVE_STRINGS_H.c.o.d -o CMakeFiles/cmTC_bfb0e.dir/HAVE_STRINGS_H.c.o -c /Users/macbookair/Desktop/Projects/copycat/copycat/popup/popup/target/debug/build/fltk-sys-7f240e83d61d99b2/out/build/CMakeFiles/CheckIncludeFiles/HAVE_STRINGS_H.c
Linking C executable cmTC_bfb0e
/opt/homebrew/Cellar/cmake/3.23.3/bin/cmake -E cmake_link_script CMakeFiles/cmTC_bfb0e.dir/link.txt --verbose=1
/usr/bin/cc  -ffunction-sections -fdata-sections -fPIC -arch arm64  -arch arm64 -isysroot /Applications/Xcode.app/Contents/Developer/Platforms/MacOSX.platform/Developer/SDKs/MacOSX12.3.sdk -Wl,-search_paths_first -Wl,-headerpad_max_install_names  -framework Cocoa  CMakeFiles/cmTC_bfb0e.dir/HAVE_STRINGS_H.c.o -o cmTC_bfb0e 



Determining if files sys/select.h exist passed with the following output:
Change Dir: /Users/macbookair/Desktop/Projects/copycat/copycat/popup/popup/target/debug/build/fltk-sys-7f240e83d61d99b2/out/build/CMakeFiles/CMakeTmp

Run Build Command(s):/usr/bin/make -f Makefile cmTC_6029d/fast && /Applications/Xcode.app/Contents/Developer/usr/bin/make  -f CMakeFiles/cmTC_6029d.dir/build.make CMakeFiles/cmTC_6029d.dir/build
Building C object CMakeFiles/cmTC_6029d.dir/HAVE_SYS_SELECT_H.c.o
/usr/bin/cc   -ffunction-sections -fdata-sections -fPIC -arch arm64  -arch arm64 -isysroot /Applications/Xcode.app/Contents/Developer/Platforms/MacOSX.platform/Developer/SDKs/MacOSX12.3.sdk -MD -MT CMakeFiles/cmTC_6029d.dir/HAVE_SYS_SELECT_H.c.o -MF CMakeFiles/cmTC_6029d.dir/HAVE_SYS_SELECT_H.c.o.d -o CMakeFiles/cmTC_6029d.dir/HAVE_SYS_SELECT_H.c.o -c /Users/macbookair/Desktop/Projects/copycat/copycat/popup/popup/target/debug/build/fltk-sys-7f240e83d61d99b2/out/build/CMakeFiles/CheckIncludeFiles/HAVE_SYS_SELECT_H.c
Linking C executable cmTC_6029d
/opt/homebrew/Cellar/cmake/3.23.3/bin/cmake -E cmake_link_script CMakeFiles/cmTC_6029d.dir/link.txt --verbose=1
/usr/bin/cc  -ffunction-sections -fdata-sections -fPIC -arch arm64  -arch arm64 -isysroot /Applications/Xcode.app/Contents/Developer/Platforms/MacOSX.platform/Developer/SDKs/MacOSX12.3.sdk -Wl,-search_paths_first -Wl,-headerpad_max_install_names  -framework Cocoa  CMakeFiles/cmTC_6029d.dir/HAVE_SYS_SELECT_H.c.o -o cmTC_6029d 



Determining if files pthread.h exist passed with the following output:
Change Dir: /Users/macbookair/Desktop/Projects/copycat/copycat/popup/popup/target/debug/build/fltk-sys-7f240e83d61d99b2/out/build/CMakeFiles/CMakeTmp

Run Build Command(s):/usr/bin/make -f Makefile cmTC_7702b/fast && /Applications/Xcode.app/Contents/Developer/usr/bin/make  -f CMakeFiles/cmTC_7702b.dir/build.make CMakeFiles/cmTC_7702b.dir/build
Building C object CMakeFiles/cmTC_7702b.dir/HAVE_PTHREAD_H.c.o
/usr/bin/cc   -ffunction-sections -fdata-sections -fPIC -arch arm64  -arch arm64 -isysroot /Applications/Xcode.app/Contents/Developer/Platforms/MacOSX.platform/Developer/SDKs/MacOSX12.3.sdk -MD -MT CMakeFiles/cmTC_7702b.dir/HAVE_PTHREAD_H.c.o -MF CMakeFiles/cmTC_7702b.dir/HAVE_PTHREAD_H.c.o.d -o CMakeFiles/cmTC_7702b.dir/HAVE_PTHREAD_H.c.o -c /Users/macbookair/Desktop/Projects/copycat/copycat/popup/popup/target/debug/build/fltk-sys-7f240e83d61d99b2/out/build/CMakeFiles/CheckIncludeFiles/HAVE_PTHREAD_H.c
Linking C executable cmTC_7702b
/opt/homebrew/Cellar/cmake/3.23.3/bin/cmake -E cmake_link_script CMakeFiles/cmTC_7702b.dir/link.txt --verbose=1
/usr/bin/cc  -ffunction-sections -fdata-sections -fPIC -arch arm64  -arch arm64 -isysroot /Applications/Xcode.app/Contents/Developer/Platforms/MacOSX.platform/Developer/SDKs/MacOSX12.3.sdk -Wl,-search_paths_first -Wl,-headerpad_max_install_names  -framework Cocoa  CMakeFiles/cmTC_7702b.dir/HAVE_PTHREAD_H.c.o -o cmTC_7702b 



Determining if the function dlsym exists passed with the following output:
Change Dir: /Users/macbookair/Desktop/Projects/copycat/copycat/popup/popup/target/debug/build/fltk-sys-7f240e83d61d99b2/out/build/CMakeFiles/CMakeTmp

Run Build Command(s):/usr/bin/make -f Makefile cmTC_6786c/fast && /Applications/Xcode.app/Contents/Developer/usr/bin/make  -f CMakeFiles/cmTC_6786c.dir/build.make CMakeFiles/cmTC_6786c.dir/build
Building C object CMakeFiles/cmTC_6786c.dir/CheckFunctionExists.c.o
/usr/bin/cc   -ffunction-sections -fdata-sections -fPIC -arch arm64 -DCHECK_FUNCTION_EXISTS=dlsym -arch arm64 -isysroot /Applications/Xcode.app/Contents/Developer/Platforms/MacOSX.platform/Developer/SDKs/MacOSX12.3.sdk -MD -MT CMakeFiles/cmTC_6786c.dir/CheckFunctionExists.c.o -MF CMakeFiles/cmTC_6786c.dir/CheckFunctionExists.c.o.d -o CMakeFiles/cmTC_6786c.dir/CheckFunctionExists.c.o -c /opt/homebrew/Cellar/cmake/3.23.3/share/cmake/Modules/CheckFunctionExists.c
Linking C executable cmTC_6786c
/opt/homebrew/Cellar/cmake/3.23.3/bin/cmake -E cmake_link_script CMakeFiles/cmTC_6786c.dir/link.txt --verbose=1
/usr/bin/cc  -ffunction-sections -fdata-sections -fPIC -arch arm64 -DCHECK_FUNCTION_EXISTS=dlsym -arch arm64 -isysroot /Applications/Xcode.app/Contents/Developer/Platforms/MacOSX.platform/Developer/SDKs/MacOSX12.3.sdk -Wl,-search_paths_first -Wl,-headerpad_max_install_names  -framework Cocoa  CMakeFiles/cmTC_6786c.dir/CheckFunctionExists.c.o -o cmTC_6786c 



Determining if the function localeconv exists passed with the following output:
Change Dir: /Users/macbookair/Desktop/Projects/copycat/copycat/popup/popup/target/debug/build/fltk-sys-7f240e83d61d99b2/out/build/CMakeFiles/CMakeTmp

Run Build Command(s):/usr/bin/make -f Makefile cmTC_3695a/fast && /Applications/Xcode.app/Contents/Developer/usr/bin/make  -f CMakeFiles/cmTC_3695a.dir/build.make CMakeFiles/cmTC_3695a.dir/build
Building C object CMakeFiles/cmTC_3695a.dir/CheckFunctionExists.c.o
/usr/bin/cc   -ffunction-sections -fdata-sections -fPIC -arch arm64 -DCHECK_FUNCTION_EXISTS=localeconv -arch arm64 -isysroot /Applications/Xcode.app/Contents/Developer/Platforms/MacOSX.platform/Developer/SDKs/MacOSX12.3.sdk -MD -MT CMakeFiles/cmTC_3695a.dir/CheckFunctionExists.c.o -MF CMakeFiles/cmTC_3695a.dir/CheckFunctionExists.c.o.d -o CMakeFiles/cmTC_3695a.dir/CheckFunctionExists.c.o -c /opt/homebrew/Cellar/cmake/3.23.3/share/cmake/Modules/CheckFunctionExists.c
Linking C executable cmTC_3695a
/opt/homebrew/Cellar/cmake/3.23.3/bin/cmake -E cmake_link_script CMakeFiles/cmTC_3695a.dir/link.txt --verbose=1
/usr/bin/cc  -ffunction-sections -fdata-sections -fPIC -arch arm64 -DCHECK_FUNCTION_EXISTS=localeconv -arch arm64 -isysroot /Applications/Xcode.app/Contents/Developer/Platforms/MacOSX.platform/Developer/SDKs/MacOSX12.3.sdk -Wl,-search_paths_first -Wl,-headerpad_max_install_names  -framework Cocoa  CMakeFiles/cmTC_3695a.dir/CheckFunctionExists.c.o -o cmTC_3695a 



Determining if the function png_get_valid exists passed with the following output:
Change Dir: /Users/macbookair/Desktop/Projects/copycat/copycat/popup/popup/target/debug/build/fltk-sys-7f240e83d61d99b2/out/build/CMakeFiles/CMakeTmp

Run Build Command(s):/usr/bin/make -f Makefile cmTC_b3b60/fast && /Applications/Xcode.app/Contents/Developer/usr/bin/make  -f CMakeFiles/cmTC_b3b60.dir/build.make CMakeFiles/cmTC_b3b60.dir/build
Building C object CMakeFiles/cmTC_b3b60.dir/CheckFunctionExists.c.o
/usr/bin/cc   -ffunction-sections -fdata-sections -fPIC -arch arm64 -DCHECK_FUNCTION_EXISTS=png_get_valid -arch arm64 -isysroot /Applications/Xcode.app/Contents/Developer/Platforms/MacOSX.platform/Developer/SDKs/MacOSX12.3.sdk -MD -MT CMakeFiles/cmTC_b3b60.dir/CheckFunctionExists.c.o -MF CMakeFiles/cmTC_b3b60.dir/CheckFunctionExists.c.o.d -o CMakeFiles/cmTC_b3b60.dir/CheckFunctionExists.c.o -c /opt/homebrew/Cellar/cmake/3.23.3/share/cmake/Modules/CheckFunctionExists.c
Linking C executable cmTC_b3b60
/opt/homebrew/Cellar/cmake/3.23.3/bin/cmake -E cmake_link_script CMakeFiles/cmTC_b3b60.dir/link.txt --verbose=1
/usr/bin/cc  -ffunction-sections -fdata-sections -fPIC -arch arm64 -DCHECK_FUNCTION_EXISTS=png_get_valid -arch arm64 -isysroot /Applications/Xcode.app/Contents/Developer/Platforms/MacOSX.platform/Developer/SDKs/MacOSX12.3.sdk -Wl,-search_paths_first -Wl,-headerpad_max_install_names  -framework Cocoa  CMakeFiles/cmTC_b3b60.dir/CheckFunctionExists.c.o -o cmTC_b3b60  /opt/homebrew/lib/libpng.dylib 



Determining if the function png_set_tRNS_to_alpha exists passed with the following output:
Change Dir: /Users/macbookair/Desktop/Projects/copycat/copycat/popup/popup/target/debug/build/fltk-sys-7f240e83d61d99b2/out/build/CMakeFiles/CMakeTmp

Run Build Command(s):/usr/bin/make -f Makefile cmTC_ab680/fast && /Applications/Xcode.app/Contents/Developer/usr/bin/make  -f CMakeFiles/cmTC_ab680.dir/build.make CMakeFiles/cmTC_ab680.dir/build
Building C object CMakeFiles/cmTC_ab680.dir/CheckFunctionExists.c.o
/usr/bin/cc   -ffunction-sections -fdata-sections -fPIC -arch arm64 -DCHECK_FUNCTION_EXISTS=png_set_tRNS_to_alpha -arch arm64 -isysroot /Applications/Xcode.app/Contents/Developer/Platforms/MacOSX.platform/Developer/SDKs/MacOSX12.3.sdk -MD -MT CMakeFiles/cmTC_ab680.dir/CheckFunctionExists.c.o -MF CMakeFiles/cmTC_ab680.dir/CheckFunctionExists.c.o.d -o CMakeFiles/cmTC_ab680.dir/CheckFunctionExists.c.o -c /opt/homebrew/Cellar/cmake/3.23.3/share/cmake/Modules/CheckFunctionExists.c
Linking C executable cmTC_ab680
/opt/homebrew/Cellar/cmake/3.23.3/bin/cmake -E cmake_link_script CMakeFiles/cmTC_ab680.dir/link.txt --verbose=1
/usr/bin/cc  -ffunction-sections -fdata-sections -fPIC -arch arm64 -DCHECK_FUNCTION_EXISTS=png_set_tRNS_to_alpha -arch arm64 -isysroot /Applications/Xcode.app/Contents/Developer/Platforms/MacOSX.platform/Developer/SDKs/MacOSX12.3.sdk -Wl,-search_paths_first -Wl,-headerpad_max_install_names  -framework Cocoa  CMakeFiles/cmTC_ab680.dir/CheckFunctionExists.c.o -o cmTC_ab680  /opt/homebrew/lib/libpng.dylib 



Determining if the function strlcat exists passed with the following output:
Change Dir: /Users/macbookair/Desktop/Projects/copycat/copycat/popup/popup/target/debug/build/fltk-sys-7f240e83d61d99b2/out/build/CMakeFiles/CMakeTmp

Run Build Command(s):/usr/bin/make -f Makefile cmTC_a6053/fast && /Applications/Xcode.app/Contents/Developer/usr/bin/make  -f CMakeFiles/cmTC_a6053.dir/build.make CMakeFiles/cmTC_a6053.dir/build
Building C object CMakeFiles/cmTC_a6053.dir/CheckFunctionExists.c.o
/usr/bin/cc   -ffunction-sections -fdata-sections -fPIC -arch arm64 -DCHECK_FUNCTION_EXISTS=strlcat -arch arm64 -isysroot /Applications/Xcode.app/Contents/Developer/Platforms/MacOSX.platform/Developer/SDKs/MacOSX12.3.sdk -MD -MT CMakeFiles/cmTC_a6053.dir/CheckFunctionExists.c.o -MF CMakeFiles/cmTC_a6053.dir/CheckFunctionExists.c.o.d -o CMakeFiles/cmTC_a6053.dir/CheckFunctionExists.c.o -c /opt/homebrew/Cellar/cmake/3.23.3/share/cmake/Modules/CheckFunctionExists.c
/opt/homebrew/Cellar/cmake/3.23.3/share/cmake/Modules/CheckFunctionExists.c:7:3: warning: incompatible redeclaration of library function 'strlcat' [-Wincompatible-library-redeclaration]
  CHECK_FUNCTION_EXISTS(void);
  ^
<command line>:1:31: note: expanded from here
#define CHECK_FUNCTION_EXISTS strlcat
                              ^
/opt/homebrew/Cellar/cmake/3.23.3/share/cmake/Modules/CheckFunctionExists.c:7:3: note: 'strlcat' is a builtin with type 'unsigned long (char *, const char *, unsigned long)'
<command line>:1:31: note: expanded from here
#define CHECK_FUNCTION_EXISTS strlcat
                              ^
1 warning generated.
Linking C executable cmTC_a6053
/opt/homebrew/Cellar/cmake/3.23.3/bin/cmake -E cmake_link_script CMakeFiles/cmTC_a6053.dir/link.txt --verbose=1
/usr/bin/cc  -ffunction-sections -fdata-sections -fPIC -arch arm64 -DCHECK_FUNCTION_EXISTS=strlcat -arch arm64 -isysroot /Applications/Xcode.app/Contents/Developer/Platforms/MacOSX.platform/Developer/SDKs/MacOSX12.3.sdk -Wl,-search_paths_first -Wl,-headerpad_max_install_names  -framework Cocoa  CMakeFiles/cmTC_a6053.dir/CheckFunctionExists.c.o -o cmTC_a6053 



Determining if the function strlcpy exists passed with the following output:
Change Dir: /Users/macbookair/Desktop/Projects/copycat/copycat/popup/popup/target/debug/build/fltk-sys-7f240e83d61d99b2/out/build/CMakeFiles/CMakeTmp

Run Build Command(s):/usr/bin/make -f Makefile cmTC_7a21d/fast && /Applications/Xcode.app/Contents/Developer/usr/bin/make  -f CMakeFiles/cmTC_7a21d.dir/build.make CMakeFiles/cmTC_7a21d.dir/build
Building C object CMakeFiles/cmTC_7a21d.dir/CheckFunctionExists.c.o
/usr/bin/cc   -ffunction-sections -fdata-sections -fPIC -arch arm64 -DCHECK_FUNCTION_EXISTS=strlcpy -arch arm64 -isysroot /Applications/Xcode.app/Contents/Developer/Platforms/MacOSX.platform/Developer/SDKs/MacOSX12.3.sdk -MD -MT CMakeFiles/cmTC_7a21d.dir/CheckFunctionExists.c.o -MF CMakeFiles/cmTC_7a21d.dir/CheckFunctionExists.c.o.d -o CMakeFiles/cmTC_7a21d.dir/CheckFunctionExists.c.o -c /opt/homebrew/Cellar/cmake/3.23.3/share/cmake/Modules/CheckFunctionExists.c
/opt/homebrew/Cellar/cmake/3.23.3/share/cmake/Modules/CheckFunctionExists.c:7:3: warning: incompatible redeclaration of library function 'strlcpy' [-Wincompatible-library-redeclaration]
  CHECK_FUNCTION_EXISTS(void);
  ^
<command line>:1:31: note: expanded from here
#define CHECK_FUNCTION_EXISTS strlcpy
                              ^
/opt/homebrew/Cellar/cmake/3.23.3/share/cmake/Modules/CheckFunctionExists.c:7:3: note: 'strlcpy' is a builtin with type 'unsigned long (char *, const char *, unsigned long)'
<command line>:1:31: note: expanded from here
#define CHECK_FUNCTION_EXISTS strlcpy
                              ^
1 warning generated.
Linking C executable cmTC_7a21d
/opt/homebrew/Cellar/cmake/3.23.3/bin/cmake -E cmake_link_script CMakeFiles/cmTC_7a21d.dir/link.txt --verbose=1
/usr/bin/cc  -ffunction-sections -fdata-sections -fPIC -arch arm64 -DCHECK_FUNCTION_EXISTS=strlcpy -arch arm64 -isysroot /Applications/Xcode.app/Contents/Developer/Platforms/MacOSX.platform/Developer/SDKs/MacOSX12.3.sdk -Wl,-search_paths_first -Wl,-headerpad_max_install_names  -framework Cocoa  CMakeFiles/cmTC_7a21d.dir/CheckFunctionExists.c.o -o cmTC_7a21d 



Determining if the include file pthread.h exists passed with the following output:
Change Dir: /Users/macbookair/Desktop/Projects/copycat/copycat/popup/popup/target/debug/build/fltk-sys-7f240e83d61d99b2/out/build/CMakeFiles/CMakeTmp

Run Build Command(s):/usr/bin/make -f Makefile cmTC_76d57/fast && /Applications/Xcode.app/Contents/Developer/usr/bin/make  -f CMakeFiles/cmTC_76d57.dir/build.make CMakeFiles/cmTC_76d57.dir/build
Building C object CMakeFiles/cmTC_76d57.dir/CheckIncludeFile.c.o
/usr/bin/cc   -ffunction-sections -fdata-sections -fPIC -arch arm64  -arch arm64 -isysroot /Applications/Xcode.app/Contents/Developer/Platforms/MacOSX.platform/Developer/SDKs/MacOSX12.3.sdk -MD -MT CMakeFiles/cmTC_76d57.dir/CheckIncludeFile.c.o -MF CMakeFiles/cmTC_76d57.dir/CheckIncludeFile.c.o.d -o CMakeFiles/cmTC_76d57.dir/CheckIncludeFile.c.o -c /Users/macbookair/Desktop/Projects/copycat/copycat/popup/popup/target/debug/build/fltk-sys-7f240e83d61d99b2/out/build/CMakeFiles/CMakeTmp/CheckIncludeFile.c
Linking C executable cmTC_76d57
/opt/homebrew/Cellar/cmake/3.23.3/bin/cmake -E cmake_link_script CMakeFiles/cmTC_76d57.dir/link.txt --verbose=1
/usr/bin/cc  -ffunction-sections -fdata-sections -fPIC -arch arm64  -arch arm64 -isysroot /Applications/Xcode.app/Contents/Developer/Platforms/MacOSX.platform/Developer/SDKs/MacOSX12.3.sdk -Wl,-search_paths_first -Wl,-headerpad_max_install_names  -framework Cocoa  CMakeFiles/cmTC_76d57.dir/CheckIncludeFile.c.o -o cmTC_76d57 



Performing C SOURCE FILE Test CMAKE_HAVE_LIBC_PTHREAD succeeded with the following output:
Change Dir: /Users/macbookair/Desktop/Projects/copycat/copycat/popup/popup/target/debug/build/fltk-sys-7f240e83d61d99b2/out/build/CMakeFiles/CMakeTmp

Run Build Command(s):/usr/bin/make -f Makefile cmTC_663c1/fast && /Applications/Xcode.app/Contents/Developer/usr/bin/make  -f CMakeFiles/cmTC_663c1.dir/build.make CMakeFiles/cmTC_663c1.dir/build
Building C object CMakeFiles/cmTC_663c1.dir/src.c.o
/usr/bin/cc -DCMAKE_HAVE_LIBC_PTHREAD  -ffunction-sections -fdata-sections -fPIC -arch arm64  -arch arm64 -isysroot /Applications/Xcode.app/Contents/Developer/Platforms/MacOSX.platform/Developer/SDKs/MacOSX12.3.sdk -MD -MT CMakeFiles/cmTC_663c1.dir/src.c.o -MF CMakeFiles/cmTC_663c1.dir/src.c.o.d -o CMakeFiles/cmTC_663c1.dir/src.c.o -c /Users/macbookair/Desktop/Projects/copycat/copycat/popup/popup/target/debug/build/fltk-sys-7f240e83d61d99b2/out/build/CMakeFiles/CMakeTmp/src.c
Linking C executable cmTC_663c1
/opt/homebrew/Cellar/cmake/3.23.3/bin/cmake -E cmake_link_script CMakeFiles/cmTC_663c1.dir/link.txt --verbose=1
/usr/bin/cc  -ffunction-sections -fdata-sections -fPIC -arch arm64  -arch arm64 -isysroot /Applications/Xcode.app/Contents/Developer/Platforms/MacOSX.platform/Developer/SDKs/MacOSX12.3.sdk -Wl,-search_paths_first -Wl,-headerpad_max_install_names  -framework Cocoa  CMakeFiles/cmTC_663c1.dir/src.c.o -o cmTC_663c1 


Source file was:
#include <pthread.h>

static void* test_func(void* data)
{
  return data;
}

int main(void)
{
  pthread_t thread;
  pthread_create(&thread, NULL, test_func, NULL);
  pthread_detach(thread);
  pthread_cancel(thread);
  pthread_join(thread, NULL);
  pthread_atfork(NULL, NULL, NULL);
  pthread_exit(NULL);

  return 0;
}

