Determining if files alsa/asoundlib.h exist failed with the following output:
Change Dir: /Users/macbookair/Desktop/Projects/copycat/copycat/popup/popup/target/release/build/fltk-sys-c3a6832f0b6e5225/out/build/CMakeFiles/CMakeTmp

Run Build Command(s):/usr/bin/make -f Makefile cmTC_dd439/fast && /Applications/Xcode.app/Contents/Developer/usr/bin/make  -f CMakeFiles/cmTC_dd439.dir/build.make CMakeFiles/cmTC_dd439.dir/build
Building C object CMakeFiles/cmTC_dd439.dir/HAVE_ALSA_ASOUNDLIB_H.c.o
/usr/bin/cc   -ffunction-sections -fdata-sections -fPIC -arch arm64  -arch arm64 -isysroot /Applications/Xcode.app/Contents/Developer/Platforms/MacOSX.platform/Developer/SDKs/MacOSX12.3.sdk -MD -MT CMakeFiles/cmTC_dd439.dir/HAVE_ALSA_ASOUNDLIB_H.c.o -MF CMakeFiles/cmTC_dd439.dir/HAVE_ALSA_ASOUNDLIB_H.c.o.d -o CMakeFiles/cmTC_dd439.dir/HAVE_ALSA_ASOUNDLIB_H.c.o -c /Users/macbookair/Desktop/Projects/copycat/copycat/popup/popup/target/release/build/fltk-sys-c3a6832f0b6e5225/out/build/CMakeFiles/CheckIncludeFiles/HAVE_ALSA_ASOUNDLIB_H.c
/Users/macbookair/Desktop/Projects/copycat/copycat/popup/popup/target/release/build/fltk-sys-c3a6832f0b6e5225/out/build/CMakeFiles/CheckIncludeFiles/HAVE_ALSA_ASOUNDLIB_H.c:2:10: fatal error: 'alsa/asoundlib.h' file not found
#include <alsa/asoundlib.h>
         ^~~~~~~~~~~~~~~~~~
1 error generated.
make[1]: *** [CMakeFiles/cmTC_dd439.dir/HAVE_ALSA_ASOUNDLIB_H.c.o] Error 1
make: *** [cmTC_dd439/fast] Error 2


Source:
/* */
#include <alsa/asoundlib.h>


int main(void){return 0;}

Determining if files GL/glu.h exist failed with the following output:
Change Dir: /Users/macbookair/Desktop/Projects/copycat/copycat/popup/popup/target/release/build/fltk-sys-c3a6832f0b6e5225/out/build/CMakeFiles/CMakeTmp

Run Build Command(s):/usr/bin/make -f Makefile cmTC_366d8/fast && /Applications/Xcode.app/Contents/Developer/usr/bin/make  -f CMakeFiles/cmTC_366d8.dir/build.make CMakeFiles/cmTC_366d8.dir/build
Building C object CMakeFiles/cmTC_366d8.dir/HAVE_GL_GLU_H.c.o
/usr/bin/cc   -ffunction-sections -fdata-sections -fPIC -arch arm64  -arch arm64 -isysroot /Applications/Xcode.app/Contents/Developer/Platforms/MacOSX.platform/Developer/SDKs/MacOSX12.3.sdk -MD -MT CMakeFiles/cmTC_366d8.dir/HAVE_GL_GLU_H.c.o -MF CMakeFiles/cmTC_366d8.dir/HAVE_GL_GLU_H.c.o.d -o CMakeFiles/cmTC_366d8.dir/HAVE_GL_GLU_H.c.o -c /Users/macbookair/Desktop/Projects/copycat/copycat/popup/popup/target/release/build/fltk-sys-c3a6832f0b6e5225/out/build/CMakeFiles/CheckIncludeFiles/HAVE_GL_GLU_H.c
/Users/macbookair/Desktop/Projects/copycat/copycat/popup/popup/target/release/build/fltk-sys-c3a6832f0b6e5225/out/build/CMakeFiles/CheckIncludeFiles/HAVE_GL_GLU_H.c:2:10: fatal error: 'GL/glu.h' file not found
#include <GL/glu.h>
         ^~~~~~~~~~
1 error generated.
make[1]: *** [CMakeFiles/cmTC_366d8.dir/HAVE_GL_GLU_H.c.o] Error 1
make: *** [cmTC_366d8/fast] Error 2


Source:
/* */
#include <GL/glu.h>


int main(void){return 0;}

Determining if files sys/stdtypes.h exist failed with the following output:
Change Dir: /Users/macbookair/Desktop/Projects/copycat/copycat/popup/popup/target/release/build/fltk-sys-c3a6832f0b6e5225/out/build/CMakeFiles/CMakeTmp

Run Build Command(s):/usr/bin/make -f Makefile cmTC_e5ac8/fast && /Applications/Xcode.app/Contents/Developer/usr/bin/make  -f CMakeFiles/cmTC_e5ac8.dir/build.make CMakeFiles/cmTC_e5ac8.dir/build
Building C object CMakeFiles/cmTC_e5ac8.dir/HAVE_SYS_STDTYPES_H.c.o
/usr/bin/cc   -ffunction-sections -fdata-sections -fPIC -arch arm64  -arch arm64 -isysroot /Applications/Xcode.app/Contents/Developer/Platforms/MacOSX.platform/Developer/SDKs/MacOSX12.3.sdk -MD -MT CMakeFiles/cmTC_e5ac8.dir/HAVE_SYS_STDTYPES_H.c.o -MF CMakeFiles/cmTC_e5ac8.dir/HAVE_SYS_STDTYPES_H.c.o.d -o CMakeFiles/cmTC_e5ac8.dir/HAVE_SYS_STDTYPES_H.c.o -c /Users/macbookair/Desktop/Projects/copycat/copycat/popup/popup/target/release/build/fltk-sys-c3a6832f0b6e5225/out/build/CMakeFiles/CheckIncludeFiles/HAVE_SYS_STDTYPES_H.c
/Users/macbookair/Desktop/Projects/copycat/copycat/popup/popup/target/release/build/fltk-sys-c3a6832f0b6e5225/out/build/CMakeFiles/CheckIncludeFiles/HAVE_SYS_STDTYPES_H.c:2:10: fatal error: 'sys/stdtypes.h' file not found
#include <sys/stdtypes.h>
         ^~~~~~~~~~~~~~~~
1 error generated.
make[1]: *** [CMakeFiles/cmTC_e5ac8.dir/HAVE_SYS_STDTYPES_H.c.o] Error 1
make: *** [cmTC_e5ac8/fast] Error 2


Source:
/* */
#include <sys/stdtypes.h>


int main(void){return 0;}

Determining if files X11/Xlib.h;X11/Xregion.h exist failed with the following output:
Change Dir: /Users/macbookair/Desktop/Projects/copycat/copycat/popup/popup/target/release/build/fltk-sys-c3a6832f0b6e5225/out/build/CMakeFiles/CMakeTmp

Run Build Command(s):/usr/bin/make -f Makefile cmTC_0cc1c/fast && /Applications/Xcode.app/Contents/Developer/usr/bin/make  -f CMakeFiles/cmTC_0cc1c.dir/build.make CMakeFiles/cmTC_0cc1c.dir/build
Building C object CMakeFiles/cmTC_0cc1c.dir/HAVE_X11_XREGION_H.c.o
/usr/bin/cc   -ffunction-sections -fdata-sections -fPIC -arch arm64  -arch arm64 -isysroot /Applications/Xcode.app/Contents/Developer/Platforms/MacOSX.platform/Developer/SDKs/MacOSX12.3.sdk -MD -MT CMakeFiles/cmTC_0cc1c.dir/HAVE_X11_XREGION_H.c.o -MF CMakeFiles/cmTC_0cc1c.dir/HAVE_X11_XREGION_H.c.o.d -o CMakeFiles/cmTC_0cc1c.dir/HAVE_X11_XREGION_H.c.o -c /Users/macbookair/Desktop/Projects/copycat/copycat/popup/popup/target/release/build/fltk-sys-c3a6832f0b6e5225/out/build/CMakeFiles/CheckIncludeFiles/HAVE_X11_XREGION_H.c
/Users/macbookair/Desktop/Projects/copycat/copycat/popup/popup/target/release/build/fltk-sys-c3a6832f0b6e5225/out/build/CMakeFiles/CheckIncludeFiles/HAVE_X11_XREGION_H.c:2:10: fatal error: 'X11/Xlib.h' file not found
#include <X11/Xlib.h>
         ^~~~~~~~~~~~
1 error generated.
make[1]: *** [CMakeFiles/cmTC_0cc1c.dir/HAVE_X11_XREGION_H.c.o] Error 1
make: *** [cmTC_0cc1c/fast] Error 2


Source:
/* */
#include <X11/Xlib.h>
#include <X11/Xregion.h>


int main(void){return 0;}

