The system is: Darwin - 21.4.0 - arm64
Compiling the C compiler identification source file "CMakeCCompilerId.c" succeeded.
Compiler: /usr/bin/cc 
Build flags: ;-ffunction-sections;-fdata-sections;-fPIC;-arch;arm64
Id flags:  

The output was:
0


Compilation of the C compiler identification source "CMakeCCompilerId.c" produced "a.out"

The C compiler identification is AppleClang, found in "/Users/macbookair/Desktop/Projects/copycat/copycat/popup/popup/target/release/build/fltk-sys-c3a6832f0b6e5225/out/build/CMakeFiles/3.23.3/CompilerIdC/a.out"

Compiling the CXX compiler identification source file "CMakeCXXCompilerId.cpp" succeeded.
Compiler: /usr/bin/c++ 
Build flags: ;-ffunction-sections;-fdata-sections;-fPIC;-arch;arm64
Id flags:  

The output was:
0


Compilation of the CXX compiler identification source "CMakeCXXCompilerId.cpp" produced "a.out"

The CXX compiler identification is AppleClang, found in "/Users/macbookair/Desktop/Projects/copycat/copycat/popup/popup/target/release/build/fltk-sys-c3a6832f0b6e5225/out/build/CMakeFiles/3.23.3/CompilerIdCXX/a.out"

Detecting C compiler ABI info compiled with the following output:
Change Dir: /Users/macbookair/Desktop/Projects/copycat/copycat/popup/popup/target/release/build/fltk-sys-c3a6832f0b6e5225/out/build/CMakeFiles/CMakeTmp

Run Build Command(s):/usr/bin/make -f Makefile cmTC_8c871/fast && /Applications/Xcode.app/Contents/Developer/usr/bin/make  -f CMakeFiles/cmTC_8c871.dir/build.make CMakeFiles/cmTC_8c871.dir/build
Building C object CMakeFiles/cmTC_8c871.dir/CMakeCCompilerABI.c.o
/usr/bin/cc   -ffunction-sections -fdata-sections -fPIC -arch arm64  -arch arm64 -isysroot /Applications/Xcode.app/Contents/Developer/Platforms/MacOSX.platform/Developer/SDKs/MacOSX12.3.sdk   -v -Wl,-v -MD -MT CMakeFiles/cmTC_8c871.dir/CMakeCCompilerABI.c.o -MF CMakeFiles/cmTC_8c871.dir/CMakeCCompilerABI.c.o.d -o CMakeFiles/cmTC_8c871.dir/CMakeCCompilerABI.c.o -c /opt/homebrew/Cellar/cmake/3.23.3/share/cmake/Modules/CMakeCCompilerABI.c
Apple clang version 13.1.6 (clang-1316.0.21.2.5)
Target: arm64-apple-darwin21.4.0
Thread model: posix
InstalledDir: /Applications/Xcode.app/Contents/Developer/Toolchains/XcodeDefault.xctoolchain/usr/bin
clang: warning: -Wl,-v: 'linker' input unused [-Wunused-command-line-argument]
 "/Applications/Xcode.app/Contents/Developer/Toolchains/XcodeDefault.xctoolchain/usr/bin/clang" -cc1 -triple arm64-apple-macosx12.0.0 -Wundef-prefix=TARGET_OS_ -Wdeprecated-objc-isa-usage -Werror=deprecated-objc-isa-usage -Werror=implicit-function-declaration -emit-obj -mrelax-all --mrelax-relocations -disable-free -disable-llvm-verifier -discard-value-names -main-file-name CMakeCCompilerABI.c -mrelocation-model pic -pic-level 2 -mframe-pointer=non-leaf -fno-strict-return -fno-rounding-math -munwind-tables -target-sdk-version=12.3 -fvisibility-inlines-hidden-static-local-var -target-cpu apple-m1 -target-feature +v8.5a -target-feature +fp-armv8 -target-feature +neon -target-feature +crc -target-feature +crypto -target-feature +dotprod -target-feature +fp16fml -target-feature +ras -target-feature +lse -target-feature +rdm -target-feature +rcpc -target-feature +zcm -target-feature +zcz -target-feature +fullfp16 -target-feature +sm4 -target-feature +sha3 -target-feature +sha2 -target-feature +aes -target-abi darwinpcs -fallow-half-arguments-and-returns -debugger-tuning=lldb -target-linker-version 763 -v -ffunction-sections -fdata-sections -resource-dir /Applications/Xcode.app/Contents/Developer/Toolchains/XcodeDefault.xctoolchain/usr/lib/clang/13.1.6 -dependency-file CMakeFiles/cmTC_8c871.dir/CMakeCCompilerABI.c.o.d -skip-unused-modulemap-deps -MT CMakeFiles/cmTC_8c871.dir/CMakeCCompilerABI.c.o -sys-header-deps -isysroot /Applications/Xcode.app/Contents/Developer/Platforms/MacOSX.platform/Developer/SDKs/MacOSX12.3.sdk -internal-isystem /Applications/Xcode.app/Contents/Developer/Platforms/MacOSX.platform/Developer/SDKs/MacOSX12.3.sdk/usr/local/include -internal-isystem /Applications/Xcode.app/Contents/Developer/Toolchains/XcodeDefault.xctoolchain/usr/lib/clang/13.1.6/include -internal-externc-isystem /Applications/Xcode.app/Contents/Developer/Platforms/MacOSX.platform/Developer/SDKs/MacOSX12.3.sdk/usr/include -internal-externc-isystem /Applications/Xcode.app/Contents/Developer/Toolchains/XcodeDefault.xctoolchain/usr/include -Wno-reorder-init-list -Wno-implicit-int-float-conversion -Wno-c99-designator -Wno-final-dtor-non-final-class -Wno-extra-semi-stmt -Wno-misleading-indentation -Wno-quoted-include-in-framework-header -Wno-implicit-fallthrough -Wno-enum-enum-conversion -Wno-enum-float-conversion -Wno-elaborated-enum-base -Wno-reserved-identifier -Wno-gnu-folding-constant -Wno-objc-load-method -fdebug-compilation-dir=/Users/macbookair/Desktop/Projects/copycat/copycat/popup/popup/target/release/build/fltk-sys-c3a6832f0b6e5225/out/build/CMakeFiles/CMakeTmp -ferror-limit 19 -stack-protector 1 -fstack-check -mdarwin-stkchk-strong-link -fblocks -fencode-extended-block-signature -fregister-global-dtors-with-atexit -fgnuc-version=4.2.1 -fmax-type-align=16 -fcommon -clang-vendor-feature=+messageToSelfInClassMethodIdReturnType -clang-vendor-feature=+disableInferNewAvailabilityFromInit -clang-vendor-feature=+disableNonDependentMemberExprInCurrentInstantiation -fno-odr-hash-protocols -clang-vendor-feature=+enableAggressiveVLAFolding -clang-vendor-feature=+revert09abecef7bbf -clang-vendor-feature=+thisNoAlignAttr -clang-vendor-feature=+thisNoNullAttr -mllvm -disable-aligned-alloc-awareness=1 -D__GCC_HAVE_DWARF2_CFI_ASM=1 -o CMakeFiles/cmTC_8c871.dir/CMakeCCompilerABI.c.o -x c /opt/homebrew/Cellar/cmake/3.23.3/share/cmake/Modules/CMakeCCompilerABI.c
clang -cc1 version 13.1.6 (clang-1316.0.21.2.5) default target arm64-apple-darwin21.4.0
ignoring nonexistent directory "/Applications/Xcode.app/Contents/Developer/Platforms/MacOSX.platform/Developer/SDKs/MacOSX12.3.sdk/usr/local/include"
ignoring nonexistent directory "/Applications/Xcode.app/Contents/Developer/Platforms/MacOSX.platform/Developer/SDKs/MacOSX12.3.sdk/Library/Frameworks"
#include "..." search starts here:
#include <...> search starts here:
 /Applications/Xcode.app/Contents/Developer/Toolchains/XcodeDefault.xctoolchain/usr/lib/clang/13.1.6/include
 /Applications/Xcode.app/Contents/Developer/Platforms/MacOSX.platform/Developer/SDKs/MacOSX12.3.sdk/usr/include
 /Applications/Xcode.app/Contents/Developer/Toolchains/XcodeDefault.xctoolchain/usr/include
 /Applications/Xcode.app/Contents/Developer/Platforms/MacOSX.platform/Developer/SDKs/MacOSX12.3.sdk/System/Library/Frameworks (framework directory)
End of search list.
Linking C executable cmTC_8c871
/opt/homebrew/Cellar/cmake/3.23.3/bin/cmake -E cmake_link_script CMakeFiles/cmTC_8c871.dir/link.txt --verbose=1
/usr/bin/cc  -ffunction-sections -fdata-sections -fPIC -arch arm64  -arch arm64 -isysroot /Applications/Xcode.app/Contents/Developer/Platforms/MacOSX.platform/Developer/SDKs/MacOSX12.3.sdk -Wl,-search_paths_first -Wl,-headerpad_max_install_names  -v -Wl,-v CMakeFiles/cmTC_8c871.dir/CMakeCCompilerABI.c.o -o cmTC_8c871 
Apple clang version 13.1.6 (clang-1316.0.21.2.5)
Target: arm64-apple-darwin21.4.0
Thread model: posix
InstalledDir: /Applications/Xcode.app/Contents/Developer/Toolchains/XcodeDefault.xctoolchain/usr/bin
 "/Applications/Xcode.app/Contents/Developer/Toolchains/XcodeDefault.xctoolchain/usr/bin/ld" -demangle -lto_library /Applications/Xcode.app/Contents/Developer/Toolchains/XcodeDefault.xctoolchain/usr/lib/libLTO.dylib -dynamic -arch arm64 -platform_version macos 12.0.0 12.3 -syslibroot /Applications/Xcode.app/Contents/Developer/Platforms/MacOSX.platform/Developer/SDKs/MacOSX12.3.sdk -o cmTC_8c871 -search_paths_first -headerpad_max_install_names -v CMakeFiles/cmTC_8c871.dir/CMakeCCompilerABI.c.o -lSystem /Applications/Xcode.app/Contents/Developer/Toolchains/XcodeDefault.xctoolchain/usr/lib/clang/13.1.6/lib/darwin/libclang_rt.osx.a
@(#)PROGRAM:ld  PROJECT:ld64-764
BUILD 11:29:07 May 17 2022
configured to support archs: armv6 armv7 armv7s arm64 arm64e arm64_32 i386 x86_64 x86_64h armv6m armv7k armv7m armv7em
Library search paths:
	/Applications/Xcode.app/Contents/Developer/Platforms/MacOSX.platform/Developer/SDKs/MacOSX12.3.sdk/usr/lib
Framework search paths:
	/Applications/Xcode.app/Contents/Developer/Platforms/MacOSX.platform/Developer/SDKs/MacOSX12.3.sdk/System/Library/Frameworks/



Parsed C implicit include dir info from above output: rv=done
  found start of include info
  found start of implicit include info
    add: [/Applications/Xcode.app/Contents/Developer/Toolchains/XcodeDefault.xctoolchain/usr/lib/clang/13.1.6/include]
    add: [/Applications/Xcode.app/Contents/Developer/Platforms/MacOSX.platform/Developer/SDKs/MacOSX12.3.sdk/usr/include]
    add: [/Applications/Xcode.app/Contents/Developer/Toolchains/XcodeDefault.xctoolchain/usr/include]
  end of search list found
  collapse include dir [/Applications/Xcode.app/Contents/Developer/Toolchains/XcodeDefault.xctoolchain/usr/lib/clang/13.1.6/include] ==> [/Applications/Xcode.app/Contents/Developer/Toolchains/XcodeDefault.xctoolchain/usr/lib/clang/13.1.6/include]
  collapse include dir [/Applications/Xcode.app/Contents/Developer/Platforms/MacOSX.platform/Developer/SDKs/MacOSX12.3.sdk/usr/include] ==> [/Applications/Xcode.app/Contents/Developer/Platforms/MacOSX.platform/Developer/SDKs/MacOSX12.3.sdk/usr/include]
  collapse include dir [/Applications/Xcode.app/Contents/Developer/Toolchains/XcodeDefault.xctoolchain/usr/include] ==> [/Applications/Xcode.app/Contents/Developer/Toolchains/XcodeDefault.xctoolchain/usr/include]
  implicit include dirs: [/Applications/Xcode.app/Contents/Developer/Toolchains/XcodeDefault.xctoolchain/usr/lib/clang/13.1.6/include;/Applications/Xcode.app/Contents/Developer/Platforms/MacOSX.platform/Developer/SDKs/MacOSX12.3.sdk/usr/include;/Applications/Xcode.app/Contents/Developer/Toolchains/XcodeDefault.xctoolchain/usr/include]


Parsed C implicit link information from above output:
  link line regex: [^( *|.*[/\])(ld|CMAKE_LINK_STARTFILE-NOTFOUND|([^/\]+-)?ld|collect2)[^/\]*( |$)]
  ignore line: [Change Dir: /Users/macbookair/Desktop/Projects/copycat/copycat/popup/popup/target/release/build/fltk-sys-c3a6832f0b6e5225/out/build/CMakeFiles/CMakeTmp]
  ignore line: []
  ignore line: [Run Build Command(s):/usr/bin/make -f Makefile cmTC_8c871/fast && /Applications/Xcode.app/Contents/Developer/usr/bin/make  -f CMakeFiles/cmTC_8c871.dir/build.make CMakeFiles/cmTC_8c871.dir/build]
  ignore line: [Building C object CMakeFiles/cmTC_8c871.dir/CMakeCCompilerABI.c.o]
  ignore line: [/usr/bin/cc   -ffunction-sections -fdata-sections -fPIC -arch arm64  -arch arm64 -isysroot /Applications/Xcode.app/Contents/Developer/Platforms/MacOSX.platform/Developer/SDKs/MacOSX12.3.sdk   -v -Wl -v -MD -MT CMakeFiles/cmTC_8c871.dir/CMakeCCompilerABI.c.o -MF CMakeFiles/cmTC_8c871.dir/CMakeCCompilerABI.c.o.d -o CMakeFiles/cmTC_8c871.dir/CMakeCCompilerABI.c.o -c /opt/homebrew/Cellar/cmake/3.23.3/share/cmake/Modules/CMakeCCompilerABI.c]
  ignore line: [Apple clang version 13.1.6 (clang-1316.0.21.2.5)]
  ignore line: [Target: arm64-apple-darwin21.4.0]
  ignore line: [Thread model: posix]
  ignore line: [InstalledDir: /Applications/Xcode.app/Contents/Developer/Toolchains/XcodeDefault.xctoolchain/usr/bin]
  ignore line: [clang: warning: -Wl -v: 'linker' input unused [-Wunused-command-line-argument]]
  ignore line: [ "/Applications/Xcode.app/Contents/Developer/Toolchains/XcodeDefault.xctoolchain/usr/bin/clang" -cc1 -triple arm64-apple-macosx12.0.0 -Wundef-prefix=TARGET_OS_ -Wdeprecated-objc-isa-usage -Werror=deprecated-objc-isa-usage -Werror=implicit-function-declaration -emit-obj -mrelax-all --mrelax-relocations -disable-free -disable-llvm-verifier -discard-value-names -main-file-name CMakeCCompilerABI.c -mrelocation-model pic -pic-level 2 -mframe-pointer=non-leaf -fno-strict-return -fno-rounding-math -munwind-tables -target-sdk-version=12.3 -fvisibility-inlines-hidden-static-local-var -target-cpu apple-m1 -target-feature +v8.5a -target-feature +fp-armv8 -target-feature +neon -target-feature +crc -target-feature +crypto -target-feature +dotprod -target-feature +fp16fml -target-feature +ras -target-feature +lse -target-feature +rdm -target-feature +rcpc -target-feature +zcm -target-feature +zcz -target-feature +fullfp16 -target-feature +sm4 -target-feature +sha3 -target-feature +sha2 -target-feature +aes -target-abi darwinpcs -fallow-half-arguments-and-returns -debugger-tuning=lldb -target-linker-version 763 -v -ffunction-sections -fdata-sections -resource-dir /Applications/Xcode.app/Contents/Developer/Toolchains/XcodeDefault.xctoolchain/usr/lib/clang/13.1.6 -dependency-file CMakeFiles/cmTC_8c871.dir/CMakeCCompilerABI.c.o.d -skip-unused-modulemap-deps -MT CMakeFiles/cmTC_8c871.dir/CMakeCCompilerABI.c.o -sys-header-deps -isysroot /Applications/Xcode.app/Contents/Developer/Platforms/MacOSX.platform/Developer/SDKs/MacOSX12.3.sdk -internal-isystem /Applications/Xcode.app/Contents/Developer/Platforms/MacOSX.platform/Developer/SDKs/MacOSX12.3.sdk/usr/local/include -internal-isystem /Applications/Xcode.app/Contents/Developer/Toolchains/XcodeDefault.xctoolchain/usr/lib/clang/13.1.6/include -internal-externc-isystem /Applications/Xcode.app/Contents/Developer/Platforms/MacOSX.platform/Developer/SDKs/MacOSX12.3.sdk/usr/include -internal-externc-isystem /Applications/Xcode.app/Contents/Developer/Toolchains/XcodeDefault.xctoolchain/usr/include -Wno-reorder-init-list -Wno-implicit-int-float-conversion -Wno-c99-designator -Wno-final-dtor-non-final-class -Wno-extra-semi-stmt -Wno-misleading-indentation -Wno-quoted-include-in-framework-header -Wno-implicit-fallthrough -Wno-enum-enum-conversion -Wno-enum-float-conversion -Wno-elaborated-enum-base -Wno-reserved-identifier -Wno-gnu-folding-constant -Wno-objc-load-method -fdebug-compilation-dir=/Users/macbookair/Desktop/Projects/copycat/copycat/popup/popup/target/release/build/fltk-sys-c3a6832f0b6e5225/out/build/CMakeFiles/CMakeTmp -ferror-limit 19 -stack-protector 1 -fstack-check -mdarwin-stkchk-strong-link -fblocks -fencode-extended-block-signature -fregister-global-dtors-with-atexit -fgnuc-version=4.2.1 -fmax-type-align=16 -fcommon -clang-vendor-feature=+messageToSelfInClassMethodIdReturnType -clang-vendor-feature=+disableInferNewAvailabilityFromInit -clang-vendor-feature=+disableNonDependentMemberExprInCurrentInstantiation -fno-odr-hash-protocols -clang-vendor-feature=+enableAggressiveVLAFolding -clang-vendor-feature=+revert09abecef7bbf -clang-vendor-feature=+thisNoAlignAttr -clang-vendor-feature=+thisNoNullAttr -mllvm -disable-aligned-alloc-awareness=1 -D__GCC_HAVE_DWARF2_CFI_ASM=1 -o CMakeFiles/cmTC_8c871.dir/CMakeCCompilerABI.c.o -x c /opt/homebrew/Cellar/cmake/3.23.3/share/cmake/Modules/CMakeCCompilerABI.c]
  ignore line: [clang -cc1 version 13.1.6 (clang-1316.0.21.2.5) default target arm64-apple-darwin21.4.0]
  ignore line: [ignoring nonexistent directory "/Applications/Xcode.app/Contents/Developer/Platforms/MacOSX.platform/Developer/SDKs/MacOSX12.3.sdk/usr/local/include"]
  ignore line: [ignoring nonexistent directory "/Applications/Xcode.app/Contents/Developer/Platforms/MacOSX.platform/Developer/SDKs/MacOSX12.3.sdk/Library/Frameworks"]
  ignore line: [#include "..." search starts here:]
  ignore line: [#include <...> search starts here:]
  ignore line: [ /Applications/Xcode.app/Contents/Developer/Toolchains/XcodeDefault.xctoolchain/usr/lib/clang/13.1.6/include]
  ignore line: [ /Applications/Xcode.app/Contents/Developer/Platforms/MacOSX.platform/Developer/SDKs/MacOSX12.3.sdk/usr/include]
  ignore line: [ /Applications/Xcode.app/Contents/Developer/Toolchains/XcodeDefault.xctoolchain/usr/include]
  ignore line: [ /Applications/Xcode.app/Contents/Developer/Platforms/MacOSX.platform/Developer/SDKs/MacOSX12.3.sdk/System/Library/Frameworks (framework directory)]
  ignore line: [End of search list.]
  ignore line: [Linking C executable cmTC_8c871]
  ignore line: [/opt/homebrew/Cellar/cmake/3.23.3/bin/cmake -E cmake_link_script CMakeFiles/cmTC_8c871.dir/link.txt --verbose=1]
  ignore line: [/usr/bin/cc  -ffunction-sections -fdata-sections -fPIC -arch arm64  -arch arm64 -isysroot /Applications/Xcode.app/Contents/Developer/Platforms/MacOSX.platform/Developer/SDKs/MacOSX12.3.sdk -Wl -search_paths_first -Wl -headerpad_max_install_names  -v -Wl -v CMakeFiles/cmTC_8c871.dir/CMakeCCompilerABI.c.o -o cmTC_8c871 ]
  ignore line: [Apple clang version 13.1.6 (clang-1316.0.21.2.5)]
  ignore line: [Target: arm64-apple-darwin21.4.0]
  ignore line: [Thread model: posix]
  ignore line: [InstalledDir: /Applications/Xcode.app/Contents/Developer/Toolchains/XcodeDefault.xctoolchain/usr/bin]
  link line: [ "/Applications/Xcode.app/Contents/Developer/Toolchains/XcodeDefault.xctoolchain/usr/bin/ld" -demangle -lto_library /Applications/Xcode.app/Contents/Developer/Toolchains/XcodeDefault.xctoolchain/usr/lib/libLTO.dylib -dynamic -arch arm64 -platform_version macos 12.0.0 12.3 -syslibroot /Applications/Xcode.app/Contents/Developer/Platforms/MacOSX.platform/Developer/SDKs/MacOSX12.3.sdk -o cmTC_8c871 -search_paths_first -headerpad_max_install_names -v CMakeFiles/cmTC_8c871.dir/CMakeCCompilerABI.c.o -lSystem /Applications/Xcode.app/Contents/Developer/Toolchains/XcodeDefault.xctoolchain/usr/lib/clang/13.1.6/lib/darwin/libclang_rt.osx.a]
    arg [/Applications/Xcode.app/Contents/Developer/Toolchains/XcodeDefault.xctoolchain/usr/bin/ld] ==> ignore
    arg [-demangle] ==> ignore
    arg [-lto_library] ==> ignore, skip following value
    arg [/Applications/Xcode.app/Contents/Developer/Toolchains/XcodeDefault.xctoolchain/usr/lib/libLTO.dylib] ==> skip value of -lto_library
    arg [-dynamic] ==> ignore
    arg [-arch] ==> ignore
    arg [arm64] ==> ignore
    arg [-platform_version] ==> ignore
    arg [macos] ==> ignore
    arg [12.0.0] ==> ignore
    arg [12.3] ==> ignore
    arg [-syslibroot] ==> ignore
    arg [/Applications/Xcode.app/Contents/Developer/Platforms/MacOSX.platform/Developer/SDKs/MacOSX12.3.sdk] ==> ignore
    arg [-o] ==> ignore
    arg [cmTC_8c871] ==> ignore
    arg [-search_paths_first] ==> ignore
    arg [-headerpad_max_install_names] ==> ignore
    arg [-v] ==> ignore
    arg [CMakeFiles/cmTC_8c871.dir/CMakeCCompilerABI.c.o] ==> ignore
    arg [-lSystem] ==> lib [System]
    arg [/Applications/Xcode.app/Contents/Developer/Toolchains/XcodeDefault.xctoolchain/usr/lib/clang/13.1.6/lib/darwin/libclang_rt.osx.a] ==> lib [/Applications/Xcode.app/Contents/Developer/Toolchains/XcodeDefault.xctoolchain/usr/lib/clang/13.1.6/lib/darwin/libclang_rt.osx.a]
  Library search paths: [;/Applications/Xcode.app/Contents/Developer/Platforms/MacOSX.platform/Developer/SDKs/MacOSX12.3.sdk/usr/lib]
  Framework search paths: [;/Applications/Xcode.app/Contents/Developer/Platforms/MacOSX.platform/Developer/SDKs/MacOSX12.3.sdk/System/Library/Frameworks/]
  remove lib [System]
  remove lib [/Applications/Xcode.app/Contents/Developer/Toolchains/XcodeDefault.xctoolchain/usr/lib/clang/13.1.6/lib/darwin/libclang_rt.osx.a]
  collapse library dir [/Applications/Xcode.app/Contents/Developer/Platforms/MacOSX.platform/Developer/SDKs/MacOSX12.3.sdk/usr/lib] ==> [/Applications/Xcode.app/Contents/Developer/Platforms/MacOSX.platform/Developer/SDKs/MacOSX12.3.sdk/usr/lib]
  collapse framework dir [/Applications/Xcode.app/Contents/Developer/Platforms/MacOSX.platform/Developer/SDKs/MacOSX12.3.sdk/System/Library/Frameworks/] ==> [/Applications/Xcode.app/Contents/Developer/Platforms/MacOSX.platform/Developer/SDKs/MacOSX12.3.sdk/System/Library/Frameworks]
  implicit libs: []
  implicit objs: []
  implicit dirs: [/Applications/Xcode.app/Contents/Developer/Platforms/MacOSX.platform/Developer/SDKs/MacOSX12.3.sdk/usr/lib]
  implicit fwks: [/Applications/Xcode.app/Contents/Developer/Platforms/MacOSX.platform/Developer/SDKs/MacOSX12.3.sdk/System/Library/Frameworks]


Detecting CXX compiler ABI info compiled with the following output:
Change Dir: /Users/macbookair/Desktop/Projects/copycat/copycat/popup/popup/target/release/build/fltk-sys-c3a6832f0b6e5225/out/build/CMakeFiles/CMakeTmp

Run Build Command(s):/usr/bin/make -f Makefile cmTC_26b84/fast && /Applications/Xcode.app/Contents/Developer/usr/bin/make  -f CMakeFiles/cmTC_26b84.dir/build.make CMakeFiles/cmTC_26b84.dir/build
Building CXX object CMakeFiles/cmTC_26b84.dir/CMakeCXXCompilerABI.cpp.o
/usr/bin/c++   -ffunction-sections -fdata-sections -fPIC -arch arm64  -arch arm64 -isysroot /Applications/Xcode.app/Contents/Developer/Platforms/MacOSX.platform/Developer/SDKs/MacOSX12.3.sdk   -v -Wl,-v -MD -MT CMakeFiles/cmTC_26b84.dir/CMakeCXXCompilerABI.cpp.o -MF CMakeFiles/cmTC_26b84.dir/CMakeCXXCompilerABI.cpp.o.d -o CMakeFiles/cmTC_26b84.dir/CMakeCXXCompilerABI.cpp.o -c /opt/homebrew/Cellar/cmake/3.23.3/share/cmake/Modules/CMakeCXXCompilerABI.cpp
Apple clang version 13.1.6 (clang-1316.0.21.2.5)
Target: arm64-apple-darwin21.4.0
Thread model: posix
InstalledDir: /Applications/Xcode.app/Contents/Developer/Toolchains/XcodeDefault.xctoolchain/usr/bin
clang: warning: -Wl,-v: 'linker' input unused [-Wunused-command-line-argument]
 "/Applications/Xcode.app/Contents/Developer/Toolchains/XcodeDefault.xctoolchain/usr/bin/clang" -cc1 -triple arm64-apple-macosx12.0.0 -Wundef-prefix=TARGET_OS_ -Wdeprecated-objc-isa-usage -Werror=deprecated-objc-isa-usage -Werror=implicit-function-declaration -emit-obj -mrelax-all --mrelax-relocations -disable-free -disable-llvm-verifier -discard-value-names -main-file-name CMakeCXXCompilerABI.cpp -mrelocation-model pic -pic-level 2 -mframe-pointer=non-leaf -fno-strict-return -fno-rounding-math -munwind-tables -target-sdk-version=12.3 -fvisibility-inlines-hidden-static-local-var -target-cpu apple-m1 -target-feature +v8.5a -target-feature +fp-armv8 -target-feature +neon -target-feature +crc -target-feature +crypto -target-feature +dotprod -target-feature +fp16fml -target-feature +ras -target-feature +lse -target-feature +rdm -target-feature +rcpc -target-feature +zcm -target-feature +zcz -target-feature +fullfp16 -target-feature +sm4 -target-feature +sha3 -target-feature +sha2 -target-feature +aes -target-abi darwinpcs -fallow-half-arguments-and-returns -debugger-tuning=lldb -target-linker-version 763 -v -ffunction-sections -fdata-sections -resource-dir /Applications/Xcode.app/Contents/Developer/Toolchains/XcodeDefault.xctoolchain/usr/lib/clang/13.1.6 -dependency-file CMakeFiles/cmTC_26b84.dir/CMakeCXXCompilerABI.cpp.o.d -skip-unused-modulemap-deps -MT CMakeFiles/cmTC_26b84.dir/CMakeCXXCompilerABI.cpp.o -sys-header-deps -isysroot /Applications/Xcode.app/Contents/Developer/Platforms/MacOSX.platform/Developer/SDKs/MacOSX12.3.sdk -stdlib=libc++ -internal-isystem /Applications/Xcode.app/Contents/Developer/Platforms/MacOSX.platform/Developer/SDKs/MacOSX12.3.sdk/usr/include/c++/v1 -internal-isystem /Applications/Xcode.app/Contents/Developer/Platforms/MacOSX.platform/Developer/SDKs/MacOSX12.3.sdk/usr/local/include -internal-isystem /Applications/Xcode.app/Contents/Developer/Toolchains/XcodeDefault.xctoolchain/usr/lib/clang/13.1.6/include -internal-externc-isystem /Applications/Xcode.app/Contents/Developer/Platforms/MacOSX.platform/Developer/SDKs/MacOSX12.3.sdk/usr/include -internal-externc-isystem /Applications/Xcode.app/Contents/Developer/Toolchains/XcodeDefault.xctoolchain/usr/include -Wno-reorder-init-list -Wno-implicit-int-float-conversion -Wno-c99-designator -Wno-final-dtor-non-final-class -Wno-extra-semi-stmt -Wno-misleading-indentation -Wno-quoted-include-in-framework-header -Wno-implicit-fallthrough -Wno-enum-enum-conversion -Wno-enum-float-conversion -Wno-elaborated-enum-base -Wno-reserved-identifier -Wno-gnu-folding-constant -Wno-objc-load-method -fdeprecated-macro -fdebug-compilation-dir=/Users/macbookair/Desktop/Projects/copycat/copycat/popup/popup/target/release/build/fltk-sys-c3a6832f0b6e5225/out/build/CMakeFiles/CMakeTmp -ferror-limit 19 -stack-protector 1 -fstack-check -mdarwin-stkchk-strong-link -fblocks -fencode-extended-block-signature -fregister-global-dtors-with-atexit -fgnuc-version=4.2.1 -fno-cxx-modules -fcxx-exceptions -fexceptions -fmax-type-align=16 -fcommon -clang-vendor-feature=+messageToSelfInClassMethodIdReturnType -clang-vendor-feature=+disableInferNewAvailabilityFromInit -clang-vendor-feature=+disableNonDependentMemberExprInCurrentInstantiation -fno-odr-hash-protocols -clang-vendor-feature=+enableAggressiveVLAFolding -clang-vendor-feature=+revert09abecef7bbf -clang-vendor-feature=+thisNoAlignAttr -clang-vendor-feature=+thisNoNullAttr -mllvm -disable-aligned-alloc-awareness=1 -D__GCC_HAVE_DWARF2_CFI_ASM=1 -o CMakeFiles/cmTC_26b84.dir/CMakeCXXCompilerABI.cpp.o -x c++ /opt/homebrew/Cellar/cmake/3.23.3/share/cmake/Modules/CMakeCXXCompilerABI.cpp
clang -cc1 version 13.1.6 (clang-1316.0.21.2.5) default target arm64-apple-darwin21.4.0
ignoring nonexistent directory "/Applications/Xcode.app/Contents/Developer/Platforms/MacOSX.platform/Developer/SDKs/MacOSX12.3.sdk/usr/local/include"
ignoring nonexistent directory "/Applications/Xcode.app/Contents/Developer/Platforms/MacOSX.platform/Developer/SDKs/MacOSX12.3.sdk/Library/Frameworks"
#include "..." search starts here:
#include <...> search starts here:
 /Applications/Xcode.app/Contents/Developer/Platforms/MacOSX.platform/Developer/SDKs/MacOSX12.3.sdk/usr/include/c++/v1
 /Applications/Xcode.app/Contents/Developer/Toolchains/XcodeDefault.xctoolchain/usr/lib/clang/13.1.6/include
 /Applications/Xcode.app/Contents/Developer/Platforms/MacOSX.platform/Developer/SDKs/MacOSX12.3.sdk/usr/include
 /Applications/Xcode.app/Contents/Developer/Toolchains/XcodeDefault.xctoolchain/usr/include
 /Applications/Xcode.app/Contents/Developer/Platforms/MacOSX.platform/Developer/SDKs/MacOSX12.3.sdk/System/Library/Frameworks (framework directory)
End of search list.
Linking CXX executable cmTC_26b84
/opt/homebrew/Cellar/cmake/3.23.3/bin/cmake -E cmake_link_script CMakeFiles/cmTC_26b84.dir/link.txt --verbose=1
/usr/bin/c++  -ffunction-sections -fdata-sections -fPIC -arch arm64  -arch arm64 -isysroot /Applications/Xcode.app/Contents/Developer/Platforms/MacOSX.platform/Developer/SDKs/MacOSX12.3.sdk -Wl,-search_paths_first -Wl,-headerpad_max_install_names  -v -Wl,-v CMakeFiles/cmTC_26b84.dir/CMakeCXXCompilerABI.cpp.o -o cmTC_26b84 
Apple clang version 13.1.6 (clang-1316.0.21.2.5)
Target: arm64-apple-darwin21.4.0
Thread model: posix
InstalledDir: /Applications/Xcode.app/Contents/Developer/Toolchains/XcodeDefault.xctoolchain/usr/bin
 "/Applications/Xcode.app/Contents/Developer/Toolchains/XcodeDefault.xctoolchain/usr/bin/ld" -demangle -lto_library /Applications/Xcode.app/Contents/Developer/Toolchains/XcodeDefault.xctoolchain/usr/lib/libLTO.dylib -dynamic -arch arm64 -platform_version macos 12.0.0 12.3 -syslibroot /Applications/Xcode.app/Contents/Developer/Platforms/MacOSX.platform/Developer/SDKs/MacOSX12.3.sdk -o cmTC_26b84 -search_paths_first -headerpad_max_install_names -v CMakeFiles/cmTC_26b84.dir/CMakeCXXCompilerABI.cpp.o -lc++ -lSystem /Applications/Xcode.app/Contents/Developer/Toolchains/XcodeDefault.xctoolchain/usr/lib/clang/13.1.6/lib/darwin/libclang_rt.osx.a
@(#)PROGRAM:ld  PROJECT:ld64-764
BUILD 11:29:07 May 17 2022
configured to support archs: armv6 armv7 armv7s arm64 arm64e arm64_32 i386 x86_64 x86_64h armv6m armv7k armv7m armv7em
Library search paths:
	/Applications/Xcode.app/Contents/Developer/Platforms/MacOSX.platform/Developer/SDKs/MacOSX12.3.sdk/usr/lib
Framework search paths:
	/Applications/Xcode.app/Contents/Developer/Platforms/MacOSX.platform/Developer/SDKs/MacOSX12.3.sdk/System/Library/Frameworks/



Parsed CXX implicit include dir info from above output: rv=done
  found start of include info
  found start of implicit include info
    add: [/Applications/Xcode.app/Contents/Developer/Platforms/MacOSX.platform/Developer/SDKs/MacOSX12.3.sdk/usr/include/c++/v1]
    add: [/Applications/Xcode.app/Contents/Developer/Toolchains/XcodeDefault.xctoolchain/usr/lib/clang/13.1.6/include]
    add: [/Applications/Xcode.app/Contents/Developer/Platforms/MacOSX.platform/Developer/SDKs/MacOSX12.3.sdk/usr/include]
    add: [/Applications/Xcode.app/Contents/Developer/Toolchains/XcodeDefault.xctoolchain/usr/include]
  end of search list found
  collapse include dir [/Applications/Xcode.app/Contents/Developer/Platforms/MacOSX.platform/Developer/SDKs/MacOSX12.3.sdk/usr/include/c++/v1] ==> [/Applications/Xcode.app/Contents/Developer/Platforms/MacOSX.platform/Developer/SDKs/MacOSX12.3.sdk/usr/include/c++/v1]
  collapse include dir [/Applications/Xcode.app/Contents/Developer/Toolchains/XcodeDefault.xctoolchain/usr/lib/clang/13.1.6/include] ==> [/Applications/Xcode.app/Contents/Developer/Toolchains/XcodeDefault.xctoolchain/usr/lib/clang/13.1.6/include]
  collapse include dir [/Applications/Xcode.app/Contents/Developer/Platforms/MacOSX.platform/Developer/SDKs/MacOSX12.3.sdk/usr/include] ==> [/Applications/Xcode.app/Contents/Developer/Platforms/MacOSX.platform/Developer/SDKs/MacOSX12.3.sdk/usr/include]
  collapse include dir [/Applications/Xcode.app/Contents/Developer/Toolchains/XcodeDefault.xctoolchain/usr/include] ==> [/Applications/Xcode.app/Contents/Developer/Toolchains/XcodeDefault.xctoolchain/usr/include]
  implicit include dirs: [/Applications/Xcode.app/Contents/Developer/Platforms/MacOSX.platform/Developer/SDKs/MacOSX12.3.sdk/usr/include/c++/v1;/Applications/Xcode.app/Contents/Developer/Toolchains/XcodeDefault.xctoolchain/usr/lib/clang/13.1.6/include;/Applications/Xcode.app/Contents/Developer/Platforms/MacOSX.platform/Developer/SDKs/MacOSX12.3.sdk/usr/include;/Applications/Xcode.app/Contents/Developer/Toolchains/XcodeDefault.xctoolchain/usr/include]


Parsed CXX implicit link information from above output:
  link line regex: [^( *|.*[/\])(ld|CMAKE_LINK_STARTFILE-NOTFOUND|([^/\]+-)?ld|collect2)[^/\]*( |$)]
  ignore line: [Change Dir: /Users/macbookair/Desktop/Projects/copycat/copycat/popup/popup/target/release/build/fltk-sys-c3a6832f0b6e5225/out/build/CMakeFiles/CMakeTmp]
  ignore line: []
  ignore line: [Run Build Command(s):/usr/bin/make -f Makefile cmTC_26b84/fast && /Applications/Xcode.app/Contents/Developer/usr/bin/make  -f CMakeFiles/cmTC_26b84.dir/build.make CMakeFiles/cmTC_26b84.dir/build]
  ignore line: [Building CXX object CMakeFiles/cmTC_26b84.dir/CMakeCXXCompilerABI.cpp.o]
  ignore line: [/usr/bin/c++   -ffunction-sections -fdata-sections -fPIC -arch arm64  -arch arm64 -isysroot /Applications/Xcode.app/Contents/Developer/Platforms/MacOSX.platform/Developer/SDKs/MacOSX12.3.sdk   -v -Wl -v -MD -MT CMakeFiles/cmTC_26b84.dir/CMakeCXXCompilerABI.cpp.o -MF CMakeFiles/cmTC_26b84.dir/CMakeCXXCompilerABI.cpp.o.d -o CMakeFiles/cmTC_26b84.dir/CMakeCXXCompilerABI.cpp.o -c /opt/homebrew/Cellar/cmake/3.23.3/share/cmake/Modules/CMakeCXXCompilerABI.cpp]
  ignore line: [Apple clang version 13.1.6 (clang-1316.0.21.2.5)]
  ignore line: [Target: arm64-apple-darwin21.4.0]
  ignore line: [Thread model: posix]
  ignore line: [InstalledDir: /Applications/Xcode.app/Contents/Developer/Toolchains/XcodeDefault.xctoolchain/usr/bin]
  ignore line: [clang: warning: -Wl -v: 'linker' input unused [-Wunused-command-line-argument]]
  ignore line: [ "/Applications/Xcode.app/Contents/Developer/Toolchains/XcodeDefault.xctoolchain/usr/bin/clang" -cc1 -triple arm64-apple-macosx12.0.0 -Wundef-prefix=TARGET_OS_ -Wdeprecated-objc-isa-usage -Werror=deprecated-objc-isa-usage -Werror=implicit-function-declaration -emit-obj -mrelax-all --mrelax-relocations -disable-free -disable-llvm-verifier -discard-value-names -main-file-name CMakeCXXCompilerABI.cpp -mrelocation-model pic -pic-level 2 -mframe-pointer=non-leaf -fno-strict-return -fno-rounding-math -munwind-tables -target-sdk-version=12.3 -fvisibility-inlines-hidden-static-local-var -target-cpu apple-m1 -target-feature +v8.5a -target-feature +fp-armv8 -target-feature +neon -target-feature +crc -target-feature +crypto -target-feature +dotprod -target-feature +fp16fml -target-feature +ras -target-feature +lse -target-feature +rdm -target-feature +rcpc -target-feature +zcm -target-feature +zcz -target-feature +fullfp16 -target-feature +sm4 -target-feature +sha3 -target-feature +sha2 -target-feature +aes -target-abi darwinpcs -fallow-half-arguments-and-returns -debugger-tuning=lldb -target-linker-version 763 -v -ffunction-sections -fdata-sections -resource-dir /Applications/Xcode.app/Contents/Developer/Toolchains/XcodeDefault.xctoolchain/usr/lib/clang/13.1.6 -dependency-file CMakeFiles/cmTC_26b84.dir/CMakeCXXCompilerABI.cpp.o.d -skip-unused-modulemap-deps -MT CMakeFiles/cmTC_26b84.dir/CMakeCXXCompilerABI.cpp.o -sys-header-deps -isysroot /Applications/Xcode.app/Contents/Developer/Platforms/MacOSX.platform/Developer/SDKs/MacOSX12.3.sdk -stdlib=libc++ -internal-isystem /Applications/Xcode.app/Contents/Developer/Platforms/MacOSX.platform/Developer/SDKs/MacOSX12.3.sdk/usr/include/c++/v1 -internal-isystem /Applications/Xcode.app/Contents/Developer/Platforms/MacOSX.platform/Developer/SDKs/MacOSX12.3.sdk/usr/local/include -internal-isystem /Applications/Xcode.app/Contents/Developer/Toolchains/XcodeDefault.xctoolchain/usr/lib/clang/13.1.6/include -internal-externc-isystem /Applications/Xcode.app/Contents/Developer/Platforms/MacOSX.platform/Developer/SDKs/MacOSX12.3.sdk/usr/include -internal-externc-isystem /Applications/Xcode.app/Contents/Developer/Toolchains/XcodeDefault.xctoolchain/usr/include -Wno-reorder-init-list -Wno-implicit-int-float-conversion -Wno-c99-designator -Wno-final-dtor-non-final-class -Wno-extra-semi-stmt -Wno-misleading-indentation -Wno-quoted-include-in-framework-header -Wno-implicit-fallthrough -Wno-enum-enum-conversion -Wno-enum-float-conversion -Wno-elaborated-enum-base -Wno-reserved-identifier -Wno-gnu-folding-constant -Wno-objc-load-method -fdeprecated-macro -fdebug-compilation-dir=/Users/macbookair/Desktop/Projects/copycat/copycat/popup/popup/target/release/build/fltk-sys-c3a6832f0b6e5225/out/build/CMakeFiles/CMakeTmp -ferror-limit 19 -stack-protector 1 -fstack-check -mdarwin-stkchk-strong-link -fblocks -fencode-extended-block-signature -fregister-global-dtors-with-atexit -fgnuc-version=4.2.1 -fno-cxx-modules -fcxx-exceptions -fexceptions -fmax-type-align=16 -fcommon -clang-vendor-feature=+messageToSelfInClassMethodIdReturnType -clang-vendor-feature=+disableInferNewAvailabilityFromInit -clang-vendor-feature=+disableNonDependentMemberExprInCurrentInstantiation -fno-odr-hash-protocols -clang-vendor-feature=+enableAggressiveVLAFolding -clang-vendor-feature=+revert09abecef7bbf -clang-vendor-feature=+thisNoAlignAttr -clang-vendor-feature=+thisNoNullAttr -mllvm -disable-aligned-alloc-awareness=1 -D__GCC_HAVE_DWARF2_CFI_ASM=1 -o CMakeFiles/cmTC_26b84.dir/CMakeCXXCompilerABI.cpp.o -x c++ /opt/homebrew/Cellar/cmake/3.23.3/share/cmake/Modules/CMakeCXXCompilerABI.cpp]
  ignore line: [clang -cc1 version 13.1.6 (clang-1316.0.21.2.5) default target arm64-apple-darwin21.4.0]
  ignore line: [ignoring nonexistent directory "/Applications/Xcode.app/Contents/Developer/Platforms/MacOSX.platform/Developer/SDKs/MacOSX12.3.sdk/usr/local/include"]
  ignore line: [ignoring nonexistent directory "/Applications/Xcode.app/Contents/Developer/Platforms/MacOSX.platform/Developer/SDKs/MacOSX12.3.sdk/Library/Frameworks"]
  ignore line: [#include "..." search starts here:]
  ignore line: [#include <...> search starts here:]
  ignore line: [ /Applications/Xcode.app/Contents/Developer/Platforms/MacOSX.platform/Developer/SDKs/MacOSX12.3.sdk/usr/include/c++/v1]
  ignore line: [ /Applications/Xcode.app/Contents/Developer/Toolchains/XcodeDefault.xctoolchain/usr/lib/clang/13.1.6/include]
  ignore line: [ /Applications/Xcode.app/Contents/Developer/Platforms/MacOSX.platform/Developer/SDKs/MacOSX12.3.sdk/usr/include]
  ignore line: [ /Applications/Xcode.app/Contents/Developer/Toolchains/XcodeDefault.xctoolchain/usr/include]
  ignore line: [ /Applications/Xcode.app/Contents/Developer/Platforms/MacOSX.platform/Developer/SDKs/MacOSX12.3.sdk/System/Library/Frameworks (framework directory)]
  ignore line: [End of search list.]
  ignore line: [Linking CXX executable cmTC_26b84]
  ignore line: [/opt/homebrew/Cellar/cmake/3.23.3/bin/cmake -E cmake_link_script CMakeFiles/cmTC_26b84.dir/link.txt --verbose=1]
  ignore line: [/usr/bin/c++  -ffunction-sections -fdata-sections -fPIC -arch arm64  -arch arm64 -isysroot /Applications/Xcode.app/Contents/Developer/Platforms/MacOSX.platform/Developer/SDKs/MacOSX12.3.sdk -Wl -search_paths_first -Wl -headerpad_max_install_names  -v -Wl -v CMakeFiles/cmTC_26b84.dir/CMakeCXXCompilerABI.cpp.o -o cmTC_26b84 ]
  ignore line: [Apple clang version 13.1.6 (clang-1316.0.21.2.5)]
  ignore line: [Target: arm64-apple-darwin21.4.0]
  ignore line: [Thread model: posix]
  ignore line: [InstalledDir: /Applications/Xcode.app/Contents/Developer/Toolchains/XcodeDefault.xctoolchain/usr/bin]
  link line: [ "/Applications/Xcode.app/Contents/Developer/Toolchains/XcodeDefault.xctoolchain/usr/bin/ld" -demangle -lto_library /Applications/Xcode.app/Contents/Developer/Toolchains/XcodeDefault.xctoolchain/usr/lib/libLTO.dylib -dynamic -arch arm64 -platform_version macos 12.0.0 12.3 -syslibroot /Applications/Xcode.app/Contents/Developer/Platforms/MacOSX.platform/Developer/SDKs/MacOSX12.3.sdk -o cmTC_26b84 -search_paths_first -headerpad_max_install_names -v CMakeFiles/cmTC_26b84.dir/CMakeCXXCompilerABI.cpp.o -lc++ -lSystem /Applications/Xcode.app/Contents/Developer/Toolchains/XcodeDefault.xctoolchain/usr/lib/clang/13.1.6/lib/darwin/libclang_rt.osx.a]
    arg [/Applications/Xcode.app/Contents/Developer/Toolchains/XcodeDefault.xctoolchain/usr/bin/ld] ==> ignore
    arg [-demangle] ==> ignore
    arg [-lto_library] ==> ignore, skip following value
    arg [/Applications/Xcode.app/Contents/Developer/Toolchains/XcodeDefault.xctoolchain/usr/lib/libLTO.dylib] ==> skip value of -lto_library
    arg [-dynamic] ==> ignore
    arg [-arch] ==> ignore
    arg [arm64] ==> ignore
    arg [-platform_version] ==> ignore
    arg [macos] ==> ignore
    arg [12.0.0] ==> ignore
    arg [12.3] ==> ignore
    arg [-syslibroot] ==> ignore
    arg [/Applications/Xcode.app/Contents/Developer/Platforms/MacOSX.platform/Developer/SDKs/MacOSX12.3.sdk] ==> ignore
    arg [-o] ==> ignore
    arg [cmTC_26b84] ==> ignore
    arg [-search_paths_first] ==> ignore
    arg [-headerpad_max_install_names] ==> ignore
    arg [-v] ==> ignore
    arg [CMakeFiles/cmTC_26b84.dir/CMakeCXXCompilerABI.cpp.o] ==> ignore
    arg [-lc++] ==> lib [c++]
    arg [-lSystem] ==> lib [System]
    arg [/Applications/Xcode.app/Contents/Developer/Toolchains/XcodeDefault.xctoolchain/usr/lib/clang/13.1.6/lib/darwin/libclang_rt.osx.a] ==> lib [/Applications/Xcode.app/Contents/Developer/Toolchains/XcodeDefault.xctoolchain/usr/lib/clang/13.1.6/lib/darwin/libclang_rt.osx.a]
  Library search paths: [;/Applications/Xcode.app/Contents/Developer/Platforms/MacOSX.platform/Developer/SDKs/MacOSX12.3.sdk/usr/lib]
  Framework search paths: [;/Applications/Xcode.app/Contents/Developer/Platforms/MacOSX.platform/Developer/SDKs/MacOSX12.3.sdk/System/Library/Frameworks/]
  remove lib [System]
  remove lib [/Applications/Xcode.app/Contents/Developer/Toolchains/XcodeDefault.xctoolchain/usr/lib/clang/13.1.6/lib/darwin/libclang_rt.osx.a]
  collapse library dir [/Applications/Xcode.app/Contents/Developer/Platforms/MacOSX.platform/Developer/SDKs/MacOSX12.3.sdk/usr/lib] ==> [/Applications/Xcode.app/Contents/Developer/Platforms/MacOSX.platform/Developer/SDKs/MacOSX12.3.sdk/usr/lib]
  collapse framework dir [/Applications/Xcode.app/Contents/Developer/Platforms/MacOSX.platform/Developer/SDKs/MacOSX12.3.sdk/System/Library/Frameworks/] ==> [/Applications/Xcode.app/Contents/Developer/Platforms/MacOSX.platform/Developer/SDKs/MacOSX12.3.sdk/System/Library/Frameworks]
  implicit libs: [c++]
  implicit objs: []
  implicit dirs: [/Applications/Xcode.app/Contents/Developer/Platforms/MacOSX.platform/Developer/SDKs/MacOSX12.3.sdk/usr/lib]
  implicit fwks: [/Applications/Xcode.app/Contents/Developer/Platforms/MacOSX.platform/Developer/SDKs/MacOSX12.3.sdk/System/Library/Frameworks]


Determining if the include file sys/types.h exists passed with the following output:
Change Dir: /Users/macbookair/Desktop/Projects/copycat/copycat/popup/popup/target/release/build/fltk-sys-c3a6832f0b6e5225/out/build/CMakeFiles/CMakeTmp

Run Build Command(s):/usr/bin/make -f Makefile cmTC_77839/fast && /Applications/Xcode.app/Contents/Developer/usr/bin/make  -f CMakeFiles/cmTC_77839.dir/build.make CMakeFiles/cmTC_77839.dir/build
Building C object CMakeFiles/cmTC_77839.dir/CheckIncludeFile.c.o
/usr/bin/cc   -ffunction-sections -fdata-sections -fPIC -arch arm64  -arch arm64 -isysroot /Applications/Xcode.app/Contents/Developer/Platforms/MacOSX.platform/Developer/SDKs/MacOSX12.3.sdk -MD -MT CMakeFiles/cmTC_77839.dir/CheckIncludeFile.c.o -MF CMakeFiles/cmTC_77839.dir/CheckIncludeFile.c.o.d -o CMakeFiles/cmTC_77839.dir/CheckIncludeFile.c.o -c /Users/macbookair/Desktop/Projects/copycat/copycat/popup/popup/target/release/build/fltk-sys-c3a6832f0b6e5225/out/build/CMakeFiles/CMakeTmp/CheckIncludeFile.c
Linking C executable cmTC_77839
/opt/homebrew/Cellar/cmake/3.23.3/bin/cmake -E cmake_link_script CMakeFiles/cmTC_77839.dir/link.txt --verbose=1
/usr/bin/cc  -ffunction-sections -fdata-sections -fPIC -arch arm64  -arch arm64 -isysroot /Applications/Xcode.app/Contents/Developer/Platforms/MacOSX.platform/Developer/SDKs/MacOSX12.3.sdk -Wl,-search_paths_first -Wl,-headerpad_max_install_names  -framework Cocoa  CMakeFiles/cmTC_77839.dir/CheckIncludeFile.c.o -o cmTC_77839 



Determining if the include file stdint.h exists passed with the following output:
Change Dir: /Users/macbookair/Desktop/Projects/copycat/copycat/popup/popup/target/release/build/fltk-sys-c3a6832f0b6e5225/out/build/CMakeFiles/CMakeTmp

Run Build Command(s):/usr/bin/make -f Makefile cmTC_416da/fast && /Applications/Xcode.app/Contents/Developer/usr/bin/make  -f CMakeFiles/cmTC_416da.dir/build.make CMakeFiles/cmTC_416da.dir/build
Building C object CMakeFiles/cmTC_416da.dir/CheckIncludeFile.c.o
/usr/bin/cc   -ffunction-sections -fdata-sections -fPIC -arch arm64  -arch arm64 -isysroot /Applications/Xcode.app/Contents/Developer/Platforms/MacOSX.platform/Developer/SDKs/MacOSX12.3.sdk -MD -MT CMakeFiles/cmTC_416da.dir/CheckIncludeFile.c.o -MF CMakeFiles/cmTC_416da.dir/CheckIncludeFile.c.o.d -o CMakeFiles/cmTC_416da.dir/CheckIncludeFile.c.o -c /Users/macbookair/Desktop/Projects/copycat/copycat/popup/popup/target/release/build/fltk-sys-c3a6832f0b6e5225/out/build/CMakeFiles/CMakeTmp/CheckIncludeFile.c
Linking C executable cmTC_416da
/opt/homebrew/Cellar/cmake/3.23.3/bin/cmake -E cmake_link_script CMakeFiles/cmTC_416da.dir/link.txt --verbose=1
/usr/bin/cc  -ffunction-sections -fdata-sections -fPIC -arch arm64  -arch arm64 -isysroot /Applications/Xcode.app/Contents/Developer/Platforms/MacOSX.platform/Developer/SDKs/MacOSX12.3.sdk -Wl,-search_paths_first -Wl,-headerpad_max_install_names  -framework Cocoa  CMakeFiles/cmTC_416da.dir/CheckIncludeFile.c.o -o cmTC_416da 



Determining if the include file stddef.h exists passed with the following output:
Change Dir: /Users/macbookair/Desktop/Projects/copycat/copycat/popup/popup/target/release/build/fltk-sys-c3a6832f0b6e5225/out/build/CMakeFiles/CMakeTmp

Run Build Command(s):/usr/bin/make -f Makefile cmTC_458d4/fast && /Applications/Xcode.app/Contents/Developer/usr/bin/make  -f CMakeFiles/cmTC_458d4.dir/build.make CMakeFiles/cmTC_458d4.dir/build
Building C object CMakeFiles/cmTC_458d4.dir/CheckIncludeFile.c.o
/usr/bin/cc   -ffunction-sections -fdata-sections -fPIC -arch arm64  -arch arm64 -isysroot /Applications/Xcode.app/Contents/Developer/Platforms/MacOSX.platform/Developer/SDKs/MacOSX12.3.sdk -MD -MT CMakeFiles/cmTC_458d4.dir/CheckIncludeFile.c.o -MF CMakeFiles/cmTC_458d4.dir/CheckIncludeFile.c.o.d -o CMakeFiles/cmTC_458d4.dir/CheckIncludeFile.c.o -c /Users/macbookair/Desktop/Projects/copycat/copycat/popup/popup/target/release/build/fltk-sys-c3a6832f0b6e5225/out/build/CMakeFiles/CMakeTmp/CheckIncludeFile.c
Linking C executable cmTC_458d4
/opt/homebrew/Cellar/cmake/3.23.3/bin/cmake -E cmake_link_script CMakeFiles/cmTC_458d4.dir/link.txt --verbose=1
/usr/bin/cc  -ffunction-sections -fdata-sections -fPIC -arch arm64  -arch arm64 -isysroot /Applications/Xcode.app/Contents/Developer/Platforms/MacOSX.platform/Developer/SDKs/MacOSX12.3.sdk -Wl,-search_paths_first -Wl,-headerpad_max_install_names  -framework Cocoa  CMakeFiles/cmTC_458d4.dir/CheckIncludeFile.c.o -o cmTC_458d4 



Determining size of short passed with the following output:
Change Dir: /Users/macbookair/Desktop/Projects/copycat/copycat/popup/popup/target/release/build/fltk-sys-c3a6832f0b6e5225/out/build/CMakeFiles/CMakeTmp

Run Build Command(s):/usr/bin/make -f Makefile cmTC_3a5a4/fast && /Applications/Xcode.app/Contents/Developer/usr/bin/make  -f CMakeFiles/cmTC_3a5a4.dir/build.make CMakeFiles/cmTC_3a5a4.dir/build
Building C object CMakeFiles/cmTC_3a5a4.dir/SIZEOF_SHORT.c.o
/usr/bin/cc   -ffunction-sections -fdata-sections -fPIC -arch arm64  -arch arm64 -isysroot /Applications/Xcode.app/Contents/Developer/Platforms/MacOSX.platform/Developer/SDKs/MacOSX12.3.sdk -MD -MT CMakeFiles/cmTC_3a5a4.dir/SIZEOF_SHORT.c.o -MF CMakeFiles/cmTC_3a5a4.dir/SIZEOF_SHORT.c.o.d -o CMakeFiles/cmTC_3a5a4.dir/SIZEOF_SHORT.c.o -c /Users/macbookair/Desktop/Projects/copycat/copycat/popup/popup/target/release/build/fltk-sys-c3a6832f0b6e5225/out/build/CMakeFiles/CheckTypeSize/SIZEOF_SHORT.c
Linking C executable cmTC_3a5a4
/opt/homebrew/Cellar/cmake/3.23.3/bin/cmake -E cmake_link_script CMakeFiles/cmTC_3a5a4.dir/link.txt --verbose=1
/usr/bin/cc  -ffunction-sections -fdata-sections -fPIC -arch arm64  -arch arm64 -isysroot /Applications/Xcode.app/Contents/Developer/Platforms/MacOSX.platform/Developer/SDKs/MacOSX12.3.sdk -Wl,-search_paths_first -Wl,-headerpad_max_install_names  -framework Cocoa  CMakeFiles/cmTC_3a5a4.dir/SIZEOF_SHORT.c.o -o cmTC_3a5a4 



Determining size of int passed with the following output:
Change Dir: /Users/macbookair/Desktop/Projects/copycat/copycat/popup/popup/target/release/build/fltk-sys-c3a6832f0b6e5225/out/build/CMakeFiles/CMakeTmp

Run Build Command(s):/usr/bin/make -f Makefile cmTC_9bbb4/fast && /Applications/Xcode.app/Contents/Developer/usr/bin/make  -f CMakeFiles/cmTC_9bbb4.dir/build.make CMakeFiles/cmTC_9bbb4.dir/build
Building C object CMakeFiles/cmTC_9bbb4.dir/SIZEOF_INT.c.o
/usr/bin/cc   -ffunction-sections -fdata-sections -fPIC -arch arm64  -arch arm64 -isysroot /Applications/Xcode.app/Contents/Developer/Platforms/MacOSX.platform/Developer/SDKs/MacOSX12.3.sdk -MD -MT CMakeFiles/cmTC_9bbb4.dir/SIZEOF_INT.c.o -MF CMakeFiles/cmTC_9bbb4.dir/SIZEOF_INT.c.o.d -o CMakeFiles/cmTC_9bbb4.dir/SIZEOF_INT.c.o -c /Users/macbookair/Desktop/Projects/copycat/copycat/popup/popup/target/release/build/fltk-sys-c3a6832f0b6e5225/out/build/CMakeFiles/CheckTypeSize/SIZEOF_INT.c
Linking C executable cmTC_9bbb4
/opt/homebrew/Cellar/cmake/3.23.3/bin/cmake -E cmake_link_script CMakeFiles/cmTC_9bbb4.dir/link.txt --verbose=1
/usr/bin/cc  -ffunction-sections -fdata-sections -fPIC -arch arm64  -arch arm64 -isysroot /Applications/Xcode.app/Contents/Developer/Platforms/MacOSX.platform/Developer/SDKs/MacOSX12.3.sdk -Wl,-search_paths_first -Wl,-headerpad_max_install_names  -framework Cocoa  CMakeFiles/cmTC_9bbb4.dir/SIZEOF_INT.c.o -o cmTC_9bbb4 



Determining size of long passed with the following output:
Change Dir: /Users/macbookair/Desktop/Projects/copycat/copycat/popup/popup/target/release/build/fltk-sys-c3a6832f0b6e5225/out/build/CMakeFiles/CMakeTmp

Run Build Command(s):/usr/bin/make -f Makefile cmTC_94232/fast && /Applications/Xcode.app/Contents/Developer/usr/bin/make  -f CMakeFiles/cmTC_94232.dir/build.make CMakeFiles/cmTC_94232.dir/build
Building C object CMakeFiles/cmTC_94232.dir/SIZEOF_LONG.c.o
/usr/bin/cc   -ffunction-sections -fdata-sections -fPIC -arch arm64  -arch arm64 -isysroot /Applications/Xcode.app/Contents/Developer/Platforms/MacOSX.platform/Developer/SDKs/MacOSX12.3.sdk -MD -MT CMakeFiles/cmTC_94232.dir/SIZEOF_LONG.c.o -MF CMakeFiles/cmTC_94232.dir/SIZEOF_LONG.c.o.d -o CMakeFiles/cmTC_94232.dir/SIZEOF_LONG.c.o -c /Users/macbookair/Desktop/Projects/copycat/copycat/popup/popup/target/release/build/fltk-sys-c3a6832f0b6e5225/out/build/CMakeFiles/CheckTypeSize/SIZEOF_LONG.c
Linking C executable cmTC_94232
/opt/homebrew/Cellar/cmake/3.23.3/bin/cmake -E cmake_link_script CMakeFiles/cmTC_94232.dir/link.txt --verbose=1
/usr/bin/cc  -ffunction-sections -fdata-sections -fPIC -arch arm64  -arch arm64 -isysroot /Applications/Xcode.app/Contents/Developer/Platforms/MacOSX.platform/Developer/SDKs/MacOSX12.3.sdk -Wl,-search_paths_first -Wl,-headerpad_max_install_names  -framework Cocoa  CMakeFiles/cmTC_94232.dir/SIZEOF_LONG.c.o -o cmTC_94232 



Determining size of long long passed with the following output:
Change Dir: /Users/macbookair/Desktop/Projects/copycat/copycat/popup/popup/target/release/build/fltk-sys-c3a6832f0b6e5225/out/build/CMakeFiles/CMakeTmp

Run Build Command(s):/usr/bin/make -f Makefile cmTC_2e26f/fast && /Applications/Xcode.app/Contents/Developer/usr/bin/make  -f CMakeFiles/cmTC_2e26f.dir/build.make CMakeFiles/cmTC_2e26f.dir/build
Building C object CMakeFiles/cmTC_2e26f.dir/HAVE_LONG_LONG.c.o
/usr/bin/cc   -ffunction-sections -fdata-sections -fPIC -arch arm64  -arch arm64 -isysroot /Applications/Xcode.app/Contents/Developer/Platforms/MacOSX.platform/Developer/SDKs/MacOSX12.3.sdk -MD -MT CMakeFiles/cmTC_2e26f.dir/HAVE_LONG_LONG.c.o -MF CMakeFiles/cmTC_2e26f.dir/HAVE_LONG_LONG.c.o.d -o CMakeFiles/cmTC_2e26f.dir/HAVE_LONG_LONG.c.o -c /Users/macbookair/Desktop/Projects/copycat/copycat/popup/popup/target/release/build/fltk-sys-c3a6832f0b6e5225/out/build/CMakeFiles/CheckTypeSize/HAVE_LONG_LONG.c
Linking C executable cmTC_2e26f
/opt/homebrew/Cellar/cmake/3.23.3/bin/cmake -E cmake_link_script CMakeFiles/cmTC_2e26f.dir/link.txt --verbose=1
/usr/bin/cc  -ffunction-sections -fdata-sections -fPIC -arch arm64  -arch arm64 -isysroot /Applications/Xcode.app/Contents/Developer/Platforms/MacOSX.platform/Developer/SDKs/MacOSX12.3.sdk -Wl,-search_paths_first -Wl,-headerpad_max_install_names  -framework Cocoa  CMakeFiles/cmTC_2e26f.dir/HAVE_LONG_LONG.c.o -o cmTC_2e26f 



Determining if files dlfcn.h exist passed with the following output:
Change Dir: /Users/macbookair/Desktop/Projects/copycat/copycat/popup/popup/target/release/build/fltk-sys-c3a6832f0b6e5225/out/build/CMakeFiles/CMakeTmp

Run Build Command(s):/usr/bin/make -f Makefile cmTC_5e5e6/fast && /Applications/Xcode.app/Contents/Developer/usr/bin/make  -f CMakeFiles/cmTC_5e5e6.dir/build.make CMakeFiles/cmTC_5e5e6.dir/build
Building C object CMakeFiles/cmTC_5e5e6.dir/HAVE_DLFCN_H.c.o
/usr/bin/cc   -ffunction-sections -fdata-sections -fPIC -arch arm64  -arch arm64 -isysroot /Applications/Xcode.app/Contents/Developer/Platforms/MacOSX.platform/Developer/SDKs/MacOSX12.3.sdk -MD -MT CMakeFiles/cmTC_5e5e6.dir/HAVE_DLFCN_H.c.o -MF CMakeFiles/cmTC_5e5e6.dir/HAVE_DLFCN_H.c.o.d -o CMakeFiles/cmTC_5e5e6.dir/HAVE_DLFCN_H.c.o -c /Users/macbookair/Desktop/Projects/copycat/copycat/popup/popup/target/release/build/fltk-sys-c3a6832f0b6e5225/out/build/CMakeFiles/CheckIncludeFiles/HAVE_DLFCN_H.c
Linking C executable cmTC_5e5e6
/opt/homebrew/Cellar/cmake/3.23.3/bin/cmake -E cmake_link_script CMakeFiles/cmTC_5e5e6.dir/link.txt --verbose=1
/usr/bin/cc  -ffunction-sections -fdata-sections -fPIC -arch arm64  -arch arm64 -isysroot /Applications/Xcode.app/Contents/Developer/Platforms/MacOSX.platform/Developer/SDKs/MacOSX12.3.sdk -Wl,-search_paths_first -Wl,-headerpad_max_install_names  -framework Cocoa  CMakeFiles/cmTC_5e5e6.dir/HAVE_DLFCN_H.c.o -o cmTC_5e5e6 



Determining if files locale.h exist passed with the following output:
Change Dir: /Users/macbookair/Desktop/Projects/copycat/copycat/popup/popup/target/release/build/fltk-sys-c3a6832f0b6e5225/out/build/CMakeFiles/CMakeTmp

Run Build Command(s):/usr/bin/make -f Makefile cmTC_4ab24/fast && /Applications/Xcode.app/Contents/Developer/usr/bin/make  -f CMakeFiles/cmTC_4ab24.dir/build.make CMakeFiles/cmTC_4ab24.dir/build
Building C object CMakeFiles/cmTC_4ab24.dir/HAVE_LOCALE_H.c.o
/usr/bin/cc   -ffunction-sections -fdata-sections -fPIC -arch arm64  -arch arm64 -isysroot /Applications/Xcode.app/Contents/Developer/Platforms/MacOSX.platform/Developer/SDKs/MacOSX12.3.sdk -MD -MT CMakeFiles/cmTC_4ab24.dir/HAVE_LOCALE_H.c.o -MF CMakeFiles/cmTC_4ab24.dir/HAVE_LOCALE_H.c.o.d -o CMakeFiles/cmTC_4ab24.dir/HAVE_LOCALE_H.c.o -c /Users/macbookair/Desktop/Projects/copycat/copycat/popup/popup/target/release/build/fltk-sys-c3a6832f0b6e5225/out/build/CMakeFiles/CheckIncludeFiles/HAVE_LOCALE_H.c
Linking C executable cmTC_4ab24
/opt/homebrew/Cellar/cmake/3.23.3/bin/cmake -E cmake_link_script CMakeFiles/cmTC_4ab24.dir/link.txt --verbose=1
/usr/bin/cc  -ffunction-sections -fdata-sections -fPIC -arch arm64  -arch arm64 -isysroot /Applications/Xcode.app/Contents/Developer/Platforms/MacOSX.platform/Developer/SDKs/MacOSX12.3.sdk -Wl,-search_paths_first -Wl,-headerpad_max_install_names  -framework Cocoa  CMakeFiles/cmTC_4ab24.dir/HAVE_LOCALE_H.c.o -o cmTC_4ab24 



Determining if files OpenGL/glu.h exist passed with the following output:
Change Dir: /Users/macbookair/Desktop/Projects/copycat/copycat/popup/popup/target/release/build/fltk-sys-c3a6832f0b6e5225/out/build/CMakeFiles/CMakeTmp

Run Build Command(s):/usr/bin/make -f Makefile cmTC_f58c7/fast && /Applications/Xcode.app/Contents/Developer/usr/bin/make  -f CMakeFiles/cmTC_f58c7.dir/build.make CMakeFiles/cmTC_f58c7.dir/build
Building C object CMakeFiles/cmTC_f58c7.dir/HAVE_OPENGL_GLU_H.c.o
/usr/bin/cc   -ffunction-sections -fdata-sections -fPIC -arch arm64  -arch arm64 -isysroot /Applications/Xcode.app/Contents/Developer/Platforms/MacOSX.platform/Developer/SDKs/MacOSX12.3.sdk -MD -MT CMakeFiles/cmTC_f58c7.dir/HAVE_OPENGL_GLU_H.c.o -MF CMakeFiles/cmTC_f58c7.dir/HAVE_OPENGL_GLU_H.c.o.d -o CMakeFiles/cmTC_f58c7.dir/HAVE_OPENGL_GLU_H.c.o -c /Users/macbookair/Desktop/Projects/copycat/copycat/popup/popup/target/release/build/fltk-sys-c3a6832f0b6e5225/out/build/CMakeFiles/CheckIncludeFiles/HAVE_OPENGL_GLU_H.c
Linking C executable cmTC_f58c7
/opt/homebrew/Cellar/cmake/3.23.3/bin/cmake -E cmake_link_script CMakeFiles/cmTC_f58c7.dir/link.txt --verbose=1
/usr/bin/cc  -ffunction-sections -fdata-sections -fPIC -arch arm64  -arch arm64 -isysroot /Applications/Xcode.app/Contents/Developer/Platforms/MacOSX.platform/Developer/SDKs/MacOSX12.3.sdk -Wl,-search_paths_first -Wl,-headerpad_max_install_names  -framework Cocoa  CMakeFiles/cmTC_f58c7.dir/HAVE_OPENGL_GLU_H.c.o -o cmTC_f58c7 



Determining if files stdio.h exist passed with the following output:
Change Dir: /Users/macbookair/Desktop/Projects/copycat/copycat/popup/popup/target/release/build/fltk-sys-c3a6832f0b6e5225/out/build/CMakeFiles/CMakeTmp

Run Build Command(s):/usr/bin/make -f Makefile cmTC_e74f4/fast && /Applications/Xcode.app/Contents/Developer/usr/bin/make  -f CMakeFiles/cmTC_e74f4.dir/build.make CMakeFiles/cmTC_e74f4.dir/build
Building C object CMakeFiles/cmTC_e74f4.dir/HAVE_STDIO_H.c.o
/usr/bin/cc   -ffunction-sections -fdata-sections -fPIC -arch arm64  -arch arm64 -isysroot /Applications/Xcode.app/Contents/Developer/Platforms/MacOSX.platform/Developer/SDKs/MacOSX12.3.sdk -MD -MT CMakeFiles/cmTC_e74f4.dir/HAVE_STDIO_H.c.o -MF CMakeFiles/cmTC_e74f4.dir/HAVE_STDIO_H.c.o.d -o CMakeFiles/cmTC_e74f4.dir/HAVE_STDIO_H.c.o -c /Users/macbookair/Desktop/Projects/copycat/copycat/popup/popup/target/release/build/fltk-sys-c3a6832f0b6e5225/out/build/CMakeFiles/CheckIncludeFiles/HAVE_STDIO_H.c
Linking C executable cmTC_e74f4
/opt/homebrew/Cellar/cmake/3.23.3/bin/cmake -E cmake_link_script CMakeFiles/cmTC_e74f4.dir/link.txt --verbose=1
/usr/bin/cc  -ffunction-sections -fdata-sections -fPIC -arch arm64  -arch arm64 -isysroot /Applications/Xcode.app/Contents/Developer/Platforms/MacOSX.platform/Developer/SDKs/MacOSX12.3.sdk -Wl,-search_paths_first -Wl,-headerpad_max_install_names  -framework Cocoa  CMakeFiles/cmTC_e74f4.dir/HAVE_STDIO_H.c.o -o cmTC_e74f4 



Determining if files strings.h exist passed with the following output:
Change Dir: /Users/macbookair/Desktop/Projects/copycat/copycat/popup/popup/target/release/build/fltk-sys-c3a6832f0b6e5225/out/build/CMakeFiles/CMakeTmp

Run Build Command(s):/usr/bin/make -f Makefile cmTC_2b9e2/fast && /Applications/Xcode.app/Contents/Developer/usr/bin/make  -f CMakeFiles/cmTC_2b9e2.dir/build.make CMakeFiles/cmTC_2b9e2.dir/build
Building C object CMakeFiles/cmTC_2b9e2.dir/HAVE_STRINGS_H.c.o
/usr/bin/cc   -ffunction-sections -fdata-sections -fPIC -arch arm64  -arch arm64 -isysroot /Applications/Xcode.app/Contents/Developer/Platforms/MacOSX.platform/Developer/SDKs/MacOSX12.3.sdk -MD -MT CMakeFiles/cmTC_2b9e2.dir/HAVE_STRINGS_H.c.o -MF CMakeFiles/cmTC_2b9e2.dir/HAVE_STRINGS_H.c.o.d -o CMakeFiles/cmTC_2b9e2.dir/HAVE_STRINGS_H.c.o -c /Users/macbookair/Desktop/Projects/copycat/copycat/popup/popup/target/release/build/fltk-sys-c3a6832f0b6e5225/out/build/CMakeFiles/CheckIncludeFiles/HAVE_STRINGS_H.c
Linking C executable cmTC_2b9e2
/opt/homebrew/Cellar/cmake/3.23.3/bin/cmake -E cmake_link_script CMakeFiles/cmTC_2b9e2.dir/link.txt --verbose=1
/usr/bin/cc  -ffunction-sections -fdata-sections -fPIC -arch arm64  -arch arm64 -isysroot /Applications/Xcode.app/Contents/Developer/Platforms/MacOSX.platform/Developer/SDKs/MacOSX12.3.sdk -Wl,-search_paths_first -Wl,-headerpad_max_install_names  -framework Cocoa  CMakeFiles/cmTC_2b9e2.dir/HAVE_STRINGS_H.c.o -o cmTC_2b9e2 



Determining if files sys/select.h exist passed with the following output:
Change Dir: /Users/macbookair/Desktop/Projects/copycat/copycat/popup/popup/target/release/build/fltk-sys-c3a6832f0b6e5225/out/build/CMakeFiles/CMakeTmp

Run Build Command(s):/usr/bin/make -f Makefile cmTC_dd755/fast && /Applications/Xcode.app/Contents/Developer/usr/bin/make  -f CMakeFiles/cmTC_dd755.dir/build.make CMakeFiles/cmTC_dd755.dir/build
Building C object CMakeFiles/cmTC_dd755.dir/HAVE_SYS_SELECT_H.c.o
/usr/bin/cc   -ffunction-sections -fdata-sections -fPIC -arch arm64  -arch arm64 -isysroot /Applications/Xcode.app/Contents/Developer/Platforms/MacOSX.platform/Developer/SDKs/MacOSX12.3.sdk -MD -MT CMakeFiles/cmTC_dd755.dir/HAVE_SYS_SELECT_H.c.o -MF CMakeFiles/cmTC_dd755.dir/HAVE_SYS_SELECT_H.c.o.d -o CMakeFiles/cmTC_dd755.dir/HAVE_SYS_SELECT_H.c.o -c /Users/macbookair/Desktop/Projects/copycat/copycat/popup/popup/target/release/build/fltk-sys-c3a6832f0b6e5225/out/build/CMakeFiles/CheckIncludeFiles/HAVE_SYS_SELECT_H.c
Linking C executable cmTC_dd755
/opt/homebrew/Cellar/cmake/3.23.3/bin/cmake -E cmake_link_script CMakeFiles/cmTC_dd755.dir/link.txt --verbose=1
/usr/bin/cc  -ffunction-sections -fdata-sections -fPIC -arch arm64  -arch arm64 -isysroot /Applications/Xcode.app/Contents/Developer/Platforms/MacOSX.platform/Developer/SDKs/MacOSX12.3.sdk -Wl,-search_paths_first -Wl,-headerpad_max_install_names  -framework Cocoa  CMakeFiles/cmTC_dd755.dir/HAVE_SYS_SELECT_H.c.o -o cmTC_dd755 



Determining if files pthread.h exist passed with the following output:
Change Dir: /Users/macbookair/Desktop/Projects/copycat/copycat/popup/popup/target/release/build/fltk-sys-c3a6832f0b6e5225/out/build/CMakeFiles/CMakeTmp

Run Build Command(s):/usr/bin/make -f Makefile cmTC_b577b/fast && /Applications/Xcode.app/Contents/Developer/usr/bin/make  -f CMakeFiles/cmTC_b577b.dir/build.make CMakeFiles/cmTC_b577b.dir/build
Building C object CMakeFiles/cmTC_b577b.dir/HAVE_PTHREAD_H.c.o
/usr/bin/cc   -ffunction-sections -fdata-sections -fPIC -arch arm64  -arch arm64 -isysroot /Applications/Xcode.app/Contents/Developer/Platforms/MacOSX.platform/Developer/SDKs/MacOSX12.3.sdk -MD -MT CMakeFiles/cmTC_b577b.dir/HAVE_PTHREAD_H.c.o -MF CMakeFiles/cmTC_b577b.dir/HAVE_PTHREAD_H.c.o.d -o CMakeFiles/cmTC_b577b.dir/HAVE_PTHREAD_H.c.o -c /Users/macbookair/Desktop/Projects/copycat/copycat/popup/popup/target/release/build/fltk-sys-c3a6832f0b6e5225/out/build/CMakeFiles/CheckIncludeFiles/HAVE_PTHREAD_H.c
Linking C executable cmTC_b577b
/opt/homebrew/Cellar/cmake/3.23.3/bin/cmake -E cmake_link_script CMakeFiles/cmTC_b577b.dir/link.txt --verbose=1
/usr/bin/cc  -ffunction-sections -fdata-sections -fPIC -arch arm64  -arch arm64 -isysroot /Applications/Xcode.app/Contents/Developer/Platforms/MacOSX.platform/Developer/SDKs/MacOSX12.3.sdk -Wl,-search_paths_first -Wl,-headerpad_max_install_names  -framework Cocoa  CMakeFiles/cmTC_b577b.dir/HAVE_PTHREAD_H.c.o -o cmTC_b577b 



Determining if the function dlsym exists passed with the following output:
Change Dir: /Users/macbookair/Desktop/Projects/copycat/copycat/popup/popup/target/release/build/fltk-sys-c3a6832f0b6e5225/out/build/CMakeFiles/CMakeTmp

Run Build Command(s):/usr/bin/make -f Makefile cmTC_667ad/fast && /Applications/Xcode.app/Contents/Developer/usr/bin/make  -f CMakeFiles/cmTC_667ad.dir/build.make CMakeFiles/cmTC_667ad.dir/build
Building C object CMakeFiles/cmTC_667ad.dir/CheckFunctionExists.c.o
/usr/bin/cc   -ffunction-sections -fdata-sections -fPIC -arch arm64 -DCHECK_FUNCTION_EXISTS=dlsym -arch arm64 -isysroot /Applications/Xcode.app/Contents/Developer/Platforms/MacOSX.platform/Developer/SDKs/MacOSX12.3.sdk -MD -MT CMakeFiles/cmTC_667ad.dir/CheckFunctionExists.c.o -MF CMakeFiles/cmTC_667ad.dir/CheckFunctionExists.c.o.d -o CMakeFiles/cmTC_667ad.dir/CheckFunctionExists.c.o -c /opt/homebrew/Cellar/cmake/3.23.3/share/cmake/Modules/CheckFunctionExists.c
Linking C executable cmTC_667ad
/opt/homebrew/Cellar/cmake/3.23.3/bin/cmake -E cmake_link_script CMakeFiles/cmTC_667ad.dir/link.txt --verbose=1
/usr/bin/cc  -ffunction-sections -fdata-sections -fPIC -arch arm64 -DCHECK_FUNCTION_EXISTS=dlsym -arch arm64 -isysroot /Applications/Xcode.app/Contents/Developer/Platforms/MacOSX.platform/Developer/SDKs/MacOSX12.3.sdk -Wl,-search_paths_first -Wl,-headerpad_max_install_names  -framework Cocoa  CMakeFiles/cmTC_667ad.dir/CheckFunctionExists.c.o -o cmTC_667ad 



Determining if the function localeconv exists passed with the following output:
Change Dir: /Users/macbookair/Desktop/Projects/copycat/copycat/popup/popup/target/release/build/fltk-sys-c3a6832f0b6e5225/out/build/CMakeFiles/CMakeTmp

Run Build Command(s):/usr/bin/make -f Makefile cmTC_ba4e8/fast && /Applications/Xcode.app/Contents/Developer/usr/bin/make  -f CMakeFiles/cmTC_ba4e8.dir/build.make CMakeFiles/cmTC_ba4e8.dir/build
Building C object CMakeFiles/cmTC_ba4e8.dir/CheckFunctionExists.c.o
/usr/bin/cc   -ffunction-sections -fdata-sections -fPIC -arch arm64 -DCHECK_FUNCTION_EXISTS=localeconv -arch arm64 -isysroot /Applications/Xcode.app/Contents/Developer/Platforms/MacOSX.platform/Developer/SDKs/MacOSX12.3.sdk -MD -MT CMakeFiles/cmTC_ba4e8.dir/CheckFunctionExists.c.o -MF CMakeFiles/cmTC_ba4e8.dir/CheckFunctionExists.c.o.d -o CMakeFiles/cmTC_ba4e8.dir/CheckFunctionExists.c.o -c /opt/homebrew/Cellar/cmake/3.23.3/share/cmake/Modules/CheckFunctionExists.c
Linking C executable cmTC_ba4e8
/opt/homebrew/Cellar/cmake/3.23.3/bin/cmake -E cmake_link_script CMakeFiles/cmTC_ba4e8.dir/link.txt --verbose=1
/usr/bin/cc  -ffunction-sections -fdata-sections -fPIC -arch arm64 -DCHECK_FUNCTION_EXISTS=localeconv -arch arm64 -isysroot /Applications/Xcode.app/Contents/Developer/Platforms/MacOSX.platform/Developer/SDKs/MacOSX12.3.sdk -Wl,-search_paths_first -Wl,-headerpad_max_install_names  -framework Cocoa  CMakeFiles/cmTC_ba4e8.dir/CheckFunctionExists.c.o -o cmTC_ba4e8 



Determining if the function png_get_valid exists passed with the following output:
Change Dir: /Users/macbookair/Desktop/Projects/copycat/copycat/popup/popup/target/release/build/fltk-sys-c3a6832f0b6e5225/out/build/CMakeFiles/CMakeTmp

Run Build Command(s):/usr/bin/make -f Makefile cmTC_84431/fast && /Applications/Xcode.app/Contents/Developer/usr/bin/make  -f CMakeFiles/cmTC_84431.dir/build.make CMakeFiles/cmTC_84431.dir/build
Building C object CMakeFiles/cmTC_84431.dir/CheckFunctionExists.c.o
/usr/bin/cc   -ffunction-sections -fdata-sections -fPIC -arch arm64 -DCHECK_FUNCTION_EXISTS=png_get_valid -arch arm64 -isysroot /Applications/Xcode.app/Contents/Developer/Platforms/MacOSX.platform/Developer/SDKs/MacOSX12.3.sdk -MD -MT CMakeFiles/cmTC_84431.dir/CheckFunctionExists.c.o -MF CMakeFiles/cmTC_84431.dir/CheckFunctionExists.c.o.d -o CMakeFiles/cmTC_84431.dir/CheckFunctionExists.c.o -c /opt/homebrew/Cellar/cmake/3.23.3/share/cmake/Modules/CheckFunctionExists.c
Linking C executable cmTC_84431
/opt/homebrew/Cellar/cmake/3.23.3/bin/cmake -E cmake_link_script CMakeFiles/cmTC_84431.dir/link.txt --verbose=1
/usr/bin/cc  -ffunction-sections -fdata-sections -fPIC -arch arm64 -DCHECK_FUNCTION_EXISTS=png_get_valid -arch arm64 -isysroot /Applications/Xcode.app/Contents/Developer/Platforms/MacOSX.platform/Developer/SDKs/MacOSX12.3.sdk -Wl,-search_paths_first -Wl,-headerpad_max_install_names  -framework Cocoa  CMakeFiles/cmTC_84431.dir/CheckFunctionExists.c.o -o cmTC_84431  /opt/homebrew/lib/libpng.dylib 



Determining if the function png_set_tRNS_to_alpha exists passed with the following output:
Change Dir: /Users/macbookair/Desktop/Projects/copycat/copycat/popup/popup/target/release/build/fltk-sys-c3a6832f0b6e5225/out/build/CMakeFiles/CMakeTmp

Run Build Command(s):/usr/bin/make -f Makefile cmTC_83b7a/fast && /Applications/Xcode.app/Contents/Developer/usr/bin/make  -f CMakeFiles/cmTC_83b7a.dir/build.make CMakeFiles/cmTC_83b7a.dir/build
Building C object CMakeFiles/cmTC_83b7a.dir/CheckFunctionExists.c.o
/usr/bin/cc   -ffunction-sections -fdata-sections -fPIC -arch arm64 -DCHECK_FUNCTION_EXISTS=png_set_tRNS_to_alpha -arch arm64 -isysroot /Applications/Xcode.app/Contents/Developer/Platforms/MacOSX.platform/Developer/SDKs/MacOSX12.3.sdk -MD -MT CMakeFiles/cmTC_83b7a.dir/CheckFunctionExists.c.o -MF CMakeFiles/cmTC_83b7a.dir/CheckFunctionExists.c.o.d -o CMakeFiles/cmTC_83b7a.dir/CheckFunctionExists.c.o -c /opt/homebrew/Cellar/cmake/3.23.3/share/cmake/Modules/CheckFunctionExists.c
Linking C executable cmTC_83b7a
/opt/homebrew/Cellar/cmake/3.23.3/bin/cmake -E cmake_link_script CMakeFiles/cmTC_83b7a.dir/link.txt --verbose=1
/usr/bin/cc  -ffunction-sections -fdata-sections -fPIC -arch arm64 -DCHECK_FUNCTION_EXISTS=png_set_tRNS_to_alpha -arch arm64 -isysroot /Applications/Xcode.app/Contents/Developer/Platforms/MacOSX.platform/Developer/SDKs/MacOSX12.3.sdk -Wl,-search_paths_first -Wl,-headerpad_max_install_names  -framework Cocoa  CMakeFiles/cmTC_83b7a.dir/CheckFunctionExists.c.o -o cmTC_83b7a  /opt/homebrew/lib/libpng.dylib 



Determining if the function strlcat exists passed with the following output:
Change Dir: /Users/macbookair/Desktop/Projects/copycat/copycat/popup/popup/target/release/build/fltk-sys-c3a6832f0b6e5225/out/build/CMakeFiles/CMakeTmp

Run Build Command(s):/usr/bin/make -f Makefile cmTC_b7543/fast && /Applications/Xcode.app/Contents/Developer/usr/bin/make  -f CMakeFiles/cmTC_b7543.dir/build.make CMakeFiles/cmTC_b7543.dir/build
Building C object CMakeFiles/cmTC_b7543.dir/CheckFunctionExists.c.o
/usr/bin/cc   -ffunction-sections -fdata-sections -fPIC -arch arm64 -DCHECK_FUNCTION_EXISTS=strlcat -arch arm64 -isysroot /Applications/Xcode.app/Contents/Developer/Platforms/MacOSX.platform/Developer/SDKs/MacOSX12.3.sdk -MD -MT CMakeFiles/cmTC_b7543.dir/CheckFunctionExists.c.o -MF CMakeFiles/cmTC_b7543.dir/CheckFunctionExists.c.o.d -o CMakeFiles/cmTC_b7543.dir/CheckFunctionExists.c.o -c /opt/homebrew/Cellar/cmake/3.23.3/share/cmake/Modules/CheckFunctionExists.c
/opt/homebrew/Cellar/cmake/3.23.3/share/cmake/Modules/CheckFunctionExists.c:7:3: warning: incompatible redeclaration of library function 'strlcat' [-Wincompatible-library-redeclaration]
  CHECK_FUNCTION_EXISTS(void);
  ^
<command line>:1:31: note: expanded from here
#define CHECK_FUNCTION_EXISTS strlcat
                              ^
/opt/homebrew/Cellar/cmake/3.23.3/share/cmake/Modules/CheckFunctionExists.c:7:3: note: 'strlcat' is a builtin with type 'unsigned long (char *, const char *, unsigned long)'
<command line>:1:31: note: expanded from here
#define CHECK_FUNCTION_EXISTS strlcat
                              ^
1 warning generated.
Linking C executable cmTC_b7543
/opt/homebrew/Cellar/cmake/3.23.3/bin/cmake -E cmake_link_script CMakeFiles/cmTC_b7543.dir/link.txt --verbose=1
/usr/bin/cc  -ffunction-sections -fdata-sections -fPIC -arch arm64 -DCHECK_FUNCTION_EXISTS=strlcat -arch arm64 -isysroot /Applications/Xcode.app/Contents/Developer/Platforms/MacOSX.platform/Developer/SDKs/MacOSX12.3.sdk -Wl,-search_paths_first -Wl,-headerpad_max_install_names  -framework Cocoa  CMakeFiles/cmTC_b7543.dir/CheckFunctionExists.c.o -o cmTC_b7543 



Determining if the function strlcpy exists passed with the following output:
Change Dir: /Users/macbookair/Desktop/Projects/copycat/copycat/popup/popup/target/release/build/fltk-sys-c3a6832f0b6e5225/out/build/CMakeFiles/CMakeTmp

Run Build Command(s):/usr/bin/make -f Makefile cmTC_94d5d/fast && /Applications/Xcode.app/Contents/Developer/usr/bin/make  -f CMakeFiles/cmTC_94d5d.dir/build.make CMakeFiles/cmTC_94d5d.dir/build
Building C object CMakeFiles/cmTC_94d5d.dir/CheckFunctionExists.c.o
/usr/bin/cc   -ffunction-sections -fdata-sections -fPIC -arch arm64 -DCHECK_FUNCTION_EXISTS=strlcpy -arch arm64 -isysroot /Applications/Xcode.app/Contents/Developer/Platforms/MacOSX.platform/Developer/SDKs/MacOSX12.3.sdk -MD -MT CMakeFiles/cmTC_94d5d.dir/CheckFunctionExists.c.o -MF CMakeFiles/cmTC_94d5d.dir/CheckFunctionExists.c.o.d -o CMakeFiles/cmTC_94d5d.dir/CheckFunctionExists.c.o -c /opt/homebrew/Cellar/cmake/3.23.3/share/cmake/Modules/CheckFunctionExists.c
/opt/homebrew/Cellar/cmake/3.23.3/share/cmake/Modules/CheckFunctionExists.c:7:3: warning: incompatible redeclaration of library function 'strlcpy' [-Wincompatible-library-redeclaration]
  CHECK_FUNCTION_EXISTS(void);
  ^
<command line>:1:31: note: expanded from here
#define CHECK_FUNCTION_EXISTS strlcpy
                              ^
/opt/homebrew/Cellar/cmake/3.23.3/share/cmake/Modules/CheckFunctionExists.c:7:3: note: 'strlcpy' is a builtin with type 'unsigned long (char *, const char *, unsigned long)'
<command line>:1:31: note: expanded from here
#define CHECK_FUNCTION_EXISTS strlcpy
                              ^
1 warning generated.
Linking C executable cmTC_94d5d
/opt/homebrew/Cellar/cmake/3.23.3/bin/cmake -E cmake_link_script CMakeFiles/cmTC_94d5d.dir/link.txt --verbose=1
/usr/bin/cc  -ffunction-sections -fdata-sections -fPIC -arch arm64 -DCHECK_FUNCTION_EXISTS=strlcpy -arch arm64 -isysroot /Applications/Xcode.app/Contents/Developer/Platforms/MacOSX.platform/Developer/SDKs/MacOSX12.3.sdk -Wl,-search_paths_first -Wl,-headerpad_max_install_names  -framework Cocoa  CMakeFiles/cmTC_94d5d.dir/CheckFunctionExists.c.o -o cmTC_94d5d 



Determining if the include file pthread.h exists passed with the following output:
Change Dir: /Users/macbookair/Desktop/Projects/copycat/copycat/popup/popup/target/release/build/fltk-sys-c3a6832f0b6e5225/out/build/CMakeFiles/CMakeTmp

Run Build Command(s):/usr/bin/make -f Makefile cmTC_1b648/fast && /Applications/Xcode.app/Contents/Developer/usr/bin/make  -f CMakeFiles/cmTC_1b648.dir/build.make CMakeFiles/cmTC_1b648.dir/build
Building C object CMakeFiles/cmTC_1b648.dir/CheckIncludeFile.c.o
/usr/bin/cc   -ffunction-sections -fdata-sections -fPIC -arch arm64  -arch arm64 -isysroot /Applications/Xcode.app/Contents/Developer/Platforms/MacOSX.platform/Developer/SDKs/MacOSX12.3.sdk -MD -MT CMakeFiles/cmTC_1b648.dir/CheckIncludeFile.c.o -MF CMakeFiles/cmTC_1b648.dir/CheckIncludeFile.c.o.d -o CMakeFiles/cmTC_1b648.dir/CheckIncludeFile.c.o -c /Users/macbookair/Desktop/Projects/copycat/copycat/popup/popup/target/release/build/fltk-sys-c3a6832f0b6e5225/out/build/CMakeFiles/CMakeTmp/CheckIncludeFile.c
Linking C executable cmTC_1b648
/opt/homebrew/Cellar/cmake/3.23.3/bin/cmake -E cmake_link_script CMakeFiles/cmTC_1b648.dir/link.txt --verbose=1
/usr/bin/cc  -ffunction-sections -fdata-sections -fPIC -arch arm64  -arch arm64 -isysroot /Applications/Xcode.app/Contents/Developer/Platforms/MacOSX.platform/Developer/SDKs/MacOSX12.3.sdk -Wl,-search_paths_first -Wl,-headerpad_max_install_names  -framework Cocoa  CMakeFiles/cmTC_1b648.dir/CheckIncludeFile.c.o -o cmTC_1b648 



Performing C SOURCE FILE Test CMAKE_HAVE_LIBC_PTHREAD succeeded with the following output:
Change Dir: /Users/macbookair/Desktop/Projects/copycat/copycat/popup/popup/target/release/build/fltk-sys-c3a6832f0b6e5225/out/build/CMakeFiles/CMakeTmp

Run Build Command(s):/usr/bin/make -f Makefile cmTC_bdb7f/fast && /Applications/Xcode.app/Contents/Developer/usr/bin/make  -f CMakeFiles/cmTC_bdb7f.dir/build.make CMakeFiles/cmTC_bdb7f.dir/build
Building C object CMakeFiles/cmTC_bdb7f.dir/src.c.o
/usr/bin/cc -DCMAKE_HAVE_LIBC_PTHREAD  -ffunction-sections -fdata-sections -fPIC -arch arm64  -arch arm64 -isysroot /Applications/Xcode.app/Contents/Developer/Platforms/MacOSX.platform/Developer/SDKs/MacOSX12.3.sdk -MD -MT CMakeFiles/cmTC_bdb7f.dir/src.c.o -MF CMakeFiles/cmTC_bdb7f.dir/src.c.o.d -o CMakeFiles/cmTC_bdb7f.dir/src.c.o -c /Users/macbookair/Desktop/Projects/copycat/copycat/popup/popup/target/release/build/fltk-sys-c3a6832f0b6e5225/out/build/CMakeFiles/CMakeTmp/src.c
Linking C executable cmTC_bdb7f
/opt/homebrew/Cellar/cmake/3.23.3/bin/cmake -E cmake_link_script CMakeFiles/cmTC_bdb7f.dir/link.txt --verbose=1
/usr/bin/cc  -ffunction-sections -fdata-sections -fPIC -arch arm64  -arch arm64 -isysroot /Applications/Xcode.app/Contents/Developer/Platforms/MacOSX.platform/Developer/SDKs/MacOSX12.3.sdk -Wl,-search_paths_first -Wl,-headerpad_max_install_names  -framework Cocoa  CMakeFiles/cmTC_bdb7f.dir/src.c.o -o cmTC_bdb7f 


Source file was:
#include <pthread.h>

static void* test_func(void* data)
{
  return data;
}

int main(void)
{
  pthread_t thread;
  pthread_create(&thread, NULL, test_func, NULL);
  pthread_detach(thread);
  pthread_cancel(thread);
  pthread_join(thread, NULL);
  pthread_atfork(NULL, NULL, NULL);
  pthread_exit(NULL);

  return 0;
}

